2020-10-29 18:48:51,027 - root - INFO - Namespace(K=10, O1_print_every=1, O2_print_every=1, O3_print_every=1, O4_print_every=1, auto_encoder_dim=9, batch_size=32, city_name='Nanjing', data_dir='datasets/', enterprise=['luckin coffee瑞幸咖啡', 'CoCo都可', '星巴克'], eps=1e-09, evaluate_every=1, gamma=8, grid_size_latitude_degree=0.005, grid_size_longitude_degree=0.005, lambda_1=1, lambda_2=0.5, lambda_3=0.5, lambda_4=0.025, lr=0.001, mess_dropout=0.1, n_epoch=100, print_every=1, save_dir='trained_model/Nanjing/source_area_coordinate118.735647-118.788862-32.042283-32.094942_target_area_coordinate118.735647-118.788862-32.042283-32.094942/', score_norm_max=400, seed=981125, source_area_coordinate=[118.735647, 118.788862, 32.042283, 32.094942], stopping_steps=10, target_area_coordinate=[118.771352, 118.823537, 32.013759, 32.060615], target_enterprise='星巴克')
2020-10-29 18:48:51,027 - root - INFO - --------------parse args and init done.
2020-10-29 18:48:53,217 - root - INFO - [1 /10]       load dianping data done.
2020-10-29 18:48:53,230 - root - INFO - [2 /10]       check enterprise and get small category set.
2020-10-29 18:48:53,230 - root - INFO - n_source_grid: 100, n_target_grid: 90
2020-10-29 18:48:53,230 - root - INFO - [3 /10]       split grid done.
2020-10-29 18:48:53,709 - root - INFO - [4 /10]       distribute data into grids done.
2020-10-29 18:48:53,709 - root - INFO - [5 /10]       generate rating matrix for Transfer Rating Prediction Model done.
2020-10-29 18:48:53,765 - root - INFO - [6 /10]       extract geographic features done.
2020-10-29 18:48:53,844 - root - INFO - [7 /10]       extract commercial features done.
2020-10-29 18:48:53,845 - root - INFO - [8 /10]       combine features done.
2020-10-29 18:48:53,907 - root - INFO - [9 /10]       get PCCS and generate delta set done.
2020-10-29 18:48:53,907 - root - INFO - [10/10]       generate training and testing index done.
2020-10-29 18:48:53,943 - root - INFO - --------------load data done.
2020-10-29 18:48:53,945 - root - INFO - CityTransfer(
  (auto_encoder): ModuleList(
    (0): AutoEncoder(
      (encoder): Sequential(
        (0): Linear(in_features=21, out_features=14, bias=True)
        (1): Tanh()
        (2): Linear(in_features=14, out_features=9, bias=True)
      )
      (decoder): Sequential(
        (0): Linear(in_features=9, out_features=14, bias=True)
        (1): Tanh()
        (2): Linear(in_features=14, out_features=21, bias=True)
      )
    )
    (1): AutoEncoder(
      (encoder): Sequential(
        (0): Linear(in_features=21, out_features=14, bias=True)
        (1): Tanh()
        (2): Linear(in_features=14, out_features=9, bias=True)
      )
      (decoder): Sequential(
        (0): Linear(in_features=9, out_features=14, bias=True)
        (1): Tanh()
        (2): Linear(in_features=14, out_features=21, bias=True)
      )
    )
  )
)
2020-10-29 18:48:53,945 - root - INFO - --------------construct model and optimizer done.
2020-10-29 18:48:53,945 - root - INFO - --------------initialize metrics done.
2020-10-29 18:48:53,945 - root - INFO - [!]-----------start training.
2020-10-29 18:48:53,952 - root - INFO - Training: Epoch 0000 / 0100 | Iter 0000 / 0003 | Time 0.0s | Iter Loss 2078.0876 | Iter Mean Loss 2078.0876
2020-10-29 18:48:53,960 - root - INFO - Training: Epoch 0000 / 0100 | Iter 0001 / 0003 | Time 0.0s | Iter Loss 1457.3003 | Iter Mean Loss 1767.6940
2020-10-29 18:48:53,967 - root - INFO - Training: Epoch 0000 / 0100 | Iter 0002 / 0003 | Time 0.0s | Iter Loss 1070.3811 | Iter Mean Loss 1535.2563
2020-10-29 18:48:53,974 - root - INFO - Training: Epoch 0000 / 0100 | Iter 0003 / 0003 | Time 0.0s | Iter Loss 785.0388 | Iter Mean Loss 1347.7020
2020-10-29 18:48:53,976 - root - INFO - Evaluate: Epoch 0000 | NDCG 0.0603 | MSE 10.2747
2020-10-29 18:48:53,982 - root - INFO - Training: Epoch 0001 / 0100 | Iter 0000 / 0003 | Time 0.0s | Iter Loss 1897.5382 | Iter Mean Loss 1897.5382
2020-10-29 18:48:53,989 - root - INFO - Training: Epoch 0001 / 0100 | Iter 0001 / 0003 | Time 0.0s | Iter Loss 1285.9603 | Iter Mean Loss 1591.7493
2020-10-29 18:48:53,995 - root - INFO - Training: Epoch 0001 / 0100 | Iter 0002 / 0003 | Time 0.0s | Iter Loss 924.2717 | Iter Mean Loss 1369.2568
2020-10-29 18:48:54,001 - root - INFO - Training: Epoch 0001 / 0100 | Iter 0003 / 0003 | Time 0.0s | Iter Loss 708.9879 | Iter Mean Loss 1204.1895
2020-10-29 18:48:54,004 - root - INFO - Evaluate: Epoch 0001 | NDCG 0.0520 | MSE 10.3064
2020-10-29 18:48:54,011 - root - INFO - Training: Epoch 0002 / 0100 | Iter 0000 / 0003 | Time 0.0s | Iter Loss 1754.2214 | Iter Mean Loss 1754.2214
2020-10-29 18:48:54,018 - root - INFO - Training: Epoch 0002 / 0100 | Iter 0001 / 0003 | Time 0.0s | Iter Loss 1148.8293 | Iter Mean Loss 1451.5254
2020-10-29 18:48:54,025 - root - INFO - Training: Epoch 0002 / 0100 | Iter 0002 / 0003 | Time 0.0s | Iter Loss 807.5162 | Iter Mean Loss 1236.8557
2020-10-29 18:48:54,030 - root - INFO - Training: Epoch 0002 / 0100 | Iter 0003 / 0003 | Time 0.0s | Iter Loss 647.0497 | Iter Mean Loss 1089.4042
2020-10-29 18:48:54,032 - root - INFO - Evaluate: Epoch 0002 | NDCG 0.0520 | MSE 10.3387
2020-10-29 18:48:54,039 - root - INFO - Training: Epoch 0003 / 0100 | Iter 0000 / 0003 | Time 0.0s | Iter Loss 1638.9526 | Iter Mean Loss 1638.9526
2020-10-29 18:48:54,047 - root - INFO - Training: Epoch 0003 / 0100 | Iter 0001 / 0003 | Time 0.0s | Iter Loss 1038.9635 | Iter Mean Loss 1338.9581
2020-10-29 18:48:54,054 - root - INFO - Training: Epoch 0003 / 0100 | Iter 0002 / 0003 | Time 0.0s | Iter Loss 714.6698 | Iter Mean Loss 1130.8620
2020-10-29 18:48:54,060 - root - INFO - Training: Epoch 0003 / 0100 | Iter 0003 / 0003 | Time 0.0s | Iter Loss 597.1431 | Iter Mean Loss 997.4323
2020-10-29 18:48:54,061 - root - INFO - Evaluate: Epoch 0003 | NDCG 0.0467 | MSE 10.3713
2020-10-29 18:48:54,068 - root - INFO - Training: Epoch 0004 / 0100 | Iter 0000 / 0003 | Time 0.0s | Iter Loss 1547.1490 | Iter Mean Loss 1547.1490
2020-10-29 18:48:54,075 - root - INFO - Training: Epoch 0004 / 0100 | Iter 0001 / 0003 | Time 0.0s | Iter Loss 951.9132 | Iter Mean Loss 1249.5311
2020-10-29 18:48:54,083 - root - INFO - Training: Epoch 0004 / 0100 | Iter 0002 / 0003 | Time 0.0s | Iter Loss 641.6710 | Iter Mean Loss 1046.9111
2020-10-29 18:48:54,089 - root - INFO - Training: Epoch 0004 / 0100 | Iter 0003 / 0003 | Time 0.0s | Iter Loss 557.3659 | Iter Mean Loss 924.5248
2020-10-29 18:48:54,090 - root - INFO - Evaluate: Epoch 0004 | NDCG 0.0430 | MSE 10.4037
2020-10-29 18:48:54,096 - root - INFO - Training: Epoch 0005 / 0100 | Iter 0000 / 0003 | Time 0.0s | Iter Loss 1474.8236 | Iter Mean Loss 1474.8236
2020-10-29 18:48:54,103 - root - INFO - Training: Epoch 0005 / 0100 | Iter 0001 / 0003 | Time 0.0s | Iter Loss 883.7047 | Iter Mean Loss 1179.2642
2020-10-29 18:48:54,109 - root - INFO - Training: Epoch 0005 / 0100 | Iter 0002 / 0003 | Time 0.0s | Iter Loss 584.9653 | Iter Mean Loss 981.1646
2020-10-29 18:48:54,114 - root - INFO - Training: Epoch 0005 / 0100 | Iter 0003 / 0003 | Time 0.0s | Iter Loss 525.9285 | Iter Mean Loss 867.3555
2020-10-29 18:48:54,116 - root - INFO - Evaluate: Epoch 0005 | NDCG 0.0402 | MSE 10.4354
2020-10-29 18:48:54,122 - root - INFO - Training: Epoch 0006 / 0100 | Iter 0000 / 0003 | Time 0.0s | Iter Loss 1418.4535 | Iter Mean Loss 1418.4535
2020-10-29 18:48:54,130 - root - INFO - Training: Epoch 0006 / 0100 | Iter 0001 / 0003 | Time 0.0s | Iter Loss 830.8525 | Iter Mean Loss 1124.6530
2020-10-29 18:48:54,137 - root - INFO - Training: Epoch 0006 / 0100 | Iter 0002 / 0003 | Time 0.0s | Iter Loss 541.5154 | Iter Mean Loss 930.2738
2020-10-29 18:48:54,143 - root - INFO - Training: Epoch 0006 / 0100 | Iter 0003 / 0003 | Time 0.0s | Iter Loss 501.2412 | Iter Mean Loss 823.0157
2020-10-29 18:48:54,145 - root - INFO - Evaluate: Epoch 0006 | NDCG 0.0402 | MSE 10.4658
2020-10-29 18:48:54,153 - root - INFO - Training: Epoch 0007 / 0100 | Iter 0000 / 0003 | Time 0.0s | Iter Loss 1374.9633 | Iter Mean Loss 1374.9633
2020-10-29 18:48:54,161 - root - INFO - Training: Epoch 0007 / 0100 | Iter 0001 / 0003 | Time 0.0s | Iter Loss 790.2744 | Iter Mean Loss 1082.6188
2020-10-29 18:48:54,168 - root - INFO - Training: Epoch 0007 / 0100 | Iter 0002 / 0003 | Time 0.0s | Iter Loss 508.6347 | Iter Mean Loss 891.2908
2020-10-29 18:48:54,174 - root - INFO - Training: Epoch 0007 / 0100 | Iter 0003 / 0003 | Time 0.0s | Iter Loss 481.8563 | Iter Mean Loss 788.9322
2020-10-29 18:48:54,176 - root - INFO - Evaluate: Epoch 0007 | NDCG 0.0402 | MSE 10.4942
2020-10-29 18:48:54,183 - root - INFO - Training: Epoch 0008 / 0100 | Iter 0000 / 0003 | Time 0.0s | Iter Loss 1341.5176 | Iter Mean Loss 1341.5176
2020-10-29 18:48:54,190 - root - INFO - Training: Epoch 0008 / 0100 | Iter 0001 / 0003 | Time 0.0s | Iter Loss 759.0914 | Iter Mean Loss 1050.3045
2020-10-29 18:48:54,197 - root - INFO - Training: Epoch 0008 / 0100 | Iter 0002 / 0003 | Time 0.0s | Iter Loss 483.7946 | Iter Mean Loss 861.4679
2020-10-29 18:48:54,204 - root - INFO - Training: Epoch 0008 / 0100 | Iter 0003 / 0003 | Time 0.0s | Iter Loss 466.4183 | Iter Mean Loss 762.7055
2020-10-29 18:48:54,206 - root - INFO - Evaluate: Epoch 0008 | NDCG 0.0402 | MSE 10.5202
2020-10-29 18:48:54,212 - root - INFO - Training: Epoch 0009 / 0100 | Iter 0000 / 0003 | Time 0.0s | Iter Loss 1315.4391 | Iter Mean Loss 1315.4391
2020-10-29 18:48:54,220 - root - INFO - Training: Epoch 0009 / 0100 | Iter 0001 / 0003 | Time 0.0s | Iter Loss 734.6091 | Iter Mean Loss 1025.0241
2020-10-29 18:48:54,226 - root - INFO - Training: Epoch 0009 / 0100 | Iter 0002 / 0003 | Time 0.0s | Iter Loss 464.6332 | Iter Mean Loss 838.2272
2020-10-29 18:48:54,231 - root - INFO - Training: Epoch 0009 / 0100 | Iter 0003 / 0003 | Time 0.0s | Iter Loss 453.7119 | Iter Mean Loss 742.0983
2020-10-29 18:48:54,234 - root - INFO - Evaluate: Epoch 0009 | NDCG 0.0000 | MSE 10.5435
2020-10-29 18:48:54,241 - root - INFO - Training: Epoch 0010 / 0100 | Iter 0000 / 0003 | Time 0.0s | Iter Loss 1294.3445 | Iter Mean Loss 1294.3445
2020-10-29 18:48:54,247 - root - INFO - Training: Epoch 0010 / 0100 | Iter 0001 / 0003 | Time 0.0s | Iter Loss 714.5009 | Iter Mean Loss 1004.4227
2020-10-29 18:48:54,253 - root - INFO - Training: Epoch 0010 / 0100 | Iter 0002 / 0003 | Time 0.0s | Iter Loss 449.1339 | Iter Mean Loss 819.3264
2020-10-29 18:48:54,259 - root - INFO - Training: Epoch 0010 / 0100 | Iter 0003 / 0003 | Time 0.0s | Iter Loss 442.7567 | Iter Mean Loss 725.1840
2020-10-29 18:48:54,261 - root - INFO - Evaluate: Epoch 0010 | NDCG 0.0000 | MSE 10.5639
2020-10-29 18:48:54,269 - root - INFO - Training: Epoch 0011 / 0100 | Iter 0000 / 0003 | Time 0.0s | Iter Loss 1276.3506 | Iter Mean Loss 1276.3506
2020-10-29 18:48:54,276 - root - INFO - Training: Epoch 0011 / 0100 | Iter 0001 / 0003 | Time 0.0s | Iter Loss 697.0012 | Iter Mean Loss 986.6759
2020-10-29 18:48:54,284 - root - INFO - Training: Epoch 0011 / 0100 | Iter 0002 / 0003 | Time 0.0s | Iter Loss 435.7905 | Iter Mean Loss 803.0474
2020-10-29 18:48:54,290 - root - INFO - Training: Epoch 0011 / 0100 | Iter 0003 / 0003 | Time 0.0s | Iter Loss 432.8571 | Iter Mean Loss 710.4999
2020-10-29 18:48:54,291 - root - INFO - Evaluate: Epoch 0011 | NDCG 0.0000 | MSE 10.5814
2020-10-29 18:48:54,300 - root - INFO - Training: Epoch 0012 / 0100 | Iter 0000 / 0003 | Time 0.0s | Iter Loss 1260.1660 | Iter Mean Loss 1260.1660
2020-10-29 18:48:54,312 - root - INFO - Training: Epoch 0012 / 0100 | Iter 0001 / 0003 | Time 0.0s | Iter Loss 680.9528 | Iter Mean Loss 970.5594
2020-10-29 18:48:54,320 - root - INFO - Training: Epoch 0012 / 0100 | Iter 0002 / 0003 | Time 0.0s | Iter Loss 423.6318 | Iter Mean Loss 788.2502
2020-10-29 18:48:54,328 - root - INFO - Training: Epoch 0012 / 0100 | Iter 0003 / 0003 | Time 0.0s | Iter Loss 423.5754 | Iter Mean Loss 697.0815
2020-10-29 18:48:54,330 - root - INFO - Evaluate: Epoch 0012 | NDCG 0.0000 | MSE 10.5962
2020-10-29 18:48:54,337 - root - INFO - Training: Epoch 0013 / 0100 | Iter 0000 / 0003 | Time 0.0s | Iter Loss 1245.0225 | Iter Mean Loss 1245.0225
2020-10-29 18:48:54,346 - root - INFO - Training: Epoch 0013 / 0100 | Iter 0001 / 0003 | Time 0.0s | Iter Loss 665.7051 | Iter Mean Loss 955.3638
2020-10-29 18:48:54,354 - root - INFO - Training: Epoch 0013 / 0100 | Iter 0002 / 0003 | Time 0.0s | Iter Loss 412.1246 | Iter Mean Loss 774.2840
2020-10-29 18:48:54,363 - root - INFO - Training: Epoch 0013 / 0100 | Iter 0003 / 0003 | Time 0.0s | Iter Loss 414.6634 | Iter Mean Loss 684.3789
2020-10-29 18:48:54,366 - root - INFO - Evaluate: Epoch 0013 | NDCG 0.0000 | MSE 10.6084
2020-10-29 18:48:54,374 - root - INFO - Training: Epoch 0014 / 0100 | Iter 0000 / 0003 | Time 0.0s | Iter Loss 1230.5295 | Iter Mean Loss 1230.5295
2020-10-29 18:48:54,385 - root - INFO - Training: Epoch 0014 / 0100 | Iter 0001 / 0003 | Time 0.0s | Iter Loss 650.9597 | Iter Mean Loss 940.7446
2020-10-29 18:48:54,398 - root - INFO - Training: Epoch 0014 / 0100 | Iter 0002 / 0003 | Time 0.0s | Iter Loss 401.0382 | Iter Mean Loss 760.8425
2020-10-29 18:48:54,406 - root - INFO - Training: Epoch 0014 / 0100 | Iter 0003 / 0003 | Time 0.0s | Iter Loss 405.9980 | Iter Mean Loss 672.1314
2020-10-29 18:48:54,409 - root - INFO - Evaluate: Epoch 0014 | NDCG 0.0000 | MSE 10.6184
2020-10-29 18:48:54,418 - root - INFO - Training: Epoch 0015 / 0100 | Iter 0000 / 0003 | Time 0.0s | Iter Loss 1216.5352 | Iter Mean Loss 1216.5352
2020-10-29 18:48:54,426 - root - INFO - Training: Epoch 0015 / 0100 | Iter 0001 / 0003 | Time 0.0s | Iter Loss 636.6337 | Iter Mean Loss 926.5844
2020-10-29 18:48:54,434 - root - INFO - Training: Epoch 0015 / 0100 | Iter 0002 / 0003 | Time 0.0s | Iter Loss 390.3271 | Iter Mean Loss 747.8320
2020-10-29 18:48:54,441 - root - INFO - Training: Epoch 0015 / 0100 | Iter 0003 / 0003 | Time 0.0s | Iter Loss 397.5325 | Iter Mean Loss 660.2571
2020-10-29 18:48:54,446 - root - INFO - Evaluate: Epoch 0015 | NDCG 0.0000 | MSE 10.6267
2020-10-29 18:48:54,455 - root - INFO - Training: Epoch 0016 / 0100 | Iter 0000 / 0003 | Time 0.0s | Iter Loss 1203.0214 | Iter Mean Loss 1203.0214
2020-10-29 18:48:54,464 - root - INFO - Training: Epoch 0016 / 0100 | Iter 0001 / 0003 | Time 0.0s | Iter Loss 622.7578 | Iter Mean Loss 912.8896
2020-10-29 18:48:54,470 - root - INFO - Training: Epoch 0016 / 0100 | Iter 0002 / 0003 | Time 0.0s | Iter Loss 380.0404 | Iter Mean Loss 735.2732
2020-10-29 18:48:54,476 - root - INFO - Training: Epoch 0016 / 0100 | Iter 0003 / 0003 | Time 0.0s | Iter Loss 389.2625 | Iter Mean Loss 648.7705
2020-10-29 18:48:54,478 - root - INFO - Evaluate: Epoch 0016 | NDCG 0.0000 | MSE 10.6337
2020-10-29 18:48:54,484 - root - INFO - Training: Epoch 0017 / 0100 | Iter 0000 / 0003 | Time 0.0s | Iter Loss 1190.0287 | Iter Mean Loss 1190.0287
2020-10-29 18:48:54,491 - root - INFO - Training: Epoch 0017 / 0100 | Iter 0001 / 0003 | Time 0.0s | Iter Loss 609.4041 | Iter Mean Loss 899.7164
2020-10-29 18:48:54,499 - root - INFO - Training: Epoch 0017 / 0100 | Iter 0002 / 0003 | Time 0.0s | Iter Loss 370.2562 | Iter Mean Loss 723.2296
2020-10-29 18:48:54,505 - root - INFO - Training: Epoch 0017 / 0100 | Iter 0003 / 0003 | Time 0.0s | Iter Loss 381.2007 | Iter Mean Loss 637.7224
2020-10-29 18:48:54,507 - root - INFO - Evaluate: Epoch 0017 | NDCG 0.0000 | MSE 10.6395
2020-10-29 18:48:54,515 - root - INFO - Training: Epoch 0018 / 0100 | Iter 0000 / 0003 | Time 0.0s | Iter Loss 1177.6052 | Iter Mean Loss 1177.6052
2020-10-29 18:48:54,522 - root - INFO - Training: Epoch 0018 / 0100 | Iter 0001 / 0003 | Time 0.0s | Iter Loss 596.6359 | Iter Mean Loss 887.1206
2020-10-29 18:48:54,528 - root - INFO - Training: Epoch 0018 / 0100 | Iter 0002 / 0003 | Time 0.0s | Iter Loss 361.0359 | Iter Mean Loss 711.7590
2020-10-29 18:48:54,534 - root - INFO - Training: Epoch 0018 / 0100 | Iter 0003 / 0003 | Time 0.0s | Iter Loss 373.3593 | Iter Mean Loss 627.1591
2020-10-29 18:48:54,535 - root - INFO - Evaluate: Epoch 0018 | NDCG 0.0000 | MSE 10.6445
2020-10-29 18:48:54,542 - root - INFO - Training: Epoch 0019 / 0100 | Iter 0000 / 0003 | Time 0.0s | Iter Loss 1165.7742 | Iter Mean Loss 1165.7742
2020-10-29 18:48:54,548 - root - INFO - Training: Epoch 0019 / 0100 | Iter 0001 / 0003 | Time 0.0s | Iter Loss 584.4814 | Iter Mean Loss 875.1278
2020-10-29 18:48:54,555 - root - INFO - Training: Epoch 0019 / 0100 | Iter 0002 / 0003 | Time 0.0s | Iter Loss 352.4053 | Iter Mean Loss 700.8869
2020-10-29 18:48:54,562 - root - INFO - Training: Epoch 0019 / 0100 | Iter 0003 / 0003 | Time 0.0s | Iter Loss 365.7417 | Iter Mean Loss 617.1006
2020-10-29 18:48:54,563 - root - INFO - Evaluate: Epoch 0019 | NDCG 0.0000 | MSE 10.6485
2020-10-29 18:48:54,571 - root - INFO - Training: Epoch 0020 / 0100 | Iter 0000 / 0003 | Time 0.0s | Iter Loss 1154.5280 | Iter Mean Loss 1154.5280
2020-10-29 18:48:54,578 - root - INFO - Training: Epoch 0020 / 0100 | Iter 0001 / 0003 | Time 0.0s | Iter Loss 572.9319 | Iter Mean Loss 863.7299
2020-10-29 18:48:54,585 - root - INFO - Training: Epoch 0020 / 0100 | Iter 0002 / 0003 | Time 0.0s | Iter Loss 344.3544 | Iter Mean Loss 690.6048
2020-10-29 18:48:54,592 - root - INFO - Training: Epoch 0020 / 0100 | Iter 0003 / 0003 | Time 0.0s | Iter Loss 358.3433 | Iter Mean Loss 607.5394
2020-10-29 18:48:54,594 - root - INFO - Evaluate: Epoch 0020 | NDCG 0.0000 | MSE 10.6516
2020-10-29 18:48:54,601 - root - INFO - Training: Epoch 0021 / 0100 | Iter 0000 / 0003 | Time 0.0s | Iter Loss 1143.8362 | Iter Mean Loss 1143.8362
2020-10-29 18:48:54,608 - root - INFO - Training: Epoch 0021 / 0100 | Iter 0001 / 0003 | Time 0.0s | Iter Loss 561.9551 | Iter Mean Loss 852.8956
2020-10-29 18:48:54,615 - root - INFO - Training: Epoch 0021 / 0100 | Iter 0002 / 0003 | Time 0.0s | Iter Loss 336.8520 | Iter Mean Loss 680.8811
2020-10-29 18:48:54,621 - root - INFO - Training: Epoch 0021 / 0100 | Iter 0003 / 0003 | Time 0.0s | Iter Loss 351.1560 | Iter Mean Loss 598.4498
2020-10-29 18:48:54,623 - root - INFO - Evaluate: Epoch 0021 | NDCG 0.0000 | MSE 10.6536
2020-10-29 18:48:54,630 - root - INFO - Training: Epoch 0022 / 0100 | Iter 0000 / 0003 | Time 0.0s | Iter Loss 1133.6606 | Iter Mean Loss 1133.6606
2020-10-29 18:48:54,638 - root - INFO - Training: Epoch 0022 / 0100 | Iter 0001 / 0003 | Time 0.0s | Iter Loss 551.5110 | Iter Mean Loss 842.5858
2020-10-29 18:48:54,645 - root - INFO - Training: Epoch 0022 / 0100 | Iter 0002 / 0003 | Time 0.0s | Iter Loss 329.8595 | Iter Mean Loss 671.6770
2020-10-29 18:48:54,651 - root - INFO - Training: Epoch 0022 / 0100 | Iter 0003 / 0003 | Time 0.0s | Iter Loss 344.1744 | Iter Mean Loss 589.8014
2020-10-29 18:48:54,652 - root - INFO - Evaluate: Epoch 0022 | NDCG 0.0000 | MSE 10.6544
2020-10-29 18:48:54,660 - root - INFO - Training: Epoch 0023 / 0100 | Iter 0000 / 0003 | Time 0.0s | Iter Loss 1123.9670 | Iter Mean Loss 1123.9670
2020-10-29 18:48:54,668 - root - INFO - Training: Epoch 0023 / 0100 | Iter 0001 / 0003 | Time 0.0s | Iter Loss 541.5641 | Iter Mean Loss 832.7656
2020-10-29 18:48:54,676 - root - INFO - Training: Epoch 0023 / 0100 | Iter 0002 / 0003 | Time 0.0s | Iter Loss 323.3416 | Iter Mean Loss 662.9576
2020-10-29 18:48:54,683 - root - INFO - Training: Epoch 0023 / 0100 | Iter 0003 / 0003 | Time 0.0s | Iter Loss 337.3997 | Iter Mean Loss 581.5681
2020-10-29 18:48:54,685 - root - INFO - Evaluate: Epoch 0023 | NDCG 0.0000 | MSE 10.6540
2020-10-29 18:48:54,692 - root - INFO - Training: Epoch 0024 / 0100 | Iter 0000 / 0003 | Time 0.0s | Iter Loss 1114.7295 | Iter Mean Loss 1114.7295
2020-10-29 18:48:54,700 - root - INFO - Training: Epoch 0024 / 0100 | Iter 0001 / 0003 | Time 0.0s | Iter Loss 532.0874 | Iter Mean Loss 823.4084
2020-10-29 18:48:54,706 - root - INFO - Training: Epoch 0024 / 0100 | Iter 0002 / 0003 | Time 0.0s | Iter Loss 317.2677 | Iter Mean Loss 654.6949
2020-10-29 18:48:54,711 - root - INFO - Training: Epoch 0024 / 0100 | Iter 0003 / 0003 | Time 0.0s | Iter Loss 330.8400 | Iter Mean Loss 573.7311
2020-10-29 18:48:54,713 - root - INFO - Evaluate: Epoch 0024 | NDCG 0.0000 | MSE 10.6523
2020-10-29 18:48:54,719 - root - INFO - Training: Epoch 0025 / 0100 | Iter 0000 / 0003 | Time 0.0s | Iter Loss 1105.9291 | Iter Mean Loss 1105.9291
2020-10-29 18:48:54,726 - root - INFO - Training: Epoch 0025 / 0100 | Iter 0001 / 0003 | Time 0.0s | Iter Loss 523.0613 | Iter Mean Loss 814.4952
2020-10-29 18:48:54,732 - root - INFO - Training: Epoch 0025 / 0100 | Iter 0002 / 0003 | Time 0.0s | Iter Loss 311.6119 | Iter Mean Loss 646.8674
2020-10-29 18:48:54,738 - root - INFO - Training: Epoch 0025 / 0100 | Iter 0003 / 0003 | Time 0.0s | Iter Loss 324.5103 | Iter Mean Loss 566.2782
2020-10-29 18:48:54,739 - root - INFO - Evaluate: Epoch 0025 | NDCG 0.0000 | MSE 10.6491
2020-10-29 18:48:54,747 - root - INFO - Training: Epoch 0026 / 0100 | Iter 0000 / 0003 | Time 0.0s | Iter Loss 1097.5535 | Iter Mean Loss 1097.5535
2020-10-29 18:48:54,755 - root - INFO - Training: Epoch 0026 / 0100 | Iter 0001 / 0003 | Time 0.0s | Iter Loss 514.4725 | Iter Mean Loss 806.0130
2020-10-29 18:48:54,762 - root - INFO - Training: Epoch 0026 / 0100 | Iter 0002 / 0003 | Time 0.0s | Iter Loss 306.3513 | Iter Mean Loss 639.4591
2020-10-29 18:48:54,768 - root - INFO - Training: Epoch 0026 / 0100 | Iter 0003 / 0003 | Time 0.0s | Iter Loss 318.4310 | Iter Mean Loss 559.2021
2020-10-29 18:48:54,770 - root - INFO - Evaluate: Epoch 0026 | NDCG 0.0000 | MSE 10.6443
2020-10-29 18:48:54,777 - root - INFO - Training: Epoch 0027 / 0100 | Iter 0000 / 0003 | Time 0.0s | Iter Loss 1089.5940 | Iter Mean Loss 1089.5940
2020-10-29 18:48:54,784 - root - INFO - Training: Epoch 0027 / 0100 | Iter 0001 / 0003 | Time 0.0s | Iter Loss 506.3129 | Iter Mean Loss 797.9534
2020-10-29 18:48:54,791 - root - INFO - Training: Epoch 0027 / 0100 | Iter 0002 / 0003 | Time 0.0s | Iter Loss 301.4671 | Iter Mean Loss 632.4580
2020-10-29 18:48:54,798 - root - INFO - Training: Epoch 0027 / 0100 | Iter 0003 / 0003 | Time 0.0s | Iter Loss 312.6255 | Iter Mean Loss 552.4999
2020-10-29 18:48:54,800 - root - INFO - Evaluate: Epoch 0027 | NDCG 0.0000 | MSE 10.6379
2020-10-29 18:48:54,808 - root - INFO - Training: Epoch 0028 / 0100 | Iter 0000 / 0003 | Time 0.0s | Iter Loss 1082.0466 | Iter Mean Loss 1082.0466
2020-10-29 18:48:54,814 - root - INFO - Training: Epoch 0028 / 0100 | Iter 0001 / 0003 | Time 0.0s | Iter Loss 498.5797 | Iter Mean Loss 790.3132
2020-10-29 18:48:54,821 - root - INFO - Training: Epoch 0028 / 0100 | Iter 0002 / 0003 | Time 0.0s | Iter Loss 296.9441 | Iter Mean Loss 625.8568
2020-10-29 18:48:54,827 - root - INFO - Training: Epoch 0028 / 0100 | Iter 0003 / 0003 | Time 0.0s | Iter Loss 307.1178 | Iter Mean Loss 546.1721
2020-10-29 18:48:54,829 - root - INFO - Evaluate: Epoch 0028 | NDCG 0.0000 | MSE 10.6297
2020-10-29 18:48:54,836 - root - INFO - Training: Epoch 0029 / 0100 | Iter 0000 / 0003 | Time 0.0s | Iter Loss 1074.9075 | Iter Mean Loss 1074.9075
2020-10-29 18:48:54,844 - root - INFO - Training: Epoch 0029 / 0100 | Iter 0001 / 0003 | Time 0.0s | Iter Loss 491.2735 | Iter Mean Loss 783.0905
2020-10-29 18:48:54,851 - root - INFO - Training: Epoch 0029 / 0100 | Iter 0002 / 0003 | Time 0.0s | Iter Loss 292.7710 | Iter Mean Loss 619.6507
2020-10-29 18:48:54,858 - root - INFO - Training: Epoch 0029 / 0100 | Iter 0003 / 0003 | Time 0.0s | Iter Loss 301.9299 | Iter Mean Loss 540.2205
2020-10-29 18:48:54,860 - root - INFO - Evaluate: Epoch 0029 | NDCG 0.0053 | MSE 10.6197
2020-10-29 18:48:54,868 - root - INFO - Training: Epoch 0030 / 0100 | Iter 0000 / 0003 | Time 0.0s | Iter Loss 1068.1722 | Iter Mean Loss 1068.1722
2020-10-29 18:48:54,875 - root - INFO - Training: Epoch 0030 / 0100 | Iter 0001 / 0003 | Time 0.0s | Iter Loss 484.3965 | Iter Mean Loss 776.2844
2020-10-29 18:48:54,882 - root - INFO - Training: Epoch 0030 / 0100 | Iter 0002 / 0003 | Time 0.0s | Iter Loss 288.9383 | Iter Mean Loss 613.8357
2020-10-29 18:48:54,888 - root - INFO - Training: Epoch 0030 / 0100 | Iter 0003 / 0003 | Time 0.0s | Iter Loss 297.0790 | Iter Mean Loss 534.6465
2020-10-29 18:48:54,890 - root - INFO - Evaluate: Epoch 0030 | NDCG 0.0061 | MSE 10.6079
2020-10-29 18:48:54,897 - root - INFO - Training: Epoch 0031 / 0100 | Iter 0000 / 0003 | Time 0.0s | Iter Loss 1061.8320 | Iter Mean Loss 1061.8320
2020-10-29 18:48:54,903 - root - INFO - Training: Epoch 0031 / 0100 | Iter 0001 / 0003 | Time 0.0s | Iter Loss 477.9497 | Iter Mean Loss 769.8909
2020-10-29 18:48:54,910 - root - INFO - Training: Epoch 0031 / 0100 | Iter 0002 / 0003 | Time 0.0s | Iter Loss 285.4362 | Iter Mean Loss 608.4060
2020-10-29 18:48:54,917 - root - INFO - Training: Epoch 0031 / 0100 | Iter 0003 / 0003 | Time 0.0s | Iter Loss 292.5754 | Iter Mean Loss 529.4483
2020-10-29 18:48:54,918 - root - INFO - Evaluate: Epoch 0031 | NDCG 0.0061 | MSE 10.5943
2020-10-29 18:48:54,925 - root - INFO - Training: Epoch 0032 / 0100 | Iter 0000 / 0003 | Time 0.0s | Iter Loss 1055.8726 | Iter Mean Loss 1055.8726
2020-10-29 18:48:54,931 - root - INFO - Training: Epoch 0032 / 0100 | Iter 0001 / 0003 | Time 0.0s | Iter Loss 471.9303 | Iter Mean Loss 763.9014
2020-10-29 18:48:54,938 - root - INFO - Training: Epoch 0032 / 0100 | Iter 0002 / 0003 | Time 0.0s | Iter Loss 282.2527 | Iter Mean Loss 603.3518
2020-10-29 18:48:54,943 - root - INFO - Training: Epoch 0032 / 0100 | Iter 0003 / 0003 | Time 0.0s | Iter Loss 288.4208 | Iter Mean Loss 524.6191
2020-10-29 18:48:54,945 - root - INFO - Evaluate: Epoch 0032 | NDCG 0.0061 | MSE 10.5791
2020-10-29 18:48:54,951 - root - INFO - Training: Epoch 0033 / 0100 | Iter 0000 / 0003 | Time 0.0s | Iter Loss 1050.2717 | Iter Mean Loss 1050.2717
2020-10-29 18:48:54,957 - root - INFO - Training: Epoch 0033 / 0100 | Iter 0001 / 0003 | Time 0.0s | Iter Loss 466.3281 | Iter Mean Loss 758.2999
2020-10-29 18:48:54,963 - root - INFO - Training: Epoch 0033 / 0100 | Iter 0002 / 0003 | Time 0.0s | Iter Loss 279.3705 | Iter Mean Loss 598.6568
2020-10-29 18:48:54,970 - root - INFO - Training: Epoch 0033 / 0100 | Iter 0003 / 0003 | Time 0.0s | Iter Loss 284.6063 | Iter Mean Loss 520.1442
2020-10-29 18:48:54,972 - root - INFO - Evaluate: Epoch 0033 | NDCG 0.0061 | MSE 10.5625
2020-10-29 18:48:54,978 - root - INFO - Training: Epoch 0034 / 0100 | Iter 0000 / 0003 | Time 0.0s | Iter Loss 1044.9977 | Iter Mean Loss 1044.9977
2020-10-29 18:48:54,984 - root - INFO - Training: Epoch 0034 / 0100 | Iter 0001 / 0003 | Time 0.0s | Iter Loss 461.1233 | Iter Mean Loss 753.0605
2020-10-29 18:48:54,992 - root - INFO - Training: Epoch 0034 / 0100 | Iter 0002 / 0003 | Time 0.0s | Iter Loss 276.7663 | Iter Mean Loss 594.2958
2020-10-29 18:48:54,999 - root - INFO - Training: Epoch 0034 / 0100 | Iter 0003 / 0003 | Time 0.0s | Iter Loss 281.1120 | Iter Mean Loss 515.9998
2020-10-29 18:48:55,000 - root - INFO - Evaluate: Epoch 0034 | NDCG 0.0061 | MSE 10.5444
2020-10-29 18:48:55,009 - root - INFO - Training: Epoch 0035 / 0100 | Iter 0000 / 0003 | Time 0.0s | Iter Loss 1040.0095 | Iter Mean Loss 1040.0095
2020-10-29 18:48:55,016 - root - INFO - Training: Epoch 0035 / 0100 | Iter 0001 / 0003 | Time 0.0s | Iter Loss 456.2852 | Iter Mean Loss 748.1474
2020-10-29 18:48:55,023 - root - INFO - Training: Epoch 0035 / 0100 | Iter 0002 / 0003 | Time 0.0s | Iter Loss 274.4098 | Iter Mean Loss 590.2349
2020-10-29 18:48:55,029 - root - INFO - Training: Epoch 0035 / 0100 | Iter 0003 / 0003 | Time 0.0s | Iter Loss 277.9070 | Iter Mean Loss 512.1529
2020-10-29 18:48:55,031 - root - INFO - Evaluate: Epoch 0035 | NDCG 0.0061 | MSE 10.5252
2020-10-29 18:48:55,037 - root - INFO - Training: Epoch 0036 / 0100 | Iter 0000 / 0003 | Time 0.0s | Iter Loss 1035.2588 | Iter Mean Loss 1035.2588
2020-10-29 18:48:55,045 - root - INFO - Training: Epoch 0036 / 0100 | Iter 0001 / 0003 | Time 0.0s | Iter Loss 451.7733 | Iter Mean Loss 743.5160
2020-10-29 18:48:55,052 - root - INFO - Training: Epoch 0036 / 0100 | Iter 0002 / 0003 | Time 0.0s | Iter Loss 272.2651 | Iter Mean Loss 586.4324
2020-10-29 18:48:55,058 - root - INFO - Training: Epoch 0036 / 0100 | Iter 0003 / 0003 | Time 0.0s | Iter Loss 274.9518 | Iter Mean Loss 508.5623
2020-10-29 18:48:55,061 - root - INFO - Evaluate: Epoch 0036 | NDCG 0.0662 | MSE 10.5050
2020-10-29 18:48:55,067 - root - INFO - Training: Epoch 0037 / 0100 | Iter 0000 / 0003 | Time 0.0s | Iter Loss 1030.6915 | Iter Mean Loss 1030.6915
2020-10-29 18:48:55,075 - root - INFO - Training: Epoch 0037 / 0100 | Iter 0001 / 0003 | Time 0.0s | Iter Loss 447.5391 | Iter Mean Loss 739.1153
2020-10-29 18:48:55,082 - root - INFO - Training: Epoch 0037 / 0100 | Iter 0002 / 0003 | Time 0.0s | Iter Loss 270.2932 | Iter Mean Loss 582.8413
2020-10-29 18:48:55,089 - root - INFO - Training: Epoch 0037 / 0100 | Iter 0003 / 0003 | Time 0.0s | Iter Loss 272.2011 | Iter Mean Loss 505.1812
2020-10-29 18:48:55,091 - root - INFO - Evaluate: Epoch 0037 | NDCG 0.0662 | MSE 10.4838
2020-10-29 18:48:55,099 - root - INFO - Training: Epoch 0038 / 0100 | Iter 0000 / 0003 | Time 0.0s | Iter Loss 1026.2517 | Iter Mean Loss 1026.2517
2020-10-29 18:48:55,106 - root - INFO - Training: Epoch 0038 / 0100 | Iter 0001 / 0003 | Time 0.0s | Iter Loss 443.5307 | Iter Mean Loss 734.8912
2020-10-29 18:48:55,115 - root - INFO - Training: Epoch 0038 / 0100 | Iter 0002 / 0003 | Time 0.0s | Iter Loss 268.4541 | Iter Mean Loss 579.4122
2020-10-29 18:48:55,121 - root - INFO - Training: Epoch 0038 / 0100 | Iter 0003 / 0003 | Time 0.0s | Iter Loss 269.6079 | Iter Mean Loss 501.9611
2020-10-29 18:48:55,122 - root - INFO - Evaluate: Epoch 0038 | NDCG 0.1365 | MSE 10.4620
2020-10-29 18:48:55,129 - root - INFO - Training: Epoch 0039 / 0100 | Iter 0000 / 0003 | Time 0.0s | Iter Loss 1021.8861 | Iter Mean Loss 1021.8861
2020-10-29 18:48:55,135 - root - INFO - Training: Epoch 0039 / 0100 | Iter 0001 / 0003 | Time 0.0s | Iter Loss 439.6958 | Iter Mean Loss 730.7910
2020-10-29 18:48:55,141 - root - INFO - Training: Epoch 0039 / 0100 | Iter 0002 / 0003 | Time 0.0s | Iter Loss 266.7106 | Iter Mean Loss 576.0975
2020-10-29 18:48:55,147 - root - INFO - Training: Epoch 0039 / 0100 | Iter 0003 / 0003 | Time 0.0s | Iter Loss 267.1270 | Iter Mean Loss 498.8549
2020-10-29 18:48:55,148 - root - INFO - Evaluate: Epoch 0039 | NDCG 0.1365 | MSE 10.4395
2020-10-29 18:48:55,155 - root - INFO - Training: Epoch 0040 / 0100 | Iter 0000 / 0003 | Time 0.0s | Iter Loss 1017.5463 | Iter Mean Loss 1017.5463
2020-10-29 18:48:55,163 - root - INFO - Training: Epoch 0040 / 0100 | Iter 0001 / 0003 | Time 0.0s | Iter Loss 435.9856 | Iter Mean Loss 726.7660
2020-10-29 18:48:55,171 - root - INFO - Training: Epoch 0040 / 0100 | Iter 0002 / 0003 | Time 0.0s | Iter Loss 265.0297 | Iter Mean Loss 572.8539
2020-10-29 18:48:55,176 - root - INFO - Training: Epoch 0040 / 0100 | Iter 0003 / 0003 | Time 0.0s | Iter Loss 264.7181 | Iter Mean Loss 495.8199
2020-10-29 18:48:55,178 - root - INFO - Evaluate: Epoch 0040 | NDCG 0.1455 | MSE 10.4166
2020-10-29 18:48:55,184 - root - INFO - Training: Epoch 0041 / 0100 | Iter 0000 / 0003 | Time 0.0s | Iter Loss 1013.1923 | Iter Mean Loss 1013.1923
2020-10-29 18:48:55,191 - root - INFO - Training: Epoch 0041 / 0100 | Iter 0001 / 0003 | Time 0.0s | Iter Loss 432.3571 | Iter Mean Loss 722.7747
2020-10-29 18:48:55,198 - root - INFO - Training: Epoch 0041 / 0100 | Iter 0002 / 0003 | Time 0.0s | Iter Loss 263.3847 | Iter Mean Loss 569.6447
2020-10-29 18:48:55,204 - root - INFO - Training: Epoch 0041 / 0100 | Iter 0003 / 0003 | Time 0.0s | Iter Loss 262.3478 | Iter Mean Loss 492.8205
2020-10-29 18:48:55,206 - root - INFO - Evaluate: Epoch 0041 | NDCG 0.2610 | MSE 10.3934
2020-10-29 18:48:55,215 - root - INFO - Training: Epoch 0042 / 0100 | Iter 0000 / 0003 | Time 0.0s | Iter Loss 1008.7920 | Iter Mean Loss 1008.7920
2020-10-29 18:48:55,222 - root - INFO - Training: Epoch 0042 / 0100 | Iter 0001 / 0003 | Time 0.0s | Iter Loss 428.7740 | Iter Mean Loss 718.7830
2020-10-29 18:48:55,230 - root - INFO - Training: Epoch 0042 / 0100 | Iter 0002 / 0003 | Time 0.0s | Iter Loss 261.7552 | Iter Mean Loss 566.4404
2020-10-29 18:48:55,236 - root - INFO - Training: Epoch 0042 / 0100 | Iter 0003 / 0003 | Time 0.0s | Iter Loss 259.9899 | Iter Mean Loss 489.8278
2020-10-29 18:48:55,237 - root - INFO - Evaluate: Epoch 0042 | NDCG 0.2854 | MSE 10.3699
2020-10-29 18:48:55,246 - root - INFO - Training: Epoch 0043 / 0100 | Iter 0000 / 0003 | Time 0.0s | Iter Loss 1004.3223 | Iter Mean Loss 1004.3223
2020-10-29 18:48:55,254 - root - INFO - Training: Epoch 0043 / 0100 | Iter 0001 / 0003 | Time 0.0s | Iter Loss 425.2081 | Iter Mean Loss 714.7652
2020-10-29 18:48:55,261 - root - INFO - Training: Epoch 0043 / 0100 | Iter 0002 / 0003 | Time 0.0s | Iter Loss 260.1270 | Iter Mean Loss 563.2191
2020-10-29 18:48:55,266 - root - INFO - Training: Epoch 0043 / 0100 | Iter 0003 / 0003 | Time 0.0s | Iter Loss 257.6251 | Iter Mean Loss 486.8206
2020-10-29 18:48:55,268 - root - INFO - Evaluate: Epoch 0043 | NDCG 0.3623 | MSE 10.3462
2020-10-29 18:48:55,276 - root - INFO - Training: Epoch 0044 / 0100 | Iter 0000 / 0003 | Time 0.0s | Iter Loss 999.7677 | Iter Mean Loss 999.7677
2020-10-29 18:48:55,284 - root - INFO - Training: Epoch 0044 / 0100 | Iter 0001 / 0003 | Time 0.0s | Iter Loss 421.6373 | Iter Mean Loss 710.7025
2020-10-29 18:48:55,290 - root - INFO - Training: Epoch 0044 / 0100 | Iter 0002 / 0003 | Time 0.0s | Iter Loss 258.4908 | Iter Mean Loss 559.9653
2020-10-29 18:48:55,296 - root - INFO - Training: Epoch 0044 / 0100 | Iter 0003 / 0003 | Time 0.0s | Iter Loss 255.2401 | Iter Mean Loss 483.7840
2020-10-29 18:48:55,298 - root - INFO - Evaluate: Epoch 0044 | NDCG 0.5486 | MSE 10.3223
2020-10-29 18:48:55,305 - root - INFO - Training: Epoch 0045 / 0100 | Iter 0000 / 0003 | Time 0.0s | Iter Loss 995.1171 | Iter Mean Loss 995.1171
2020-10-29 18:48:55,313 - root - INFO - Training: Epoch 0045 / 0100 | Iter 0001 / 0003 | Time 0.0s | Iter Loss 418.0451 | Iter Mean Loss 706.5811
2020-10-29 18:48:55,319 - root - INFO - Training: Epoch 0045 / 0100 | Iter 0002 / 0003 | Time 0.0s | Iter Loss 256.8411 | Iter Mean Loss 556.6678
2020-10-29 18:48:55,326 - root - INFO - Training: Epoch 0045 / 0100 | Iter 0003 / 0003 | Time 0.0s | Iter Loss 252.8260 | Iter Mean Loss 480.7073
2020-10-29 18:48:55,327 - root - INFO - Evaluate: Epoch 0045 | NDCG 0.5558 | MSE 10.2984
2020-10-29 18:48:55,334 - root - INFO - Training: Epoch 0046 / 0100 | Iter 0000 / 0003 | Time 0.0s | Iter Loss 990.3643 | Iter Mean Loss 990.3643
2020-10-29 18:48:55,341 - root - INFO - Training: Epoch 0046 / 0100 | Iter 0001 / 0003 | Time 0.0s | Iter Loss 414.4196 | Iter Mean Loss 702.3919
2020-10-29 18:48:55,349 - root - INFO - Training: Epoch 0046 / 0100 | Iter 0002 / 0003 | Time 0.0s | Iter Loss 255.1752 | Iter Mean Loss 553.3197
2020-10-29 18:48:55,355 - root - INFO - Training: Epoch 0046 / 0100 | Iter 0003 / 0003 | Time 0.0s | Iter Loss 250.3771 | Iter Mean Loss 477.5840
2020-10-29 18:48:55,357 - root - INFO - Evaluate: Epoch 0046 | NDCG 0.5832 | MSE 10.2743
2020-10-29 18:48:55,364 - root - INFO - Training: Epoch 0047 / 0100 | Iter 0000 / 0003 | Time 0.0s | Iter Loss 985.5047 | Iter Mean Loss 985.5047
2020-10-29 18:48:55,373 - root - INFO - Training: Epoch 0047 / 0100 | Iter 0001 / 0003 | Time 0.0s | Iter Loss 410.7520 | Iter Mean Loss 698.1284
2020-10-29 18:48:55,380 - root - INFO - Training: Epoch 0047 / 0100 | Iter 0002 / 0003 | Time 0.0s | Iter Loss 253.4916 | Iter Mean Loss 549.9161
2020-10-29 18:48:55,386 - root - INFO - Training: Epoch 0047 / 0100 | Iter 0003 / 0003 | Time 0.0s | Iter Loss 247.8897 | Iter Mean Loss 474.4095
2020-10-29 18:48:55,390 - root - INFO - Evaluate: Epoch 0047 | NDCG 0.5891 | MSE 10.2501
2020-10-29 18:48:55,399 - root - INFO - Training: Epoch 0048 / 0100 | Iter 0000 / 0003 | Time 0.0s | Iter Loss 980.5357 | Iter Mean Loss 980.5357
2020-10-29 18:48:55,408 - root - INFO - Training: Epoch 0048 / 0100 | Iter 0001 / 0003 | Time 0.0s | Iter Loss 407.0356 | Iter Mean Loss 693.7857
2020-10-29 18:48:55,415 - root - INFO - Training: Epoch 0048 / 0100 | Iter 0002 / 0003 | Time 0.0s | Iter Loss 251.7901 | Iter Mean Loss 546.4538
2020-10-29 18:48:55,422 - root - INFO - Training: Epoch 0048 / 0100 | Iter 0003 / 0003 | Time 0.0s | Iter Loss 245.3615 | Iter Mean Loss 471.1807
2020-10-29 18:48:55,424 - root - INFO - Evaluate: Epoch 0048 | NDCG 0.5891 | MSE 10.2258
2020-10-29 18:48:55,432 - root - INFO - Training: Epoch 0049 / 0100 | Iter 0000 / 0003 | Time 0.0s | Iter Loss 975.4549 | Iter Mean Loss 975.4549
2020-10-29 18:48:55,440 - root - INFO - Training: Epoch 0049 / 0100 | Iter 0001 / 0003 | Time 0.0s | Iter Loss 403.2657 | Iter Mean Loss 689.3603
2020-10-29 18:48:55,447 - root - INFO - Training: Epoch 0049 / 0100 | Iter 0002 / 0003 | Time 0.0s | Iter Loss 250.0707 | Iter Mean Loss 542.9304
2020-10-29 18:48:55,455 - root - INFO - Training: Epoch 0049 / 0100 | Iter 0003 / 0003 | Time 0.0s | Iter Loss 242.7907 | Iter Mean Loss 467.8955
2020-10-29 18:48:55,458 - root - INFO - Evaluate: Epoch 0049 | NDCG 0.5943 | MSE 10.2013
2020-10-29 18:48:55,467 - root - INFO - Training: Epoch 0050 / 0100 | Iter 0000 / 0003 | Time 0.0s | Iter Loss 970.2605 | Iter Mean Loss 970.2605
2020-10-29 18:48:55,475 - root - INFO - Training: Epoch 0050 / 0100 | Iter 0001 / 0003 | Time 0.0s | Iter Loss 399.4387 | Iter Mean Loss 684.8496
2020-10-29 18:48:55,483 - root - INFO - Training: Epoch 0050 / 0100 | Iter 0002 / 0003 | Time 0.0s | Iter Loss 248.3337 | Iter Mean Loss 539.3443
2020-10-29 18:48:55,489 - root - INFO - Training: Epoch 0050 / 0100 | Iter 0003 / 0003 | Time 0.0s | Iter Loss 240.1762 | Iter Mean Loss 464.5523
2020-10-29 18:48:55,491 - root - INFO - Evaluate: Epoch 0050 | NDCG 0.6389 | MSE 10.1766
2020-10-29 18:48:55,498 - root - INFO - Training: Epoch 0051 / 0100 | Iter 0000 / 0003 | Time 0.0s | Iter Loss 964.9512 | Iter Mean Loss 964.9512
2020-10-29 18:48:55,506 - root - INFO - Training: Epoch 0051 / 0100 | Iter 0001 / 0003 | Time 0.0s | Iter Loss 395.5525 | Iter Mean Loss 680.2518
2020-10-29 18:48:55,514 - root - INFO - Training: Epoch 0051 / 0100 | Iter 0002 / 0003 | Time 0.0s | Iter Loss 246.5795 | Iter Mean Loss 535.6944
2020-10-29 18:48:55,521 - root - INFO - Training: Epoch 0051 / 0100 | Iter 0003 / 0003 | Time 0.0s | Iter Loss 237.5172 | Iter Mean Loss 461.1501
2020-10-29 18:48:55,523 - root - INFO - Evaluate: Epoch 0051 | NDCG 0.6389 | MSE 10.1516
2020-10-29 18:48:55,530 - root - INFO - Training: Epoch 0052 / 0100 | Iter 0000 / 0003 | Time 0.0s | Iter Loss 959.5258 | Iter Mean Loss 959.5258
2020-10-29 18:48:55,536 - root - INFO - Training: Epoch 0052 / 0100 | Iter 0001 / 0003 | Time 0.0s | Iter Loss 391.6060 | Iter Mean Loss 675.5659
2020-10-29 18:48:55,543 - root - INFO - Training: Epoch 0052 / 0100 | Iter 0002 / 0003 | Time 0.0s | Iter Loss 244.8090 | Iter Mean Loss 531.9802
2020-10-29 18:48:55,549 - root - INFO - Training: Epoch 0052 / 0100 | Iter 0003 / 0003 | Time 0.0s | Iter Loss 234.8137 | Iter Mean Loss 457.6886
2020-10-29 18:48:55,550 - root - INFO - Evaluate: Epoch 0052 | NDCG 0.6461 | MSE 10.1263
2020-10-29 18:48:55,558 - root - INFO - Training: Epoch 0053 / 0100 | Iter 0000 / 0003 | Time 0.0s | Iter Loss 953.9835 | Iter Mean Loss 953.9835
2020-10-29 18:48:55,567 - root - INFO - Training: Epoch 0053 / 0100 | Iter 0001 / 0003 | Time 0.0s | Iter Loss 387.5992 | Iter Mean Loss 670.7914
2020-10-29 18:48:55,575 - root - INFO - Training: Epoch 0053 / 0100 | Iter 0002 / 0003 | Time 0.0s | Iter Loss 243.0230 | Iter Mean Loss 528.2019
2020-10-29 18:48:55,581 - root - INFO - Training: Epoch 0053 / 0100 | Iter 0003 / 0003 | Time 0.0s | Iter Loss 232.0657 | Iter Mean Loss 454.1679
2020-10-29 18:48:55,584 - root - INFO - Evaluate: Epoch 0053 | NDCG 0.6452 | MSE 10.1006
2020-10-29 18:48:55,592 - root - INFO - Training: Epoch 0054 / 0100 | Iter 0000 / 0003 | Time 0.0s | Iter Loss 948.3249 | Iter Mean Loss 948.3249
2020-10-29 18:48:55,601 - root - INFO - Training: Epoch 0054 / 0100 | Iter 0001 / 0003 | Time 0.0s | Iter Loss 383.5336 | Iter Mean Loss 665.9293
2020-10-29 18:48:55,608 - root - INFO - Training: Epoch 0054 / 0100 | Iter 0002 / 0003 | Time 0.0s | Iter Loss 241.2229 | Iter Mean Loss 524.3605
2020-10-29 18:48:55,614 - root - INFO - Training: Epoch 0054 / 0100 | Iter 0003 / 0003 | Time 0.0s | Iter Loss 229.2740 | Iter Mean Loss 450.5889
2020-10-29 18:48:55,617 - root - INFO - Evaluate: Epoch 0054 | NDCG 0.6452 | MSE 10.0745
2020-10-29 18:48:55,625 - root - INFO - Training: Epoch 0055 / 0100 | Iter 0000 / 0003 | Time 0.0s | Iter Loss 942.5505 | Iter Mean Loss 942.5505
2020-10-29 18:48:55,632 - root - INFO - Training: Epoch 0055 / 0100 | Iter 0001 / 0003 | Time 0.0s | Iter Loss 379.4114 | Iter Mean Loss 660.9810
2020-10-29 18:48:55,639 - root - INFO - Training: Epoch 0055 / 0100 | Iter 0002 / 0003 | Time 0.0s | Iter Loss 239.4105 | Iter Mean Loss 520.4575
2020-10-29 18:48:55,645 - root - INFO - Training: Epoch 0055 / 0100 | Iter 0003 / 0003 | Time 0.0s | Iter Loss 226.4398 | Iter Mean Loss 446.9530
2020-10-29 18:48:55,647 - root - INFO - Evaluate: Epoch 0055 | NDCG 0.6452 | MSE 10.0479
2020-10-29 18:48:55,655 - root - INFO - Training: Epoch 0056 / 0100 | Iter 0000 / 0003 | Time 0.0s | Iter Loss 936.6624 | Iter Mean Loss 936.6624
2020-10-29 18:48:55,664 - root - INFO - Training: Epoch 0056 / 0100 | Iter 0001 / 0003 | Time 0.0s | Iter Loss 375.2357 | Iter Mean Loss 655.9490
2020-10-29 18:48:55,672 - root - INFO - Training: Epoch 0056 / 0100 | Iter 0002 / 0003 | Time 0.0s | Iter Loss 237.5877 | Iter Mean Loss 516.4953
2020-10-29 18:48:55,678 - root - INFO - Training: Epoch 0056 / 0100 | Iter 0003 / 0003 | Time 0.0s | Iter Loss 223.5650 | Iter Mean Loss 443.2627
2020-10-29 18:48:55,680 - root - INFO - Evaluate: Epoch 0056 | NDCG 0.6452 | MSE 10.0206
2020-10-29 18:48:55,687 - root - INFO - Training: Epoch 0057 / 0100 | Iter 0000 / 0003 | Time 0.0s | Iter Loss 930.6631 | Iter Mean Loss 930.6631
2020-10-29 18:48:55,694 - root - INFO - Training: Epoch 0057 / 0100 | Iter 0001 / 0003 | Time 0.0s | Iter Loss 371.0107 | Iter Mean Loss 650.8369
2020-10-29 18:48:55,701 - root - INFO - Training: Epoch 0057 / 0100 | Iter 0002 / 0003 | Time 0.0s | Iter Loss 235.7573 | Iter Mean Loss 512.4771
2020-10-29 18:48:55,708 - root - INFO - Training: Epoch 0057 / 0100 | Iter 0003 / 0003 | Time 0.0s | Iter Loss 220.6516 | Iter Mean Loss 439.5207
2020-10-29 18:48:55,710 - root - INFO - Evaluate: Epoch 0057 | NDCG 0.6528 | MSE 9.9927
2020-10-29 18:48:55,718 - root - INFO - Training: Epoch 0058 / 0100 | Iter 0000 / 0003 | Time 0.0s | Iter Loss 924.5563 | Iter Mean Loss 924.5563
2020-10-29 18:48:55,726 - root - INFO - Training: Epoch 0058 / 0100 | Iter 0001 / 0003 | Time 0.0s | Iter Loss 366.7414 | Iter Mean Loss 645.6488
2020-10-29 18:48:55,734 - root - INFO - Training: Epoch 0058 / 0100 | Iter 0002 / 0003 | Time 0.0s | Iter Loss 233.9222 | Iter Mean Loss 508.4066
2020-10-29 18:48:55,740 - root - INFO - Training: Epoch 0058 / 0100 | Iter 0003 / 0003 | Time 0.0s | Iter Loss 217.7028 | Iter Mean Loss 435.7307
2020-10-29 18:48:55,742 - root - INFO - Evaluate: Epoch 0058 | NDCG 0.6753 | MSE 9.9641
2020-10-29 18:48:55,749 - root - INFO - Training: Epoch 0059 / 0100 | Iter 0000 / 0003 | Time 0.0s | Iter Loss 918.3467 | Iter Mean Loss 918.3467
2020-10-29 18:48:55,756 - root - INFO - Training: Epoch 0059 / 0100 | Iter 0001 / 0003 | Time 0.0s | Iter Loss 362.4333 | Iter Mean Loss 640.3900
2020-10-29 18:48:55,763 - root - INFO - Training: Epoch 0059 / 0100 | Iter 0002 / 0003 | Time 0.0s | Iter Loss 232.0858 | Iter Mean Loss 504.2886
2020-10-29 18:48:55,770 - root - INFO - Training: Epoch 0059 / 0100 | Iter 0003 / 0003 | Time 0.0s | Iter Loss 214.7217 | Iter Mean Loss 431.8969
2020-10-29 18:48:55,772 - root - INFO - Evaluate: Epoch 0059 | NDCG 0.6753 | MSE 9.9347
2020-10-29 18:48:55,779 - root - INFO - Training: Epoch 0060 / 0100 | Iter 0000 / 0003 | Time 0.0s | Iter Loss 912.0397 | Iter Mean Loss 912.0397
2020-10-29 18:48:55,787 - root - INFO - Training: Epoch 0060 / 0100 | Iter 0001 / 0003 | Time 0.0s | Iter Loss 358.0930 | Iter Mean Loss 635.0663
2020-10-29 18:48:55,795 - root - INFO - Training: Epoch 0060 / 0100 | Iter 0002 / 0003 | Time 0.0s | Iter Loss 230.2520 | Iter Mean Loss 500.1282
2020-10-29 18:48:55,802 - root - INFO - Training: Epoch 0060 / 0100 | Iter 0003 / 0003 | Time 0.0s | Iter Loss 211.7122 | Iter Mean Loss 428.0242
2020-10-29 18:48:55,804 - root - INFO - Evaluate: Epoch 0060 | NDCG 0.6753 | MSE 9.9045
2020-10-29 18:48:55,812 - root - INFO - Training: Epoch 0061 / 0100 | Iter 0000 / 0003 | Time 0.0s | Iter Loss 905.6418 | Iter Mean Loss 905.6418
2020-10-29 18:48:55,820 - root - INFO - Training: Epoch 0061 / 0100 | Iter 0001 / 0003 | Time 0.0s | Iter Loss 353.7273 | Iter Mean Loss 629.6845
2020-10-29 18:48:55,827 - root - INFO - Training: Epoch 0061 / 0100 | Iter 0002 / 0003 | Time 0.0s | Iter Loss 228.4247 | Iter Mean Loss 495.9313
2020-10-29 18:48:55,834 - root - INFO - Training: Epoch 0061 / 0100 | Iter 0003 / 0003 | Time 0.0s | Iter Loss 208.6788 | Iter Mean Loss 424.1182
2020-10-29 18:48:55,836 - root - INFO - Evaluate: Epoch 0061 | NDCG 0.6753 | MSE 9.8733
2020-10-29 18:48:55,844 - root - INFO - Training: Epoch 0062 / 0100 | Iter 0000 / 0003 | Time 0.0s | Iter Loss 899.1603 | Iter Mean Loss 899.1603
2020-10-29 18:48:55,855 - root - INFO - Training: Epoch 0062 / 0100 | Iter 0001 / 0003 | Time 0.0s | Iter Loss 349.3438 | Iter Mean Loss 624.2520
2020-10-29 18:48:55,862 - root - INFO - Training: Epoch 0062 / 0100 | Iter 0002 / 0003 | Time 0.0s | Iter Loss 226.6084 | Iter Mean Loss 491.7042
2020-10-29 18:48:55,867 - root - INFO - Training: Epoch 0062 / 0100 | Iter 0003 / 0003 | Time 0.0s | Iter Loss 205.6262 | Iter Mean Loss 420.1847
2020-10-29 18:48:55,869 - root - INFO - Evaluate: Epoch 0062 | NDCG 0.6753 | MSE 9.8412
2020-10-29 18:48:55,879 - root - INFO - Training: Epoch 0063 / 0100 | Iter 0000 / 0003 | Time 0.0s | Iter Loss 892.6034 | Iter Mean Loss 892.6034
2020-10-29 18:48:55,886 - root - INFO - Training: Epoch 0063 / 0100 | Iter 0001 / 0003 | Time 0.0s | Iter Loss 344.9504 | Iter Mean Loss 618.7769
2020-10-29 18:48:55,892 - root - INFO - Training: Epoch 0063 / 0100 | Iter 0002 / 0003 | Time 0.0s | Iter Loss 224.8075 | Iter Mean Loss 487.4538
2020-10-29 18:48:55,898 - root - INFO - Training: Epoch 0063 / 0100 | Iter 0003 / 0003 | Time 0.0s | Iter Loss 202.5595 | Iter Mean Loss 416.2302
2020-10-29 18:48:55,900 - root - INFO - Evaluate: Epoch 0063 | NDCG 0.6753 | MSE 9.8082
2020-10-29 18:48:55,906 - root - INFO - Training: Epoch 0064 / 0100 | Iter 0000 / 0003 | Time 0.0s | Iter Loss 885.9801 | Iter Mean Loss 885.9801
2020-10-29 18:48:55,913 - root - INFO - Training: Epoch 0064 / 0100 | Iter 0001 / 0003 | Time 0.0s | Iter Loss 340.5556 | Iter Mean Loss 613.2679
2020-10-29 18:48:55,919 - root - INFO - Training: Epoch 0064 / 0100 | Iter 0002 / 0003 | Time 0.0s | Iter Loss 223.0267 | Iter Mean Loss 483.1875
2020-10-29 18:48:55,925 - root - INFO - Training: Epoch 0064 / 0100 | Iter 0003 / 0003 | Time 0.0s | Iter Loss 199.4844 | Iter Mean Loss 412.2617
2020-10-29 18:48:55,927 - root - INFO - Evaluate: Epoch 0064 | NDCG 0.6814 | MSE 9.7740
2020-10-29 18:48:55,933 - root - INFO - Training: Epoch 0065 / 0100 | Iter 0000 / 0003 | Time 0.0s | Iter Loss 879.2997 | Iter Mean Loss 879.2997
2020-10-29 18:48:55,940 - root - INFO - Training: Epoch 0065 / 0100 | Iter 0001 / 0003 | Time 0.0s | Iter Loss 336.1682 | Iter Mean Loss 607.7340
2020-10-29 18:48:55,946 - root - INFO - Training: Epoch 0065 / 0100 | Iter 0002 / 0003 | Time 0.0s | Iter Loss 221.2705 | Iter Mean Loss 478.9128
2020-10-29 18:48:55,951 - root - INFO - Training: Epoch 0065 / 0100 | Iter 0003 / 0003 | Time 0.0s | Iter Loss 196.4068 | Iter Mean Loss 408.2863
2020-10-29 18:48:55,953 - root - INFO - Evaluate: Epoch 0065 | NDCG 0.6814 | MSE 9.7389
2020-10-29 18:48:55,962 - root - INFO - Training: Epoch 0066 / 0100 | Iter 0000 / 0003 | Time 0.0s | Iter Loss 872.5728 | Iter Mean Loss 872.5728
2020-10-29 18:48:55,970 - root - INFO - Training: Epoch 0066 / 0100 | Iter 0001 / 0003 | Time 0.0s | Iter Loss 331.7972 | Iter Mean Loss 602.1850
2020-10-29 18:48:55,979 - root - INFO - Training: Epoch 0066 / 0100 | Iter 0002 / 0003 | Time 0.0s | Iter Loss 219.5434 | Iter Mean Loss 474.6378
2020-10-29 18:48:55,986 - root - INFO - Training: Epoch 0066 / 0100 | Iter 0003 / 0003 | Time 0.0s | Iter Loss 193.3325 | Iter Mean Loss 404.3115
2020-10-29 18:48:55,989 - root - INFO - Evaluate: Epoch 0066 | NDCG 0.7049 | MSE 9.7026
2020-10-29 18:48:55,997 - root - INFO - Training: Epoch 0067 / 0100 | Iter 0000 / 0003 | Time 0.0s | Iter Loss 865.8096 | Iter Mean Loss 865.8096
2020-10-29 18:48:56,005 - root - INFO - Training: Epoch 0067 / 0100 | Iter 0001 / 0003 | Time 0.0s | Iter Loss 327.4518 | Iter Mean Loss 596.6307
2020-10-29 18:48:56,012 - root - INFO - Training: Epoch 0067 / 0100 | Iter 0002 / 0003 | Time 0.0s | Iter Loss 217.8498 | Iter Mean Loss 470.3704
2020-10-29 18:48:56,019 - root - INFO - Training: Epoch 0067 / 0100 | Iter 0003 / 0003 | Time 0.0s | Iter Loss 190.2679 | Iter Mean Loss 400.3448
2020-10-29 18:48:56,021 - root - INFO - Evaluate: Epoch 0067 | NDCG 0.7087 | MSE 9.6653
2020-10-29 18:48:56,028 - root - INFO - Training: Epoch 0068 / 0100 | Iter 0000 / 0003 | Time 0.0s | Iter Loss 859.0215 | Iter Mean Loss 859.0215
2020-10-29 18:48:56,036 - root - INFO - Training: Epoch 0068 / 0100 | Iter 0001 / 0003 | Time 0.0s | Iter Loss 323.1414 | Iter Mean Loss 591.0814
2020-10-29 18:48:56,044 - root - INFO - Training: Epoch 0068 / 0100 | Iter 0002 / 0003 | Time 0.0s | Iter Loss 216.1936 | Iter Mean Loss 466.1188
2020-10-29 18:48:56,051 - root - INFO - Training: Epoch 0068 / 0100 | Iter 0003 / 0003 | Time 0.0s | Iter Loss 187.2191 | Iter Mean Loss 396.3939
2020-10-29 18:48:56,053 - root - INFO - Evaluate: Epoch 0068 | NDCG 0.7954 | MSE 9.6269
2020-10-29 18:48:56,062 - root - INFO - Training: Epoch 0069 / 0100 | Iter 0000 / 0003 | Time 0.0s | Iter Loss 852.2197 | Iter Mean Loss 852.2197
2020-10-29 18:48:56,070 - root - INFO - Training: Epoch 0069 / 0100 | Iter 0001 / 0003 | Time 0.0s | Iter Loss 318.8751 | Iter Mean Loss 585.5474
2020-10-29 18:48:56,078 - root - INFO - Training: Epoch 0069 / 0100 | Iter 0002 / 0003 | Time 0.0s | Iter Loss 214.5786 | Iter Mean Loss 461.8911
2020-10-29 18:48:56,085 - root - INFO - Training: Epoch 0069 / 0100 | Iter 0003 / 0003 | Time 0.0s | Iter Loss 184.1924 | Iter Mean Loss 392.4664
2020-10-29 18:48:56,087 - root - INFO - Evaluate: Epoch 0069 | NDCG 0.8181 | MSE 9.5874
2020-10-29 18:48:56,094 - root - INFO - Training: Epoch 0070 / 0100 | Iter 0000 / 0003 | Time 0.0s | Iter Loss 845.4153 | Iter Mean Loss 845.4153
2020-10-29 18:48:56,100 - root - INFO - Training: Epoch 0070 / 0100 | Iter 0001 / 0003 | Time 0.0s | Iter Loss 314.6619 | Iter Mean Loss 580.0386
2020-10-29 18:48:56,108 - root - INFO - Training: Epoch 0070 / 0100 | Iter 0002 / 0003 | Time 0.0s | Iter Loss 213.0081 | Iter Mean Loss 457.6951
2020-10-29 18:48:56,114 - root - INFO - Training: Epoch 0070 / 0100 | Iter 0003 / 0003 | Time 0.0s | Iter Loss 181.1937 | Iter Mean Loss 388.5697
2020-10-29 18:48:56,117 - root - INFO - Evaluate: Epoch 0070 | NDCG 0.8059 | MSE 9.5469
2020-10-29 18:48:56,124 - root - INFO - Training: Epoch 0071 / 0100 | Iter 0000 / 0003 | Time 0.0s | Iter Loss 838.6199 | Iter Mean Loss 838.6199
2020-10-29 18:48:56,131 - root - INFO - Training: Epoch 0071 / 0100 | Iter 0001 / 0003 | Time 0.0s | Iter Loss 310.5109 | Iter Mean Loss 574.5654
2020-10-29 18:48:56,137 - root - INFO - Training: Epoch 0071 / 0100 | Iter 0002 / 0003 | Time 0.0s | Iter Loss 211.4847 | Iter Mean Loss 453.5385
2020-10-29 18:48:56,143 - root - INFO - Training: Epoch 0071 / 0100 | Iter 0003 / 0003 | Time 0.0s | Iter Loss 178.2289 | Iter Mean Loss 384.7111
2020-10-29 18:48:56,144 - root - INFO - Evaluate: Epoch 0071 | NDCG 0.8059 | MSE 9.5054
2020-10-29 18:48:56,151 - root - INFO - Training: Epoch 0072 / 0100 | Iter 0000 / 0003 | Time 0.0s | Iter Loss 831.8444 | Iter Mean Loss 831.8444
2020-10-29 18:48:56,158 - root - INFO - Training: Epoch 0072 / 0100 | Iter 0001 / 0003 | Time 0.0s | Iter Loss 306.4303 | Iter Mean Loss 569.1374
2020-10-29 18:48:56,164 - root - INFO - Training: Epoch 0072 / 0100 | Iter 0002 / 0003 | Time 0.0s | Iter Loss 210.0107 | Iter Mean Loss 449.4285
2020-10-29 18:48:56,170 - root - INFO - Training: Epoch 0072 / 0100 | Iter 0003 / 0003 | Time 0.0s | Iter Loss 175.3035 | Iter Mean Loss 380.8972
2020-10-29 18:48:56,171 - root - INFO - Evaluate: Epoch 0072 | NDCG 0.8080 | MSE 9.4629
2020-10-29 18:48:56,179 - root - INFO - Training: Epoch 0073 / 0100 | Iter 0000 / 0003 | Time 0.0s | Iter Loss 825.0997 | Iter Mean Loss 825.0997
2020-10-29 18:48:56,188 - root - INFO - Training: Epoch 0073 / 0100 | Iter 0001 / 0003 | Time 0.0s | Iter Loss 302.4281 | Iter Mean Loss 563.7639
2020-10-29 18:48:56,195 - root - INFO - Training: Epoch 0073 / 0100 | Iter 0002 / 0003 | Time 0.0s | Iter Loss 208.5877 | Iter Mean Loss 445.3718
2020-10-29 18:48:56,203 - root - INFO - Training: Epoch 0073 / 0100 | Iter 0003 / 0003 | Time 0.0s | Iter Loss 172.4226 | Iter Mean Loss 377.1345
2020-10-29 18:48:56,205 - root - INFO - Evaluate: Epoch 0073 | NDCG 0.8080 | MSE 9.4195
2020-10-29 18:48:56,212 - root - INFO - Training: Epoch 0074 / 0100 | Iter 0000 / 0003 | Time 0.0s | Iter Loss 818.3964 | Iter Mean Loss 818.3964
2020-10-29 18:48:56,221 - root - INFO - Training: Epoch 0074 / 0100 | Iter 0001 / 0003 | Time 0.0s | Iter Loss 298.5112 | Iter Mean Loss 558.4538
2020-10-29 18:48:56,227 - root - INFO - Training: Epoch 0074 / 0100 | Iter 0002 / 0003 | Time 0.0s | Iter Loss 207.2166 | Iter Mean Loss 441.3747
2020-10-29 18:48:56,235 - root - INFO - Training: Epoch 0074 / 0100 | Iter 0003 / 0003 | Time 0.0s | Iter Loss 169.5910 | Iter Mean Loss 373.4288
2020-10-29 18:48:56,236 - root - INFO - Evaluate: Epoch 0074 | NDCG 0.8080 | MSE 9.3752
2020-10-29 18:48:56,245 - root - INFO - Training: Epoch 0075 / 0100 | Iter 0000 / 0003 | Time 0.0s | Iter Loss 811.7439 | Iter Mean Loss 811.7439
2020-10-29 18:48:56,253 - root - INFO - Training: Epoch 0075 / 0100 | Iter 0001 / 0003 | Time 0.0s | Iter Loss 294.6863 | Iter Mean Loss 553.2151
2020-10-29 18:48:56,260 - root - INFO - Training: Epoch 0075 / 0100 | Iter 0002 / 0003 | Time 0.0s | Iter Loss 205.8977 | Iter Mean Loss 437.4426
2020-10-29 18:48:56,267 - root - INFO - Training: Epoch 0075 / 0100 | Iter 0003 / 0003 | Time 0.0s | Iter Loss 166.8129 | Iter Mean Loss 369.7852
2020-10-29 18:48:56,269 - root - INFO - Evaluate: Epoch 0075 | NDCG 0.8080 | MSE 9.3302
2020-10-29 18:48:56,277 - root - INFO - Training: Epoch 0076 / 0100 | Iter 0000 / 0003 | Time 0.0s | Iter Loss 805.1514 | Iter Mean Loss 805.1514
2020-10-29 18:48:56,285 - root - INFO - Training: Epoch 0076 / 0100 | Iter 0001 / 0003 | Time 0.0s | Iter Loss 290.9589 | Iter Mean Loss 548.0551
2020-10-29 18:48:56,293 - root - INFO - Training: Epoch 0076 / 0100 | Iter 0002 / 0003 | Time 0.0s | Iter Loss 204.6306 | Iter Mean Loss 433.5803
2020-10-29 18:48:56,299 - root - INFO - Training: Epoch 0076 / 0100 | Iter 0003 / 0003 | Time 0.0s | Iter Loss 164.0918 | Iter Mean Loss 366.2082
2020-10-29 18:48:56,302 - root - INFO - Evaluate: Epoch 0076 | NDCG 0.8080 | MSE 9.2844
2020-10-29 18:48:56,311 - root - INFO - Training: Epoch 0077 / 0100 | Iter 0000 / 0003 | Time 0.0s | Iter Loss 798.6274 | Iter Mean Loss 798.6274
2020-10-29 18:48:56,318 - root - INFO - Training: Epoch 0077 / 0100 | Iter 0001 / 0003 | Time 0.0s | Iter Loss 287.3336 | Iter Mean Loss 542.9805
2020-10-29 18:48:56,325 - root - INFO - Training: Epoch 0077 / 0100 | Iter 0002 / 0003 | Time 0.0s | Iter Loss 203.4142 | Iter Mean Loss 429.7917
2020-10-29 18:48:56,330 - root - INFO - Training: Epoch 0077 / 0100 | Iter 0003 / 0003 | Time 0.0s | Iter Loss 161.4310 | Iter Mean Loss 362.7015
2020-10-29 18:48:56,332 - root - INFO - Evaluate: Epoch 0077 | NDCG 0.8469 | MSE 9.2380
2020-10-29 18:48:56,338 - root - INFO - Training: Epoch 0078 / 0100 | Iter 0000 / 0003 | Time 0.0s | Iter Loss 792.1790 | Iter Mean Loss 792.1790
2020-10-29 18:48:56,345 - root - INFO - Training: Epoch 0078 / 0100 | Iter 0001 / 0003 | Time 0.0s | Iter Loss 283.8138 | Iter Mean Loss 537.9964
2020-10-29 18:48:56,351 - root - INFO - Training: Epoch 0078 / 0100 | Iter 0002 / 0003 | Time 0.0s | Iter Loss 202.2467 | Iter Mean Loss 426.0798
2020-10-29 18:48:56,358 - root - INFO - Training: Epoch 0078 / 0100 | Iter 0003 / 0003 | Time 0.0s | Iter Loss 158.8329 | Iter Mean Loss 359.2681
2020-10-29 18:48:56,359 - root - INFO - Evaluate: Epoch 0078 | NDCG 0.8591 | MSE 9.1910
2020-10-29 18:48:56,368 - root - INFO - Training: Epoch 0079 / 0100 | Iter 0000 / 0003 | Time 0.0s | Iter Loss 785.8124 | Iter Mean Loss 785.8124
2020-10-29 18:48:56,375 - root - INFO - Training: Epoch 0079 / 0100 | Iter 0001 / 0003 | Time 0.0s | Iter Loss 280.4024 | Iter Mean Loss 533.1074
2020-10-29 18:48:56,381 - root - INFO - Training: Epoch 0079 / 0100 | Iter 0002 / 0003 | Time 0.0s | Iter Loss 201.1259 | Iter Mean Loss 422.4469
2020-10-29 18:48:56,387 - root - INFO - Training: Epoch 0079 / 0100 | Iter 0003 / 0003 | Time 0.0s | Iter Loss 156.2996 | Iter Mean Loss 355.9101
2020-10-29 18:48:56,389 - root - INFO - Evaluate: Epoch 0079 | NDCG 0.8591 | MSE 9.1436
2020-10-29 18:48:56,397 - root - INFO - Training: Epoch 0080 / 0100 | Iter 0000 / 0003 | Time 0.0s | Iter Loss 779.5337 | Iter Mean Loss 779.5337
2020-10-29 18:48:56,403 - root - INFO - Training: Epoch 0080 / 0100 | Iter 0001 / 0003 | Time 0.0s | Iter Loss 277.1008 | Iter Mean Loss 528.3172
2020-10-29 18:48:56,411 - root - INFO - Training: Epoch 0080 / 0100 | Iter 0002 / 0003 | Time 0.0s | Iter Loss 200.0486 | Iter Mean Loss 418.8944
2020-10-29 18:48:56,419 - root - INFO - Training: Epoch 0080 / 0100 | Iter 0003 / 0003 | Time 0.0s | Iter Loss 153.8326 | Iter Mean Loss 352.6289
2020-10-29 18:48:56,421 - root - INFO - Evaluate: Epoch 0080 | NDCG 0.8640 | MSE 9.0958
2020-10-29 18:48:56,428 - root - INFO - Training: Epoch 0081 / 0100 | Iter 0000 / 0003 | Time 0.0s | Iter Loss 773.3467 | Iter Mean Loss 773.3467
2020-10-29 18:48:56,436 - root - INFO - Training: Epoch 0081 / 0100 | Iter 0001 / 0003 | Time 0.0s | Iter Loss 273.9095 | Iter Mean Loss 523.6281
2020-10-29 18:48:56,444 - root - INFO - Training: Epoch 0081 / 0100 | Iter 0002 / 0003 | Time 0.0s | Iter Loss 199.0116 | Iter Mean Loss 415.4226
2020-10-29 18:48:56,452 - root - INFO - Training: Epoch 0081 / 0100 | Iter 0003 / 0003 | Time 0.0s | Iter Loss 151.4326 | Iter Mean Loss 349.4251
2020-10-29 18:48:56,454 - root - INFO - Evaluate: Epoch 0081 | NDCG 0.8640 | MSE 9.0477
2020-10-29 18:48:56,460 - root - INFO - Training: Epoch 0082 / 0100 | Iter 0000 / 0003 | Time 0.0s | Iter Loss 767.2556 | Iter Mean Loss 767.2556
2020-10-29 18:48:56,468 - root - INFO - Training: Epoch 0082 / 0100 | Iter 0001 / 0003 | Time 0.0s | Iter Loss 270.8284 | Iter Mean Loss 519.0420
2020-10-29 18:48:56,476 - root - INFO - Training: Epoch 0082 / 0100 | Iter 0002 / 0003 | Time 0.0s | Iter Loss 198.0109 | Iter Mean Loss 412.0317
2020-10-29 18:48:56,482 - root - INFO - Training: Epoch 0082 / 0100 | Iter 0003 / 0003 | Time 0.0s | Iter Loss 149.1001 | Iter Mean Loss 346.2988
2020-10-29 18:48:56,485 - root - INFO - Evaluate: Epoch 0082 | NDCG 0.8640 | MSE 8.9995
2020-10-29 18:48:56,492 - root - INFO - Training: Epoch 0083 / 0100 | Iter 0000 / 0003 | Time 0.0s | Iter Loss 761.2628 | Iter Mean Loss 761.2628
2020-10-29 18:48:56,498 - root - INFO - Training: Epoch 0083 / 0100 | Iter 0001 / 0003 | Time 0.0s | Iter Loss 267.8563 | Iter Mean Loss 514.5595
2020-10-29 18:48:56,505 - root - INFO - Training: Epoch 0083 / 0100 | Iter 0002 / 0003 | Time 0.0s | Iter Loss 197.0425 | Iter Mean Loss 408.7205
2020-10-29 18:48:56,511 - root - INFO - Training: Epoch 0083 / 0100 | Iter 0003 / 0003 | Time 0.0s | Iter Loss 146.8353 | Iter Mean Loss 343.2492
2020-10-29 18:48:56,513 - root - INFO - Evaluate: Epoch 0083 | NDCG 0.8640 | MSE 8.9511
2020-10-29 18:48:56,521 - root - INFO - Training: Epoch 0084 / 0100 | Iter 0000 / 0003 | Time 0.0s | Iter Loss 755.3699 | Iter Mean Loss 755.3699
2020-10-29 18:48:56,527 - root - INFO - Training: Epoch 0084 / 0100 | Iter 0001 / 0003 | Time 0.0s | Iter Loss 264.9912 | Iter Mean Loss 510.1805
2020-10-29 18:48:56,534 - root - INFO - Training: Epoch 0084 / 0100 | Iter 0002 / 0003 | Time 0.0s | Iter Loss 196.1021 | Iter Mean Loss 405.4877
2020-10-29 18:48:56,539 - root - INFO - Training: Epoch 0084 / 0100 | Iter 0003 / 0003 | Time 0.0s | Iter Loss 144.6376 | Iter Mean Loss 340.2752
2020-10-29 18:48:56,542 - root - INFO - Evaluate: Epoch 0084 | NDCG 0.8640 | MSE 8.9027
2020-10-29 18:48:56,550 - root - INFO - Training: Epoch 0085 / 0100 | Iter 0000 / 0003 | Time 0.0s | Iter Loss 749.5781 | Iter Mean Loss 749.5781
2020-10-29 18:48:56,559 - root - INFO - Training: Epoch 0085 / 0100 | Iter 0001 / 0003 | Time 0.0s | Iter Loss 262.2307 | Iter Mean Loss 505.9044
2020-10-29 18:48:56,567 - root - INFO - Training: Epoch 0085 / 0100 | Iter 0002 / 0003 | Time 0.0s | Iter Loss 195.1855 | Iter Mean Loss 402.3314
2020-10-29 18:48:56,573 - root - INFO - Training: Epoch 0085 / 0100 | Iter 0003 / 0003 | Time 0.0s | Iter Loss 142.5066 | Iter Mean Loss 337.3752
2020-10-29 18:48:56,574 - root - INFO - Evaluate: Epoch 0085 | NDCG 0.8640 | MSE 8.8544
2020-10-29 18:48:56,581 - root - INFO - Training: Epoch 0086 / 0100 | Iter 0000 / 0003 | Time 0.0s | Iter Loss 743.8876 | Iter Mean Loss 743.8876
2020-10-29 18:48:56,589 - root - INFO - Training: Epoch 0086 / 0100 | Iter 0001 / 0003 | Time 0.0s | Iter Loss 259.5717 | Iter Mean Loss 501.7296
2020-10-29 18:48:56,598 - root - INFO - Training: Epoch 0086 / 0100 | Iter 0002 / 0003 | Time 0.0s | Iter Loss 194.2883 | Iter Mean Loss 399.2492
2020-10-29 18:48:56,604 - root - INFO - Training: Epoch 0086 / 0100 | Iter 0003 / 0003 | Time 0.0s | Iter Loss 140.4413 | Iter Mean Loss 334.5472
2020-10-29 18:48:56,605 - root - INFO - Evaluate: Epoch 0086 | NDCG 0.8724 | MSE 8.8062
2020-10-29 18:48:56,612 - root - INFO - Training: Epoch 0087 / 0100 | Iter 0000 / 0003 | Time 0.0s | Iter Loss 738.2986 | Iter Mean Loss 738.2986
2020-10-29 18:48:56,621 - root - INFO - Training: Epoch 0087 / 0100 | Iter 0001 / 0003 | Time 0.0s | Iter Loss 257.0110 | Iter Mean Loss 497.6548
2020-10-29 18:48:56,627 - root - INFO - Training: Epoch 0087 / 0100 | Iter 0002 / 0003 | Time 0.0s | Iter Loss 193.4067 | Iter Mean Loss 396.2388
2020-10-29 18:48:56,634 - root - INFO - Training: Epoch 0087 / 0100 | Iter 0003 / 0003 | Time 0.0s | Iter Loss 138.4408 | Iter Mean Loss 331.7893
2020-10-29 18:48:56,636 - root - INFO - Evaluate: Epoch 0087 | NDCG 0.8724 | MSE 8.7583
2020-10-29 18:48:56,643 - root - INFO - Training: Epoch 0088 / 0100 | Iter 0000 / 0003 | Time 0.0s | Iter Loss 732.8105 | Iter Mean Loss 732.8105
2020-10-29 18:48:56,650 - root - INFO - Training: Epoch 0088 / 0100 | Iter 0001 / 0003 | Time 0.0s | Iter Loss 254.5449 | Iter Mean Loss 493.6777
2020-10-29 18:48:56,659 - root - INFO - Training: Epoch 0088 / 0100 | Iter 0002 / 0003 | Time 0.0s | Iter Loss 192.5369 | Iter Mean Loss 393.2974
2020-10-29 18:48:56,665 - root - INFO - Training: Epoch 0088 / 0100 | Iter 0003 / 0003 | Time 0.0s | Iter Loss 136.5036 | Iter Mean Loss 329.0990
2020-10-29 18:48:56,668 - root - INFO - Evaluate: Epoch 0088 | NDCG 0.8724 | MSE 8.7106
2020-10-29 18:48:56,676 - root - INFO - Training: Epoch 0089 / 0100 | Iter 0000 / 0003 | Time 0.0s | Iter Loss 727.4218 | Iter Mean Loss 727.4218
2020-10-29 18:48:56,683 - root - INFO - Training: Epoch 0089 / 0100 | Iter 0001 / 0003 | Time 0.0s | Iter Loss 252.1696 | Iter Mean Loss 489.7957
2020-10-29 18:48:56,690 - root - INFO - Training: Epoch 0089 / 0100 | Iter 0002 / 0003 | Time 0.0s | Iter Loss 191.6757 | Iter Mean Loss 390.4224
2020-10-29 18:48:56,696 - root - INFO - Training: Epoch 0089 / 0100 | Iter 0003 / 0003 | Time 0.0s | Iter Loss 134.6284 | Iter Mean Loss 326.4739
2020-10-29 18:48:56,697 - root - INFO - Evaluate: Epoch 0089 | NDCG 0.8724 | MSE 8.6633
2020-10-29 18:48:56,704 - root - INFO - Training: Epoch 0090 / 0100 | Iter 0000 / 0003 | Time 0.0s | Iter Loss 722.1313 | Iter Mean Loss 722.1313
2020-10-29 18:48:56,712 - root - INFO - Training: Epoch 0090 / 0100 | Iter 0001 / 0003 | Time 0.0s | Iter Loss 249.8813 | Iter Mean Loss 486.0063
2020-10-29 18:48:56,719 - root - INFO - Training: Epoch 0090 / 0100 | Iter 0002 / 0003 | Time 0.0s | Iter Loss 190.8203 | Iter Mean Loss 387.6110
2020-10-29 18:48:56,725 - root - INFO - Training: Epoch 0090 / 0100 | Iter 0003 / 0003 | Time 0.0s | Iter Loss 132.8140 | Iter Mean Loss 323.9117
2020-10-29 18:48:56,727 - root - INFO - Evaluate: Epoch 0090 | NDCG 0.8724 | MSE 8.6164
2020-10-29 18:48:56,733 - root - INFO - Training: Epoch 0091 / 0100 | Iter 0000 / 0003 | Time 0.0s | Iter Loss 716.9375 | Iter Mean Loss 716.9375
2020-10-29 18:48:56,739 - root - INFO - Training: Epoch 0091 / 0100 | Iter 0001 / 0003 | Time 0.0s | Iter Loss 247.6762 | Iter Mean Loss 482.3068
2020-10-29 18:48:56,746 - root - INFO - Training: Epoch 0091 / 0100 | Iter 0002 / 0003 | Time 0.0s | Iter Loss 189.9680 | Iter Mean Loss 384.8606
2020-10-29 18:48:56,751 - root - INFO - Training: Epoch 0091 / 0100 | Iter 0003 / 0003 | Time 0.0s | Iter Loss 131.0586 | Iter Mean Loss 321.4101
2020-10-29 18:48:56,753 - root - INFO - Evaluate: Epoch 0091 | NDCG 0.8724 | MSE 8.5700
2020-10-29 18:48:56,760 - root - INFO - Training: Epoch 0092 / 0100 | Iter 0000 / 0003 | Time 0.0s | Iter Loss 711.8384 | Iter Mean Loss 711.8384
2020-10-29 18:48:56,768 - root - INFO - Training: Epoch 0092 / 0100 | Iter 0001 / 0003 | Time 0.0s | Iter Loss 245.5503 | Iter Mean Loss 478.6944
2020-10-29 18:48:56,775 - root - INFO - Training: Epoch 0092 / 0100 | Iter 0002 / 0003 | Time 0.0s | Iter Loss 189.1171 | Iter Mean Loss 382.1686
2020-10-29 18:48:56,783 - root - INFO - Training: Epoch 0092 / 0100 | Iter 0003 / 0003 | Time 0.0s | Iter Loss 129.3607 | Iter Mean Loss 318.9666
2020-10-29 18:48:56,785 - root - INFO - Evaluate: Epoch 0092 | NDCG 0.8724 | MSE 8.5241
2020-10-29 18:48:56,793 - root - INFO - Training: Epoch 0093 / 0100 | Iter 0000 / 0003 | Time 0.0s | Iter Loss 706.8318 | Iter Mean Loss 706.8318
2020-10-29 18:48:56,801 - root - INFO - Training: Epoch 0093 / 0100 | Iter 0001 / 0003 | Time 0.0s | Iter Loss 243.4999 | Iter Mean Loss 475.1659
2020-10-29 18:48:56,808 - root - INFO - Training: Epoch 0093 / 0100 | Iter 0002 / 0003 | Time 0.0s | Iter Loss 188.2661 | Iter Mean Loss 379.5326
2020-10-29 18:48:56,813 - root - INFO - Training: Epoch 0093 / 0100 | Iter 0003 / 0003 | Time 0.0s | Iter Loss 127.7185 | Iter Mean Loss 316.5791
2020-10-29 18:48:56,815 - root - INFO - Evaluate: Epoch 0093 | NDCG 0.8734 | MSE 8.4788
2020-10-29 18:48:56,822 - root - INFO - Training: Epoch 0094 / 0100 | Iter 0000 / 0003 | Time 0.0s | Iter Loss 701.9158 | Iter Mean Loss 701.9158
2020-10-29 18:48:56,830 - root - INFO - Training: Epoch 0094 / 0100 | Iter 0001 / 0003 | Time 0.0s | Iter Loss 241.5213 | Iter Mean Loss 471.7185
2020-10-29 18:48:56,836 - root - INFO - Training: Epoch 0094 / 0100 | Iter 0002 / 0003 | Time 0.0s | Iter Loss 187.4139 | Iter Mean Loss 376.9503
2020-10-29 18:48:56,844 - root - INFO - Training: Epoch 0094 / 0100 | Iter 0003 / 0003 | Time 0.0s | Iter Loss 126.1304 | Iter Mean Loss 314.2453
2020-10-29 18:48:56,847 - root - INFO - Evaluate: Epoch 0094 | NDCG 0.8734 | MSE 8.4340
2020-10-29 18:48:56,854 - root - INFO - Training: Epoch 0095 / 0100 | Iter 0000 / 0003 | Time 0.0s | Iter Loss 697.0877 | Iter Mean Loss 697.0877
2020-10-29 18:48:56,861 - root - INFO - Training: Epoch 0095 / 0100 | Iter 0001 / 0003 | Time 0.0s | Iter Loss 239.6109 | Iter Mean Loss 468.3493
2020-10-29 18:48:56,868 - root - INFO - Training: Epoch 0095 / 0100 | Iter 0002 / 0003 | Time 0.0s | Iter Loss 186.5599 | Iter Mean Loss 374.4195
2020-10-29 18:48:56,874 - root - INFO - Training: Epoch 0095 / 0100 | Iter 0003 / 0003 | Time 0.0s | Iter Loss 124.5944 | Iter Mean Loss 311.9632
2020-10-29 18:48:56,876 - root - INFO - Evaluate: Epoch 0095 | NDCG 0.8734 | MSE 8.3898
2020-10-29 18:48:56,883 - root - INFO - Training: Epoch 0096 / 0100 | Iter 0000 / 0003 | Time 0.0s | Iter Loss 692.3455 | Iter Mean Loss 692.3455
2020-10-29 18:48:56,890 - root - INFO - Training: Epoch 0096 / 0100 | Iter 0001 / 0003 | Time 0.0s | Iter Loss 237.7653 | Iter Mean Loss 465.0554
2020-10-29 18:48:56,899 - root - INFO - Training: Epoch 0096 / 0100 | Iter 0002 / 0003 | Time 0.0s | Iter Loss 185.7036 | Iter Mean Loss 371.9382
2020-10-29 18:48:56,905 - root - INFO - Training: Epoch 0096 / 0100 | Iter 0003 / 0003 | Time 0.0s | Iter Loss 123.1088 | Iter Mean Loss 309.7308
2020-10-29 18:48:56,907 - root - INFO - Evaluate: Epoch 0096 | NDCG 0.8734 | MSE 8.3463
2020-10-29 18:48:56,914 - root - INFO - Training: Epoch 0097 / 0100 | Iter 0000 / 0003 | Time 0.0s | Iter Loss 687.6867 | Iter Mean Loss 687.6867
2020-10-29 18:48:56,922 - root - INFO - Training: Epoch 0097 / 0100 | Iter 0001 / 0003 | Time 0.0s | Iter Loss 235.9813 | Iter Mean Loss 461.8340
2020-10-29 18:48:56,928 - root - INFO - Training: Epoch 0097 / 0100 | Iter 0002 / 0003 | Time 0.0s | Iter Loss 184.8453 | Iter Mean Loss 369.5044
2020-10-29 18:48:56,934 - root - INFO - Training: Epoch 0097 / 0100 | Iter 0003 / 0003 | Time 0.0s | Iter Loss 121.6717 | Iter Mean Loss 307.5462
2020-10-29 18:48:56,936 - root - INFO - Evaluate: Epoch 0097 | NDCG 0.8734 | MSE 8.3034
2020-10-29 18:48:56,943 - root - INFO - Training: Epoch 0098 / 0100 | Iter 0000 / 0003 | Time 0.0s | Iter Loss 683.1090 | Iter Mean Loss 683.1090
2020-10-29 18:48:56,951 - root - INFO - Training: Epoch 0098 / 0100 | Iter 0001 / 0003 | Time 0.0s | Iter Loss 234.2556 | Iter Mean Loss 458.6823
2020-10-29 18:48:56,959 - root - INFO - Training: Epoch 0098 / 0100 | Iter 0002 / 0003 | Time 0.0s | Iter Loss 183.9849 | Iter Mean Loss 367.1165
2020-10-29 18:48:56,967 - root - INFO - Training: Epoch 0098 / 0100 | Iter 0003 / 0003 | Time 0.0s | Iter Loss 120.2811 | Iter Mean Loss 305.4077
2020-10-29 18:48:56,969 - root - INFO - Evaluate: Epoch 0098 | NDCG 0.8734 | MSE 8.2612
2020-10-29 18:48:56,978 - root - INFO - Training: Epoch 0099 / 0100 | Iter 0000 / 0003 | Time 0.0s | Iter Loss 678.6100 | Iter Mean Loss 678.6100
2020-10-29 18:48:56,988 - root - INFO - Training: Epoch 0099 / 0100 | Iter 0001 / 0003 | Time 0.0s | Iter Loss 232.5855 | Iter Mean Loss 455.5978
2020-10-29 18:48:56,996 - root - INFO - Training: Epoch 0099 / 0100 | Iter 0002 / 0003 | Time 0.0s | Iter Loss 183.1231 | Iter Mean Loss 364.7729
2020-10-29 18:48:57,005 - root - INFO - Training: Epoch 0099 / 0100 | Iter 0003 / 0003 | Time 0.0s | Iter Loss 118.9353 | Iter Mean Loss 303.3135
2020-10-29 18:48:57,007 - root - INFO - Evaluate: Epoch 0099 | NDCG 0.8734 | MSE 8.2196
2020-10-29 18:48:57,007 - root - INFO - [!]-----------training done.
