2020-10-29 18:18:22,716 - root - INFO - Namespace(K=10, O1_print_every=1, O2_print_every=1, O3_print_every=1, O4_print_every=1, auto_encoder_dim=9, batch_size=32, city_name='Nanjing', data_dir='datasets/', enterprise=['luckin coffee瑞幸咖啡', 'CoCo都可', '星巴克'], eps=1e-09, evaluate_every=1, gamma=8, grid_size_latitude_degree=0.005, grid_size_longitude_degree=0.005, lambda_1=1, lambda_2=0.5, lambda_3=0.5, lambda_4=0.025, lr=0.001, mess_dropout=0.1, n_epoch=100, print_every=1, save_dir='trained_model/Nanjing/source_area_coordinate118.735647-118.788862-32.042283-32.094942_target_area_coordinate118.735647-118.788862-32.042283-32.094942/', score_norm_max=400, seed=981125, source_area_coordinate=[118.735647, 118.788862, 32.042283, 32.094942], stopping_steps=10, target_area_coordinate=[118.771352, 118.823537, 32.013759, 32.060615], target_enterprise='luckin coffee瑞幸咖啡')
2020-10-29 18:18:22,717 - root - INFO - --------------parse args and init done.
2020-10-29 18:18:25,612 - root - INFO - [1 /10]       load dianping data done.
2020-10-29 18:18:25,629 - root - INFO - [2 /10]       check enterprise and get small category set.
2020-10-29 18:18:25,629 - root - INFO - n_source_grid: 100, n_target_grid: 90
2020-10-29 18:18:25,629 - root - INFO - [3 /10]       split grid done.
2020-10-29 18:18:26,252 - root - INFO - [4 /10]       distribute data into grids done.
2020-10-29 18:18:26,253 - root - INFO - [5 /10]       generate rating matrix for Transfer Rating Prediction Model done.
2020-10-29 18:18:26,344 - root - INFO - [6 /10]       extract geographic features done.
2020-10-29 18:18:26,489 - root - INFO - [7 /10]       extract commercial features done.
2020-10-29 18:18:26,490 - root - INFO - [8 /10]       combine features done.
2020-10-29 18:18:26,564 - root - INFO - [9 /10]       get PCCS and generate delta set done.
2020-10-29 18:18:26,565 - root - INFO - [10/10]       generate training and testing index done.
2020-10-29 18:18:26,599 - root - INFO - --------------load data done.
2020-10-29 18:18:26,602 - root - INFO - CityTransfer(
  (auto_encoder): ModuleList(
    (0): AutoEncoder(
      (encoder): Sequential(
        (0): Linear(in_features=21, out_features=14, bias=True)
        (1): Tanh()
        (2): Linear(in_features=14, out_features=9, bias=True)
      )
      (decoder): Sequential(
        (0): Linear(in_features=9, out_features=14, bias=True)
        (1): Tanh()
        (2): Linear(in_features=14, out_features=21, bias=True)
      )
    )
    (1): AutoEncoder(
      (encoder): Sequential(
        (0): Linear(in_features=21, out_features=14, bias=True)
        (1): Tanh()
        (2): Linear(in_features=14, out_features=9, bias=True)
      )
      (decoder): Sequential(
        (0): Linear(in_features=9, out_features=14, bias=True)
        (1): Tanh()
        (2): Linear(in_features=14, out_features=21, bias=True)
      )
    )
  )
)
2020-10-29 18:18:26,604 - root - INFO - --------------construct model and optimizer done.
2020-10-29 18:18:26,604 - root - INFO - --------------initialize metrics done.
2020-10-29 18:18:26,604 - root - INFO - [!]-----------start training.
2020-10-29 18:18:26,615 - root - INFO - Training: Epoch 0000 / 0100 | Iter 0000 / 0003 | Time 0.0s | Iter Loss 2342.9175 | Iter Mean Loss 2342.9175
2020-10-29 18:18:26,624 - root - INFO - Training: Epoch 0000 / 0100 | Iter 0001 / 0003 | Time 0.0s | Iter Loss 1893.8572 | Iter Mean Loss 2118.3873
2020-10-29 18:18:26,633 - root - INFO - Training: Epoch 0000 / 0100 | Iter 0002 / 0003 | Time 0.0s | Iter Loss 1061.6855 | Iter Mean Loss 1766.1534
2020-10-29 18:18:26,641 - root - INFO - Training: Epoch 0000 / 0100 | Iter 0003 / 0003 | Time 0.0s | Iter Loss 1223.5697 | Iter Mean Loss 1630.5075
2020-10-29 18:18:26,645 - root - INFO - Evaluate: Epoch 0000 | NDCG 0.2203 | MSE 1.4536
2020-10-29 18:18:26,654 - root - INFO - Training: Epoch 0001 / 0100 | Iter 0000 / 0003 | Time 0.0s | Iter Loss 2164.1714 | Iter Mean Loss 2164.1714
2020-10-29 18:18:26,663 - root - INFO - Training: Epoch 0001 / 0100 | Iter 0001 / 0003 | Time 0.0s | Iter Loss 1723.3636 | Iter Mean Loss 1943.7675
2020-10-29 18:18:26,672 - root - INFO - Training: Epoch 0001 / 0100 | Iter 0002 / 0003 | Time 0.0s | Iter Loss 915.2446 | Iter Mean Loss 1600.9265
2020-10-29 18:18:26,680 - root - INFO - Training: Epoch 0001 / 0100 | Iter 0003 / 0003 | Time 0.0s | Iter Loss 1148.9229 | Iter Mean Loss 1487.9256
2020-10-29 18:18:26,683 - root - INFO - Evaluate: Epoch 0001 | NDCG 0.2205 | MSE 1.4589
2020-10-29 18:18:26,693 - root - INFO - Training: Epoch 0002 / 0100 | Iter 0000 / 0003 | Time 0.0s | Iter Loss 2023.5051 | Iter Mean Loss 2023.5051
2020-10-29 18:18:26,702 - root - INFO - Training: Epoch 0002 / 0100 | Iter 0001 / 0003 | Time 0.0s | Iter Loss 1588.1499 | Iter Mean Loss 1805.8275
2020-10-29 18:18:26,712 - root - INFO - Training: Epoch 0002 / 0100 | Iter 0002 / 0003 | Time 0.0s | Iter Loss 798.9938 | Iter Mean Loss 1470.2163
2020-10-29 18:18:26,720 - root - INFO - Training: Epoch 0002 / 0100 | Iter 0003 / 0003 | Time 0.0s | Iter Loss 1089.0974 | Iter Mean Loss 1374.9366
2020-10-29 18:18:26,725 - root - INFO - Evaluate: Epoch 0002 | NDCG 0.2205 | MSE 1.4550
2020-10-29 18:18:26,736 - root - INFO - Training: Epoch 0003 / 0100 | Iter 0000 / 0003 | Time 0.0s | Iter Loss 1911.6760 | Iter Mean Loss 1911.6760
2020-10-29 18:18:26,746 - root - INFO - Training: Epoch 0003 / 0100 | Iter 0001 / 0003 | Time 0.0s | Iter Loss 1480.8933 | Iter Mean Loss 1696.2847
2020-10-29 18:18:26,756 - root - INFO - Training: Epoch 0003 / 0100 | Iter 0002 / 0003 | Time 0.0s | Iter Loss 707.0950 | Iter Mean Loss 1366.5548
2020-10-29 18:18:26,765 - root - INFO - Training: Epoch 0003 / 0100 | Iter 0003 / 0003 | Time 0.0s | Iter Loss 1041.3894 | Iter Mean Loss 1285.2634
2020-10-29 18:18:26,769 - root - INFO - Evaluate: Epoch 0003 | NDCG 0.2205 | MSE 1.4429
2020-10-29 18:18:26,780 - root - INFO - Training: Epoch 0004 / 0100 | Iter 0000 / 0003 | Time 0.0s | Iter Loss 1823.2123 | Iter Mean Loss 1823.2123
2020-10-29 18:18:26,791 - root - INFO - Training: Epoch 0004 / 0100 | Iter 0001 / 0003 | Time 0.0s | Iter Loss 1396.3921 | Iter Mean Loss 1609.8022
2020-10-29 18:18:26,800 - root - INFO - Training: Epoch 0004 / 0100 | Iter 0002 / 0003 | Time 0.0s | Iter Loss 635.0718 | Iter Mean Loss 1284.8920
2020-10-29 18:18:26,808 - root - INFO - Training: Epoch 0004 / 0100 | Iter 0003 / 0003 | Time 0.0s | Iter Loss 1003.6073 | Iter Mean Loss 1214.5709
2020-10-29 18:18:26,812 - root - INFO - Evaluate: Epoch 0004 | NDCG 0.2205 | MSE 1.4259
2020-10-29 18:18:26,822 - root - INFO - Training: Epoch 0005 / 0100 | Iter 0000 / 0003 | Time 0.0s | Iter Loss 1753.9075 | Iter Mean Loss 1753.9075
2020-10-29 18:18:26,831 - root - INFO - Training: Epoch 0005 / 0100 | Iter 0001 / 0003 | Time 0.0s | Iter Loss 1330.5697 | Iter Mean Loss 1542.2386
2020-10-29 18:18:26,840 - root - INFO - Training: Epoch 0005 / 0100 | Iter 0002 / 0003 | Time 0.0s | Iter Loss 579.3799 | Iter Mean Loss 1221.2857
2020-10-29 18:18:26,848 - root - INFO - Training: Epoch 0005 / 0100 | Iter 0003 / 0003 | Time 0.0s | Iter Loss 973.9293 | Iter Mean Loss 1159.4466
2020-10-29 18:18:26,851 - root - INFO - Evaluate: Epoch 0005 | NDCG 0.2205 | MSE 1.4073
2020-10-29 18:18:26,861 - root - INFO - Training: Epoch 0006 / 0100 | Iter 0000 / 0003 | Time 0.0s | Iter Loss 1700.2744 | Iter Mean Loss 1700.2744
2020-10-29 18:18:26,870 - root - INFO - Training: Epoch 0006 / 0100 | Iter 0001 / 0003 | Time 0.0s | Iter Loss 1279.9465 | Iter Mean Loss 1490.1105
2020-10-29 18:18:26,879 - root - INFO - Training: Epoch 0006 / 0100 | Iter 0002 / 0003 | Time 0.0s | Iter Loss 536.9716 | Iter Mean Loss 1172.3975
2020-10-29 18:18:26,887 - root - INFO - Training: Epoch 0006 / 0100 | Iter 0003 / 0003 | Time 0.0s | Iter Loss 950.7237 | Iter Mean Loss 1116.9790
2020-10-29 18:18:26,892 - root - INFO - Evaluate: Epoch 0006 | NDCG 0.2204 | MSE 1.3892
2020-10-29 18:18:26,902 - root - INFO - Training: Epoch 0007 / 0100 | Iter 0000 / 0003 | Time 0.0s | Iter Loss 1659.1785 | Iter Mean Loss 1659.1785
2020-10-29 18:18:26,912 - root - INFO - Training: Epoch 0007 / 0100 | Iter 0001 / 0003 | Time 0.0s | Iter Loss 1241.3486 | Iter Mean Loss 1450.2635
2020-10-29 18:18:26,922 - root - INFO - Training: Epoch 0007 / 0100 | Iter 0002 / 0003 | Time 0.0s | Iter Loss 505.0578 | Iter Mean Loss 1135.1950
2020-10-29 18:18:26,930 - root - INFO - Training: Epoch 0007 / 0100 | Iter 0003 / 0003 | Time 0.0s | Iter Loss 932.4975 | Iter Mean Loss 1084.5206
2020-10-29 18:18:26,935 - root - INFO - Evaluate: Epoch 0007 | NDCG 0.2204 | MSE 1.3733
2020-10-29 18:18:26,946 - root - INFO - Training: Epoch 0008 / 0100 | Iter 0000 / 0003 | Time 0.0s | Iter Loss 1627.7091 | Iter Mean Loss 1627.7091
2020-10-29 18:18:26,957 - root - INFO - Training: Epoch 0008 / 0100 | Iter 0001 / 0003 | Time 0.0s | Iter Loss 1211.8335 | Iter Mean Loss 1419.7713
2020-10-29 18:18:26,967 - root - INFO - Training: Epoch 0008 / 0100 | Iter 0002 / 0003 | Time 0.0s | Iter Loss 481.0543 | Iter Mean Loss 1106.8656
2020-10-29 18:18:26,975 - root - INFO - Training: Epoch 0008 / 0100 | Iter 0003 / 0003 | Time 0.0s | Iter Loss 917.9198 | Iter Mean Loss 1059.6292
2020-10-29 18:18:26,980 - root - INFO - Evaluate: Epoch 0008 | NDCG 0.2204 | MSE 1.3604
2020-10-29 18:18:26,990 - root - INFO - Training: Epoch 0009 / 0100 | Iter 0000 / 0003 | Time 0.0s | Iter Loss 1603.2190 | Iter Mean Loss 1603.2190
2020-10-29 18:18:27,001 - root - INFO - Training: Epoch 0009 / 0100 | Iter 0001 / 0003 | Time 0.0s | Iter Loss 1188.7631 | Iter Mean Loss 1395.9910
2020-10-29 18:18:27,010 - root - INFO - Training: Epoch 0009 / 0100 | Iter 0002 / 0003 | Time 0.0s | Iter Loss 462.6512 | Iter Mean Loss 1084.8777
2020-10-29 18:18:27,018 - root - INFO - Training: Epoch 0009 / 0100 | Iter 0003 / 0003 | Time 0.0s | Iter Loss 905.8713 | Iter Mean Loss 1040.1261
2020-10-29 18:18:27,022 - root - INFO - Evaluate: Epoch 0009 | NDCG 0.2204 | MSE 1.3510
2020-10-29 18:18:27,032 - root - INFO - Training: Epoch 0010 / 0100 | Iter 0000 / 0003 | Time 0.0s | Iter Loss 1583.4404 | Iter Mean Loss 1583.4404
2020-10-29 18:18:27,041 - root - INFO - Training: Epoch 0010 / 0100 | Iter 0001 / 0003 | Time 0.0s | Iter Loss 1169.9298 | Iter Mean Loss 1376.6851
2020-10-29 18:18:27,050 - root - INFO - Training: Epoch 0010 / 0100 | Iter 0002 / 0003 | Time 0.0s | Iter Loss 447.9232 | Iter Mean Loss 1067.0978
2020-10-29 18:18:27,057 - root - INFO - Training: Epoch 0010 / 0100 | Iter 0003 / 0003 | Time 0.0s | Iter Loss 895.4705 | Iter Mean Loss 1024.1910
2020-10-29 18:18:27,061 - root - INFO - Evaluate: Epoch 0010 | NDCG 0.2192 | MSE 1.3450
2020-10-29 18:18:27,071 - root - INFO - Training: Epoch 0011 / 0100 | Iter 0000 / 0003 | Time 0.0s | Iter Loss 1566.5878 | Iter Mean Loss 1566.5878
2020-10-29 18:18:27,080 - root - INFO - Training: Epoch 0011 / 0100 | Iter 0001 / 0003 | Time 0.0s | Iter Loss 1153.6417 | Iter Mean Loss 1360.1147
2020-10-29 18:18:27,089 - root - INFO - Training: Epoch 0011 / 0100 | Iter 0002 / 0003 | Time 0.0s | Iter Loss 435.4047 | Iter Mean Loss 1051.8781
2020-10-29 18:18:27,097 - root - INFO - Training: Epoch 0011 / 0100 | Iter 0003 / 0003 | Time 0.0s | Iter Loss 886.0727 | Iter Mean Loss 1010.4267
2020-10-29 18:18:27,100 - root - INFO - Evaluate: Epoch 0011 | NDCG 0.2646 | MSE 1.3416
2020-10-29 18:18:27,110 - root - INFO - Training: Epoch 0012 / 0100 | Iter 0000 / 0003 | Time 0.0s | Iter Loss 1551.3979 | Iter Mean Loss 1551.3979
2020-10-29 18:18:27,121 - root - INFO - Training: Epoch 0012 / 0100 | Iter 0001 / 0003 | Time 0.0s | Iter Loss 1138.7438 | Iter Mean Loss 1345.0709
2020-10-29 18:18:27,130 - root - INFO - Training: Epoch 0012 / 0100 | Iter 0002 / 0003 | Time 0.0s | Iter Loss 424.1070 | Iter Mean Loss 1038.0829
2020-10-29 18:18:27,138 - root - INFO - Training: Epoch 0012 / 0100 | Iter 0003 / 0003 | Time 0.0s | Iter Loss 877.2540 | Iter Mean Loss 997.8757
2020-10-29 18:18:27,143 - root - INFO - Evaluate: Epoch 0012 | NDCG 0.1902 | MSE 1.3397
2020-10-29 18:18:27,154 - root - INFO - Training: Epoch 0013 / 0100 | Iter 0000 / 0003 | Time 0.0s | Iter Loss 1537.1018 | Iter Mean Loss 1537.1018
2020-10-29 18:18:27,164 - root - INFO - Training: Epoch 0013 / 0100 | Iter 0001 / 0003 | Time 0.0s | Iter Loss 1124.5706 | Iter Mean Loss 1330.8362
2020-10-29 18:18:27,174 - root - INFO - Training: Epoch 0013 / 0100 | Iter 0002 / 0003 | Time 0.0s | Iter Loss 413.4709 | Iter Mean Loss 1025.0478
2020-10-29 18:18:27,183 - root - INFO - Training: Epoch 0013 / 0100 | Iter 0003 / 0003 | Time 0.0s | Iter Loss 868.7725 | Iter Mean Loss 985.9789
2020-10-29 18:18:27,187 - root - INFO - Evaluate: Epoch 0013 | NDCG 0.2019 | MSE 1.3380
2020-10-29 18:18:27,198 - root - INFO - Training: Epoch 0014 / 0100 | Iter 0000 / 0003 | Time 0.0s | Iter Loss 1523.3269 | Iter Mean Loss 1523.3269
2020-10-29 18:18:27,208 - root - INFO - Training: Epoch 0014 / 0100 | Iter 0001 / 0003 | Time 0.0s | Iter Loss 1110.8340 | Iter Mean Loss 1317.0804
2020-10-29 18:18:27,217 - root - INFO - Training: Epoch 0014 / 0100 | Iter 0002 / 0003 | Time 0.0s | Iter Loss 403.2603 | Iter Mean Loss 1012.4737
2020-10-29 18:18:27,225 - root - INFO - Training: Epoch 0014 / 0100 | Iter 0003 / 0003 | Time 0.0s | Iter Loss 860.5157 | Iter Mean Loss 974.4842
2020-10-29 18:18:27,229 - root - INFO - Evaluate: Epoch 0014 | NDCG 0.2019 | MSE 1.3354
2020-10-29 18:18:27,239 - root - INFO - Training: Epoch 0015 / 0100 | Iter 0000 / 0003 | Time 0.0s | Iter Loss 1509.9601 | Iter Mean Loss 1509.9601
2020-10-29 18:18:27,248 - root - INFO - Training: Epoch 0015 / 0100 | Iter 0001 / 0003 | Time 0.0s | Iter Loss 1097.4755 | Iter Mean Loss 1303.7178
2020-10-29 18:18:27,256 - root - INFO - Training: Epoch 0015 / 0100 | Iter 0002 / 0003 | Time 0.0s | Iter Loss 393.4318 | Iter Mean Loss 1000.2891
2020-10-29 18:18:27,264 - root - INFO - Training: Epoch 0015 / 0100 | Iter 0003 / 0003 | Time 0.0s | Iter Loss 852.4442 | Iter Mean Loss 963.3279
2020-10-29 18:18:27,268 - root - INFO - Evaluate: Epoch 0015 | NDCG 0.2009 | MSE 1.3310
2020-10-29 18:18:27,277 - root - INFO - Training: Epoch 0016 / 0100 | Iter 0000 / 0003 | Time 0.0s | Iter Loss 1497.0128 | Iter Mean Loss 1497.0128
2020-10-29 18:18:27,286 - root - INFO - Training: Epoch 0016 / 0100 | Iter 0001 / 0003 | Time 0.0s | Iter Loss 1084.5336 | Iter Mean Loss 1290.7732
2020-10-29 18:18:27,295 - root - INFO - Training: Epoch 0016 / 0100 | Iter 0002 / 0003 | Time 0.0s | Iter Loss 384.0225 | Iter Mean Loss 988.5230
2020-10-29 18:18:27,303 - root - INFO - Training: Epoch 0016 / 0100 | Iter 0003 / 0003 | Time 0.0s | Iter Loss 844.5489 | Iter Mean Loss 952.5294
2020-10-29 18:18:27,307 - root - INFO - Evaluate: Epoch 0016 | NDCG 0.2009 | MSE 1.3247
2020-10-29 18:18:27,317 - root - INFO - Training: Epoch 0017 / 0100 | Iter 0000 / 0003 | Time 0.0s | Iter Loss 1484.5295 | Iter Mean Loss 1484.5295
2020-10-29 18:18:27,327 - root - INFO - Training: Epoch 0017 / 0100 | Iter 0001 / 0003 | Time 0.0s | Iter Loss 1072.0629 | Iter Mean Loss 1278.2962
2020-10-29 18:18:27,336 - root - INFO - Training: Epoch 0017 / 0100 | Iter 0002 / 0003 | Time 0.0s | Iter Loss 375.0837 | Iter Mean Loss 977.2254
2020-10-29 18:18:27,345 - root - INFO - Training: Epoch 0017 / 0100 | Iter 0003 / 0003 | Time 0.0s | Iter Loss 836.8304 | Iter Mean Loss 942.1266
2020-10-29 18:18:27,349 - root - INFO - Evaluate: Epoch 0017 | NDCG 0.2009 | MSE 1.3166
2020-10-29 18:18:27,360 - root - INFO - Training: Epoch 0018 / 0100 | Iter 0000 / 0003 | Time 0.0s | Iter Loss 1472.5436 | Iter Mean Loss 1472.5436
2020-10-29 18:18:27,369 - root - INFO - Training: Epoch 0018 / 0100 | Iter 0001 / 0003 | Time 0.0s | Iter Loss 1060.0989 | Iter Mean Loss 1266.3212
2020-10-29 18:18:27,379 - root - INFO - Training: Epoch 0018 / 0100 | Iter 0002 / 0003 | Time 0.0s | Iter Loss 366.6496 | Iter Mean Loss 966.4307
2020-10-29 18:18:27,388 - root - INFO - Training: Epoch 0018 / 0100 | Iter 0003 / 0003 | Time 0.0s | Iter Loss 829.2897 | Iter Mean Loss 932.1454
2020-10-29 18:18:27,392 - root - INFO - Evaluate: Epoch 0018 | NDCG 0.1986 | MSE 1.3071
2020-10-29 18:18:27,405 - root - INFO - Training: Epoch 0019 / 0100 | Iter 0000 / 0003 | Time 0.0s | Iter Loss 1461.0638 | Iter Mean Loss 1461.0638
2020-10-29 18:18:27,419 - root - INFO - Training: Epoch 0019 / 0100 | Iter 0001 / 0003 | Time 0.0s | Iter Loss 1048.6471 | Iter Mean Loss 1254.8555
2020-10-29 18:18:27,430 - root - INFO - Training: Epoch 0019 / 0100 | Iter 0002 / 0003 | Time 0.0s | Iter Loss 358.7275 | Iter Mean Loss 956.1462
2020-10-29 18:18:27,442 - root - INFO - Training: Epoch 0019 / 0100 | Iter 0003 / 0003 | Time 0.0s | Iter Loss 821.9235 | Iter Mean Loss 922.5905
2020-10-29 18:18:27,447 - root - INFO - Evaluate: Epoch 0019 | NDCG 0.1986 | MSE 1.2967
2020-10-29 18:18:27,462 - root - INFO - Training: Epoch 0020 / 0100 | Iter 0000 / 0003 | Time 0.0s | Iter Loss 1450.0707 | Iter Mean Loss 1450.0707
2020-10-29 18:18:27,475 - root - INFO - Training: Epoch 0020 / 0100 | Iter 0001 / 0003 | Time 0.0s | Iter Loss 1037.6849 | Iter Mean Loss 1243.8778
2020-10-29 18:18:27,486 - root - INFO - Training: Epoch 0020 / 0100 | Iter 0002 / 0003 | Time 0.0s | Iter Loss 351.2984 | Iter Mean Loss 946.3513
2020-10-29 18:18:27,497 - root - INFO - Training: Epoch 0020 / 0100 | Iter 0003 / 0003 | Time 0.0s | Iter Loss 814.7214 | Iter Mean Loss 913.4438
2020-10-29 18:18:27,501 - root - INFO - Evaluate: Epoch 0020 | NDCG 0.1986 | MSE 1.2859
2020-10-29 18:18:27,513 - root - INFO - Training: Epoch 0021 / 0100 | Iter 0000 / 0003 | Time 0.0s | Iter Loss 1439.5251 | Iter Mean Loss 1439.5251
2020-10-29 18:18:27,524 - root - INFO - Training: Epoch 0021 / 0100 | Iter 0001 / 0003 | Time 0.0s | Iter Loss 1027.1715 | Iter Mean Loss 1233.3483
2020-10-29 18:18:27,536 - root - INFO - Training: Epoch 0021 / 0100 | Iter 0002 / 0003 | Time 0.0s | Iter Loss 344.3273 | Iter Mean Loss 937.0080
2020-10-29 18:18:27,548 - root - INFO - Training: Epoch 0021 / 0100 | Iter 0003 / 0003 | Time 0.0s | Iter Loss 807.6704 | Iter Mean Loss 904.6736
2020-10-29 18:18:27,553 - root - INFO - Evaluate: Epoch 0021 | NDCG 0.1925 | MSE 1.2750
2020-10-29 18:18:27,567 - root - INFO - Training: Epoch 0022 / 0100 | Iter 0000 / 0003 | Time 0.0s | Iter Loss 1429.3805 | Iter Mean Loss 1429.3805
2020-10-29 18:18:27,578 - root - INFO - Training: Epoch 0022 / 0100 | Iter 0001 / 0003 | Time 0.0s | Iter Loss 1017.0619 | Iter Mean Loss 1223.2212
2020-10-29 18:18:27,588 - root - INFO - Training: Epoch 0022 / 0100 | Iter 0002 / 0003 | Time 0.0s | Iter Loss 337.7778 | Iter Mean Loss 928.0734
2020-10-29 18:18:27,597 - root - INFO - Training: Epoch 0022 / 0100 | Iter 0003 / 0003 | Time 0.0s | Iter Loss 800.7568 | Iter Mean Loss 896.2442
2020-10-29 18:18:27,601 - root - INFO - Evaluate: Epoch 0022 | NDCG 0.1880 | MSE 1.2641
2020-10-29 18:18:27,611 - root - INFO - Training: Epoch 0023 / 0100 | Iter 0000 / 0003 | Time 0.0s | Iter Loss 1419.5964 | Iter Mean Loss 1419.5964
2020-10-29 18:18:27,621 - root - INFO - Training: Epoch 0023 / 0100 | Iter 0001 / 0003 | Time 0.0s | Iter Loss 1007.3175 | Iter Mean Loss 1213.4570
2020-10-29 18:18:27,630 - root - INFO - Training: Epoch 0023 / 0100 | Iter 0002 / 0003 | Time 0.0s | Iter Loss 331.6212 | Iter Mean Loss 919.5117
2020-10-29 18:18:27,638 - root - INFO - Training: Epoch 0023 / 0100 | Iter 0003 / 0003 | Time 0.0s | Iter Loss 793.9713 | Iter Mean Loss 888.1266
2020-10-29 18:18:27,642 - root - INFO - Evaluate: Epoch 0023 | NDCG 0.1844 | MSE 1.2532
2020-10-29 18:18:27,651 - root - INFO - Training: Epoch 0024 / 0100 | Iter 0000 / 0003 | Time 0.0s | Iter Loss 1410.1418 | Iter Mean Loss 1410.1418
2020-10-29 18:18:27,661 - root - INFO - Training: Epoch 0024 / 0100 | Iter 0001 / 0003 | Time 0.0s | Iter Loss 997.9100 | Iter Mean Loss 1204.0259
2020-10-29 18:18:27,669 - root - INFO - Training: Epoch 0024 / 0100 | Iter 0002 / 0003 | Time 0.0s | Iter Loss 325.8366 | Iter Mean Loss 911.2962
2020-10-29 18:18:27,677 - root - INFO - Training: Epoch 0024 / 0100 | Iter 0003 / 0003 | Time 0.0s | Iter Loss 787.3093 | Iter Mean Loss 880.2994
2020-10-29 18:18:27,681 - root - INFO - Evaluate: Epoch 0024 | NDCG 0.1208 | MSE 1.2422
2020-10-29 18:18:27,690 - root - INFO - Training: Epoch 0025 / 0100 | Iter 0000 / 0003 | Time 0.0s | Iter Loss 1400.9944 | Iter Mean Loss 1400.9944
2020-10-29 18:18:27,700 - root - INFO - Training: Epoch 0025 / 0100 | Iter 0001 / 0003 | Time 0.0s | Iter Loss 988.8170 | Iter Mean Loss 1194.9057
2020-10-29 18:18:27,709 - root - INFO - Training: Epoch 0025 / 0100 | Iter 0002 / 0003 | Time 0.0s | Iter Loss 320.4069 | Iter Mean Loss 903.4061
2020-10-29 18:18:27,717 - root - INFO - Training: Epoch 0025 / 0100 | Iter 0003 / 0003 | Time 0.0s | Iter Loss 780.7708 | Iter Mean Loss 872.7473
2020-10-29 18:18:27,721 - root - INFO - Evaluate: Epoch 0025 | NDCG 0.1208 | MSE 1.2309
2020-10-29 18:18:27,730 - root - INFO - Training: Epoch 0026 / 0100 | Iter 0000 / 0003 | Time 0.0s | Iter Loss 1392.1361 | Iter Mean Loss 1392.1361
2020-10-29 18:18:27,741 - root - INFO - Training: Epoch 0026 / 0100 | Iter 0001 / 0003 | Time 0.0s | Iter Loss 980.0203 | Iter Mean Loss 1186.0782
2020-10-29 18:18:27,750 - root - INFO - Training: Epoch 0026 / 0100 | Iter 0002 / 0003 | Time 0.0s | Iter Loss 315.3159 | Iter Mean Loss 895.8241
2020-10-29 18:18:27,758 - root - INFO - Training: Epoch 0026 / 0100 | Iter 0003 / 0003 | Time 0.0s | Iter Loss 774.3602 | Iter Mean Loss 865.4581
2020-10-29 18:18:27,763 - root - INFO - Evaluate: Epoch 0026 | NDCG 0.1208 | MSE 1.2194
2020-10-29 18:18:27,773 - root - INFO - Training: Epoch 0027 / 0100 | Iter 0000 / 0003 | Time 0.0s | Iter Loss 1383.5507 | Iter Mean Loss 1383.5507
2020-10-29 18:18:27,783 - root - INFO - Training: Epoch 0027 / 0100 | Iter 0001 / 0003 | Time 0.0s | Iter Loss 971.5040 | Iter Mean Loss 1177.5273
2020-10-29 18:18:27,792 - root - INFO - Training: Epoch 0027 / 0100 | Iter 0002 / 0003 | Time 0.0s | Iter Loss 310.5479 | Iter Mean Loss 888.5342
2020-10-29 18:18:27,802 - root - INFO - Training: Epoch 0027 / 0100 | Iter 0003 / 0003 | Time 0.0s | Iter Loss 768.0853 | Iter Mean Loss 858.4219
2020-10-29 18:18:27,806 - root - INFO - Evaluate: Epoch 0027 | NDCG 0.1196 | MSE 1.2075
2020-10-29 18:18:27,818 - root - INFO - Training: Epoch 0028 / 0100 | Iter 0000 / 0003 | Time 0.0s | Iter Loss 1375.2239 | Iter Mean Loss 1375.2239
2020-10-29 18:18:27,829 - root - INFO - Training: Epoch 0028 / 0100 | Iter 0001 / 0003 | Time 0.0s | Iter Loss 963.2542 | Iter Mean Loss 1169.2390
2020-10-29 18:18:27,839 - root - INFO - Training: Epoch 0028 / 0100 | Iter 0002 / 0003 | Time 0.0s | Iter Loss 306.0876 | Iter Mean Loss 881.5219
2020-10-29 18:18:27,847 - root - INFO - Training: Epoch 0028 / 0100 | Iter 0003 / 0003 | Time 0.0s | Iter Loss 761.9547 | Iter Mean Loss 851.6301
2020-10-29 18:18:27,851 - root - INFO - Evaluate: Epoch 0028 | NDCG 0.1207 | MSE 1.1954
2020-10-29 18:18:27,860 - root - INFO - Training: Epoch 0029 / 0100 | Iter 0000 / 0003 | Time 0.0s | Iter Loss 1367.1418 | Iter Mean Loss 1367.1418
2020-10-29 18:18:27,869 - root - INFO - Training: Epoch 0029 / 0100 | Iter 0001 / 0003 | Time 0.0s | Iter Loss 955.2589 | Iter Mean Loss 1161.2004
2020-10-29 18:18:27,878 - root - INFO - Training: Epoch 0029 / 0100 | Iter 0002 / 0003 | Time 0.0s | Iter Loss 301.9206 | Iter Mean Loss 874.7738
2020-10-29 18:18:27,886 - root - INFO - Training: Epoch 0029 / 0100 | Iter 0003 / 0003 | Time 0.0s | Iter Loss 755.9773 | Iter Mean Loss 845.0747
2020-10-29 18:18:27,890 - root - INFO - Evaluate: Epoch 0029 | NDCG 0.1289 | MSE 1.1832
2020-10-29 18:18:27,900 - root - INFO - Training: Epoch 0030 / 0100 | Iter 0000 / 0003 | Time 0.0s | Iter Loss 1359.2904 | Iter Mean Loss 1359.2904
2020-10-29 18:18:27,909 - root - INFO - Training: Epoch 0030 / 0100 | Iter 0001 / 0003 | Time 0.0s | Iter Loss 947.5074 | Iter Mean Loss 1153.3989
2020-10-29 18:18:27,918 - root - INFO - Training: Epoch 0030 / 0100 | Iter 0002 / 0003 | Time 0.0s | Iter Loss 298.0336 | Iter Mean Loss 868.2771
2020-10-29 18:18:27,926 - root - INFO - Training: Epoch 0030 / 0100 | Iter 0003 / 0003 | Time 0.0s | Iter Loss 750.1598 | Iter Mean Loss 838.7478
2020-10-29 18:18:27,930 - root - INFO - Evaluate: Epoch 0030 | NDCG 0.1289 | MSE 1.1707
2020-10-29 18:18:27,941 - root - INFO - Training: Epoch 0031 / 0100 | Iter 0000 / 0003 | Time 0.0s | Iter Loss 1351.6543 | Iter Mean Loss 1351.6543
2020-10-29 18:18:27,951 - root - INFO - Training: Epoch 0031 / 0100 | Iter 0001 / 0003 | Time 0.0s | Iter Loss 939.9898 | Iter Mean Loss 1145.8221
2020-10-29 18:18:27,962 - root - INFO - Training: Epoch 0031 / 0100 | Iter 0002 / 0003 | Time 0.0s | Iter Loss 294.4130 | Iter Mean Loss 862.0190
2020-10-29 18:18:27,973 - root - INFO - Training: Epoch 0031 / 0100 | Iter 0003 / 0003 | Time 0.0s | Iter Loss 744.5068 | Iter Mean Loss 832.6410
2020-10-29 18:18:27,977 - root - INFO - Evaluate: Epoch 0031 | NDCG 0.1289 | MSE 1.1582
2020-10-29 18:18:27,989 - root - INFO - Training: Epoch 0032 / 0100 | Iter 0000 / 0003 | Time 0.0s | Iter Loss 1344.2185 | Iter Mean Loss 1344.2185
2020-10-29 18:18:28,001 - root - INFO - Training: Epoch 0032 / 0100 | Iter 0001 / 0003 | Time 0.0s | Iter Loss 932.6963 | Iter Mean Loss 1138.4574
2020-10-29 18:18:28,011 - root - INFO - Training: Epoch 0032 / 0100 | Iter 0002 / 0003 | Time 0.0s | Iter Loss 291.0453 | Iter Mean Loss 855.9867
2020-10-29 18:18:28,021 - root - INFO - Training: Epoch 0032 / 0100 | Iter 0003 / 0003 | Time 0.0s | Iter Loss 739.0198 | Iter Mean Loss 826.7450
2020-10-29 18:18:28,026 - root - INFO - Evaluate: Epoch 0032 | NDCG 0.1289 | MSE 1.1456
2020-10-29 18:18:28,038 - root - INFO - Training: Epoch 0033 / 0100 | Iter 0000 / 0003 | Time 0.0s | Iter Loss 1336.9658 | Iter Mean Loss 1336.9658
2020-10-29 18:18:28,047 - root - INFO - Training: Epoch 0033 / 0100 | Iter 0001 / 0003 | Time 0.0s | Iter Loss 925.6170 | Iter Mean Loss 1131.2914
2020-10-29 18:18:28,056 - root - INFO - Training: Epoch 0033 / 0100 | Iter 0002 / 0003 | Time 0.0s | Iter Loss 287.9161 | Iter Mean Loss 850.1663
2020-10-29 18:18:28,064 - root - INFO - Training: Epoch 0033 / 0100 | Iter 0003 / 0003 | Time 0.0s | Iter Loss 733.6962 | Iter Mean Loss 821.0488
2020-10-29 18:18:28,067 - root - INFO - Evaluate: Epoch 0033 | NDCG 0.1419 | MSE 1.1329
2020-10-29 18:18:28,077 - root - INFO - Training: Epoch 0034 / 0100 | Iter 0000 / 0003 | Time 0.0s | Iter Loss 1329.8781 | Iter Mean Loss 1329.8781
2020-10-29 18:18:28,086 - root - INFO - Training: Epoch 0034 / 0100 | Iter 0001 / 0003 | Time 0.0s | Iter Loss 918.7396 | Iter Mean Loss 1124.3088
2020-10-29 18:18:28,095 - root - INFO - Training: Epoch 0034 / 0100 | Iter 0002 / 0003 | Time 0.0s | Iter Loss 285.0097 | Iter Mean Loss 844.5424
2020-10-29 18:18:28,103 - root - INFO - Training: Epoch 0034 / 0100 | Iter 0003 / 0003 | Time 0.0s | Iter Loss 728.5291 | Iter Mean Loss 815.5391
2020-10-29 18:18:28,106 - root - INFO - Evaluate: Epoch 0034 | NDCG 0.1412 | MSE 1.1201
2020-10-29 18:18:28,116 - root - INFO - Training: Epoch 0035 / 0100 | Iter 0000 / 0003 | Time 0.0s | Iter Loss 1322.9330 | Iter Mean Loss 1322.9330
2020-10-29 18:18:28,125 - root - INFO - Training: Epoch 0035 / 0100 | Iter 0001 / 0003 | Time 0.0s | Iter Loss 912.0490 | Iter Mean Loss 1117.4910
2020-10-29 18:18:28,134 - root - INFO - Training: Epoch 0035 / 0100 | Iter 0002 / 0003 | Time 0.0s | Iter Loss 282.3082 | Iter Mean Loss 839.0967
2020-10-29 18:18:28,142 - root - INFO - Training: Epoch 0035 / 0100 | Iter 0003 / 0003 | Time 0.0s | Iter Loss 723.5068 | Iter Mean Loss 810.1992
2020-10-29 18:18:28,147 - root - INFO - Evaluate: Epoch 0035 | NDCG 0.1412 | MSE 1.1073
2020-10-29 18:18:28,158 - root - INFO - Training: Epoch 0036 / 0100 | Iter 0000 / 0003 | Time 0.0s | Iter Loss 1316.1056 | Iter Mean Loss 1316.1056
2020-10-29 18:18:28,168 - root - INFO - Training: Epoch 0036 / 0100 | Iter 0001 / 0003 | Time 0.0s | Iter Loss 905.5256 | Iter Mean Loss 1110.8156
2020-10-29 18:18:28,178 - root - INFO - Training: Epoch 0036 / 0100 | Iter 0002 / 0003 | Time 0.0s | Iter Loss 279.7916 | Iter Mean Loss 833.8076
2020-10-29 18:18:28,188 - root - INFO - Training: Epoch 0036 / 0100 | Iter 0003 / 0003 | Time 0.0s | Iter Loss 718.6121 | Iter Mean Loss 805.0087
2020-10-29 18:18:28,193 - root - INFO - Evaluate: Epoch 0036 | NDCG 0.1365 | MSE 1.0945
2020-10-29 18:18:28,205 - root - INFO - Training: Epoch 0037 / 0100 | Iter 0000 / 0003 | Time 0.0s | Iter Loss 1309.3677 | Iter Mean Loss 1309.3677
2020-10-29 18:18:28,217 - root - INFO - Training: Epoch 0037 / 0100 | Iter 0001 / 0003 | Time 0.0s | Iter Loss 899.1454 | Iter Mean Loss 1104.2566
2020-10-29 18:18:28,227 - root - INFO - Training: Epoch 0037 / 0100 | Iter 0002 / 0003 | Time 0.0s | Iter Loss 277.4376 | Iter Mean Loss 828.6502
2020-10-29 18:18:28,238 - root - INFO - Training: Epoch 0037 / 0100 | Iter 0003 / 0003 | Time 0.0s | Iter Loss 713.8237 | Iter Mean Loss 799.9436
2020-10-29 18:18:28,241 - root - INFO - Evaluate: Epoch 0037 | NDCG 0.1365 | MSE 1.0818
2020-10-29 18:18:28,252 - root - INFO - Training: Epoch 0038 / 0100 | Iter 0000 / 0003 | Time 0.0s | Iter Loss 1302.6882 | Iter Mean Loss 1302.6882
2020-10-29 18:18:28,262 - root - INFO - Training: Epoch 0038 / 0100 | Iter 0001 / 0003 | Time 0.0s | Iter Loss 892.8817 | Iter Mean Loss 1097.7849
2020-10-29 18:18:28,271 - root - INFO - Training: Epoch 0038 / 0100 | Iter 0002 / 0003 | Time 0.0s | Iter Loss 275.2219 | Iter Mean Loss 823.5973
2020-10-29 18:18:28,278 - root - INFO - Training: Epoch 0038 / 0100 | Iter 0003 / 0003 | Time 0.0s | Iter Loss 709.1167 | Iter Mean Loss 794.9771
2020-10-29 18:18:28,282 - root - INFO - Evaluate: Epoch 0038 | NDCG 0.1365 | MSE 1.0691
2020-10-29 18:18:28,292 - root - INFO - Training: Epoch 0039 / 0100 | Iter 0000 / 0003 | Time 0.0s | Iter Loss 1296.0338 | Iter Mean Loss 1296.0338
2020-10-29 18:18:28,301 - root - INFO - Training: Epoch 0039 / 0100 | Iter 0001 / 0003 | Time 0.0s | Iter Loss 886.7047 | Iter Mean Loss 1091.3692
2020-10-29 18:18:28,310 - root - INFO - Training: Epoch 0039 / 0100 | Iter 0002 / 0003 | Time 0.0s | Iter Loss 273.1188 | Iter Mean Loss 818.6191
2020-10-29 18:18:28,318 - root - INFO - Training: Epoch 0039 / 0100 | Iter 0003 / 0003 | Time 0.0s | Iter Loss 704.4637 | Iter Mean Loss 790.0803
2020-10-29 18:18:28,321 - root - INFO - Evaluate: Epoch 0039 | NDCG 0.1362 | MSE 1.0565
2020-10-29 18:18:28,331 - root - INFO - Training: Epoch 0040 / 0100 | Iter 0000 / 0003 | Time 0.0s | Iter Loss 1289.3715 | Iter Mean Loss 1289.3715
2020-10-29 18:18:28,340 - root - INFO - Training: Epoch 0040 / 0100 | Iter 0001 / 0003 | Time 0.0s | Iter Loss 880.5832 | Iter Mean Loss 1084.9773
2020-10-29 18:18:28,350 - root - INFO - Training: Epoch 0040 / 0100 | Iter 0002 / 0003 | Time 0.0s | Iter Loss 271.1025 | Iter Mean Loss 813.6857
2020-10-29 18:18:28,359 - root - INFO - Training: Epoch 0040 / 0100 | Iter 0003 / 0003 | Time 0.0s | Iter Loss 699.8367 | Iter Mean Loss 785.2234
2020-10-29 18:18:28,363 - root - INFO - Evaluate: Epoch 0040 | NDCG 0.1361 | MSE 1.0441
2020-10-29 18:18:28,373 - root - INFO - Training: Epoch 0041 / 0100 | Iter 0000 / 0003 | Time 0.0s | Iter Loss 1282.6678 | Iter Mean Loss 1282.6678
2020-10-29 18:18:28,383 - root - INFO - Training: Epoch 0041 / 0100 | Iter 0001 / 0003 | Time 0.0s | Iter Loss 874.4860 | Iter Mean Loss 1078.5769
2020-10-29 18:18:28,393 - root - INFO - Training: Epoch 0041 / 0100 | Iter 0002 / 0003 | Time 0.0s | Iter Loss 269.1479 | Iter Mean Loss 808.7673
2020-10-29 18:18:28,401 - root - INFO - Training: Epoch 0041 / 0100 | Iter 0003 / 0003 | Time 0.0s | Iter Loss 695.2077 | Iter Mean Loss 780.3774
2020-10-29 18:18:28,405 - root - INFO - Evaluate: Epoch 0041 | NDCG 0.1361 | MSE 1.0319
2020-10-29 18:18:28,416 - root - INFO - Training: Epoch 0042 / 0100 | Iter 0000 / 0003 | Time 0.0s | Iter Loss 1275.8917 | Iter Mean Loss 1275.8917
2020-10-29 18:18:28,427 - root - INFO - Training: Epoch 0042 / 0100 | Iter 0001 / 0003 | Time 0.0s | Iter Loss 868.3838 | Iter Mean Loss 1072.1378
2020-10-29 18:18:28,436 - root - INFO - Training: Epoch 0042 / 0100 | Iter 0002 / 0003 | Time 0.0s | Iter Loss 267.2320 | Iter Mean Loss 803.8358
2020-10-29 18:18:28,445 - root - INFO - Training: Epoch 0042 / 0100 | Iter 0003 / 0003 | Time 0.0s | Iter Loss 690.5508 | Iter Mean Loss 775.5146
2020-10-29 18:18:28,449 - root - INFO - Evaluate: Epoch 0042 | NDCG 0.1361 | MSE 1.0199
2020-10-29 18:18:28,459 - root - INFO - Training: Epoch 0043 / 0100 | Iter 0000 / 0003 | Time 0.0s | Iter Loss 1269.0146 | Iter Mean Loss 1269.0146
2020-10-29 18:18:28,468 - root - INFO - Training: Epoch 0043 / 0100 | Iter 0001 / 0003 | Time 0.0s | Iter Loss 862.2485 | Iter Mean Loss 1065.6316
2020-10-29 18:18:28,477 - root - INFO - Training: Epoch 0043 / 0100 | Iter 0002 / 0003 | Time 0.0s | Iter Loss 265.3340 | Iter Mean Loss 798.8657
2020-10-29 18:18:28,485 - root - INFO - Training: Epoch 0043 / 0100 | Iter 0003 / 0003 | Time 0.0s | Iter Loss 685.8431 | Iter Mean Loss 770.6101
2020-10-29 18:18:28,488 - root - INFO - Evaluate: Epoch 0043 | NDCG 0.1361 | MSE 1.0082
2020-10-29 18:18:28,498 - root - INFO - Training: Epoch 0044 / 0100 | Iter 0000 / 0003 | Time 0.0s | Iter Loss 1262.0114 | Iter Mean Loss 1262.0114
2020-10-29 18:18:28,507 - root - INFO - Training: Epoch 0044 / 0100 | Iter 0001 / 0003 | Time 0.0s | Iter Loss 856.0558 | Iter Mean Loss 1059.0336
2020-10-29 18:18:28,516 - root - INFO - Training: Epoch 0044 / 0100 | Iter 0002 / 0003 | Time 0.0s | Iter Loss 263.4362 | Iter Mean Loss 793.8345
2020-10-29 18:18:28,524 - root - INFO - Training: Epoch 0044 / 0100 | Iter 0003 / 0003 | Time 0.0s | Iter Loss 681.0649 | Iter Mean Loss 765.6421
2020-10-29 18:18:28,528 - root - INFO - Evaluate: Epoch 0044 | NDCG 0.1361 | MSE 0.9969
2020-10-29 18:18:28,537 - root - INFO - Training: Epoch 0045 / 0100 | Iter 0000 / 0003 | Time 0.0s | Iter Loss 1254.8601 | Iter Mean Loss 1254.8601
2020-10-29 18:18:28,546 - root - INFO - Training: Epoch 0045 / 0100 | Iter 0001 / 0003 | Time 0.0s | Iter Loss 849.7842 | Iter Mean Loss 1052.3221
2020-10-29 18:18:28,556 - root - INFO - Training: Epoch 0045 / 0100 | Iter 0002 / 0003 | Time 0.0s | Iter Loss 261.5239 | Iter Mean Loss 788.7227
2020-10-29 18:18:28,564 - root - INFO - Training: Epoch 0045 / 0100 | Iter 0003 / 0003 | Time 0.0s | Iter Loss 676.2003 | Iter Mean Loss 760.5921
2020-10-29 18:18:28,568 - root - INFO - Evaluate: Epoch 0045 | NDCG 0.1361 | MSE 0.9859
2020-10-29 18:18:28,578 - root - INFO - Training: Epoch 0046 / 0100 | Iter 0000 / 0003 | Time 0.0s | Iter Loss 1247.5426 | Iter Mean Loss 1247.5426
2020-10-29 18:18:28,588 - root - INFO - Training: Epoch 0046 / 0100 | Iter 0001 / 0003 | Time 0.0s | Iter Loss 843.4162 | Iter Mean Loss 1045.4794
2020-10-29 18:18:28,597 - root - INFO - Training: Epoch 0046 / 0100 | Iter 0002 / 0003 | Time 0.0s | Iter Loss 259.5849 | Iter Mean Loss 783.5146
2020-10-29 18:18:28,607 - root - INFO - Training: Epoch 0046 / 0100 | Iter 0003 / 0003 | Time 0.0s | Iter Loss 671.2365 | Iter Mean Loss 755.4450
2020-10-29 18:18:28,610 - root - INFO - Evaluate: Epoch 0046 | NDCG 0.1316 | MSE 0.9753
2020-10-29 18:18:28,621 - root - INFO - Training: Epoch 0047 / 0100 | Iter 0000 / 0003 | Time 0.0s | Iter Loss 1240.0443 | Iter Mean Loss 1240.0443
2020-10-29 18:18:28,631 - root - INFO - Training: Epoch 0047 / 0100 | Iter 0001 / 0003 | Time 0.0s | Iter Loss 836.9380 | Iter Mean Loss 1038.4911
2020-10-29 18:18:28,641 - root - INFO - Training: Epoch 0047 / 0100 | Iter 0002 / 0003 | Time 0.0s | Iter Loss 257.6101 | Iter Mean Loss 778.1975
2020-10-29 18:18:28,650 - root - INFO - Training: Epoch 0047 / 0100 | Iter 0003 / 0003 | Time 0.0s | Iter Loss 666.1641 | Iter Mean Loss 750.1891
2020-10-29 18:18:28,654 - root - INFO - Evaluate: Epoch 0047 | NDCG 0.1316 | MSE 0.9651
2020-10-29 18:18:28,664 - root - INFO - Training: Epoch 0048 / 0100 | Iter 0000 / 0003 | Time 0.0s | Iter Loss 1232.3521 | Iter Mean Loss 1232.3521
2020-10-29 18:18:28,673 - root - INFO - Training: Epoch 0048 / 0100 | Iter 0001 / 0003 | Time 0.0s | Iter Loss 830.3384 | Iter Mean Loss 1031.3452
2020-10-29 18:18:28,682 - root - INFO - Training: Epoch 0048 / 0100 | Iter 0002 / 0003 | Time 0.0s | Iter Loss 255.5923 | Iter Mean Loss 772.7609
2020-10-29 18:18:28,690 - root - INFO - Training: Epoch 0048 / 0100 | Iter 0003 / 0003 | Time 0.0s | Iter Loss 660.9761 | Iter Mean Loss 744.8147
2020-10-29 18:18:28,694 - root - INFO - Evaluate: Epoch 0048 | NDCG 0.1316 | MSE 0.9553
2020-10-29 18:18:28,703 - root - INFO - Training: Epoch 0049 / 0100 | Iter 0000 / 0003 | Time 0.0s | Iter Loss 1224.4561 | Iter Mean Loss 1224.4561
2020-10-29 18:18:28,712 - root - INFO - Training: Epoch 0049 / 0100 | Iter 0001 / 0003 | Time 0.0s | Iter Loss 823.6088 | Iter Mean Loss 1024.0324
2020-10-29 18:18:28,721 - root - INFO - Training: Epoch 0049 / 0100 | Iter 0002 / 0003 | Time 0.0s | Iter Loss 253.5264 | Iter Mean Loss 767.1971
2020-10-29 18:18:28,729 - root - INFO - Training: Epoch 0049 / 0100 | Iter 0003 / 0003 | Time 0.0s | Iter Loss 655.6682 | Iter Mean Loss 739.3149
2020-10-29 18:18:28,733 - root - INFO - Evaluate: Epoch 0049 | NDCG 0.1316 | MSE 0.9459
2020-10-29 18:18:28,742 - root - INFO - Training: Epoch 0050 / 0100 | Iter 0000 / 0003 | Time 0.0s | Iter Loss 1216.3486 | Iter Mean Loss 1216.3486
2020-10-29 18:18:28,751 - root - INFO - Training: Epoch 0050 / 0100 | Iter 0001 / 0003 | Time 0.0s | Iter Loss 816.7432 | Iter Mean Loss 1016.5459
2020-10-29 18:18:28,761 - root - INFO - Training: Epoch 0050 / 0100 | Iter 0002 / 0003 | Time 0.0s | Iter Loss 251.4086 | Iter Mean Loss 761.5002
2020-10-29 18:18:28,769 - root - INFO - Training: Epoch 0050 / 0100 | Iter 0003 / 0003 | Time 0.0s | Iter Loss 650.2370 | Iter Mean Loss 733.6844
2020-10-29 18:18:28,773 - root - INFO - Evaluate: Epoch 0050 | NDCG 0.1316 | MSE 0.9369
2020-10-29 18:18:28,783 - root - INFO - Training: Epoch 0051 / 0100 | Iter 0000 / 0003 | Time 0.0s | Iter Loss 1208.0231 | Iter Mean Loss 1208.0231
2020-10-29 18:18:28,793 - root - INFO - Training: Epoch 0051 / 0100 | Iter 0001 / 0003 | Time 0.0s | Iter Loss 809.7376 | Iter Mean Loss 1008.8803
2020-10-29 18:18:28,803 - root - INFO - Training: Epoch 0051 / 0100 | Iter 0002 / 0003 | Time 0.0s | Iter Loss 249.2369 | Iter Mean Loss 755.6658
2020-10-29 18:18:28,812 - root - INFO - Training: Epoch 0051 / 0100 | Iter 0003 / 0003 | Time 0.0s | Iter Loss 644.6816 | Iter Mean Loss 727.9198
2020-10-29 18:18:28,816 - root - INFO - Evaluate: Epoch 0051 | NDCG 0.1314 | MSE 0.9284
2020-10-29 18:18:28,826 - root - INFO - Training: Epoch 0052 / 0100 | Iter 0000 / 0003 | Time 0.0s | Iter Loss 1199.4745 | Iter Mean Loss 1199.4745
2020-10-29 18:18:28,837 - root - INFO - Training: Epoch 0052 / 0100 | Iter 0001 / 0003 | Time 0.0s | Iter Loss 802.5901 | Iter Mean Loss 1001.0323
2020-10-29 18:18:28,847 - root - INFO - Training: Epoch 0052 / 0100 | Iter 0002 / 0003 | Time 0.0s | Iter Loss 247.0099 | Iter Mean Loss 749.6915
2020-10-29 18:18:28,855 - root - INFO - Training: Epoch 0052 / 0100 | Iter 0003 / 0003 | Time 0.0s | Iter Loss 639.0013 | Iter Mean Loss 722.0190
2020-10-29 18:18:28,859 - root - INFO - Evaluate: Epoch 0052 | NDCG 0.1185 | MSE 0.9203
2020-10-29 18:18:28,870 - root - INFO - Training: Epoch 0053 / 0100 | Iter 0000 / 0003 | Time 0.0s | Iter Loss 1190.6996 | Iter Mean Loss 1190.6996
2020-10-29 18:18:28,879 - root - INFO - Training: Epoch 0053 / 0100 | Iter 0001 / 0003 | Time 0.0s | Iter Loss 795.3003 | Iter Mean Loss 992.9999
2020-10-29 18:18:28,888 - root - INFO - Training: Epoch 0053 / 0100 | Iter 0002 / 0003 | Time 0.0s | Iter Loss 244.7279 | Iter Mean Loss 743.5759
2020-10-29 18:18:28,897 - root - INFO - Training: Epoch 0053 / 0100 | Iter 0003 / 0003 | Time 0.0s | Iter Loss 633.1973 | Iter Mean Loss 715.9813
2020-10-29 18:18:28,900 - root - INFO - Evaluate: Epoch 0053 | NDCG 0.1185 | MSE 0.9126
2020-10-29 18:18:28,910 - root - INFO - Training: Epoch 0054 / 0100 | Iter 0000 / 0003 | Time 0.0s | Iter Loss 1181.6969 | Iter Mean Loss 1181.6969
2020-10-29 18:18:28,919 - root - INFO - Training: Epoch 0054 / 0100 | Iter 0001 / 0003 | Time 0.0s | Iter Loss 787.8701 | Iter Mean Loss 984.7835
2020-10-29 18:18:28,927 - root - INFO - Training: Epoch 0054 / 0100 | Iter 0002 / 0003 | Time 0.0s | Iter Loss 242.3923 | Iter Mean Loss 737.3198
2020-10-29 18:18:28,935 - root - INFO - Training: Epoch 0054 / 0100 | Iter 0003 / 0003 | Time 0.0s | Iter Loss 627.2716 | Iter Mean Loss 709.8077
2020-10-29 18:18:28,939 - root - INFO - Evaluate: Epoch 0054 | NDCG 0.1185 | MSE 0.9054
2020-10-29 18:18:28,949 - root - INFO - Training: Epoch 0055 / 0100 | Iter 0000 / 0003 | Time 0.0s | Iter Loss 1172.4668 | Iter Mean Loss 1172.4668
2020-10-29 18:18:28,958 - root - INFO - Training: Epoch 0055 / 0100 | Iter 0001 / 0003 | Time 0.0s | Iter Loss 780.3030 | Iter Mean Loss 976.3849
2020-10-29 18:18:28,967 - root - INFO - Training: Epoch 0055 / 0100 | Iter 0002 / 0003 | Time 0.0s | Iter Loss 240.0055 | Iter Mean Loss 730.9251
2020-10-29 18:18:28,975 - root - INFO - Training: Epoch 0055 / 0100 | Iter 0003 / 0003 | Time 0.0s | Iter Loss 621.2277 | Iter Mean Loss 703.5007
2020-10-29 18:18:28,979 - root - INFO - Evaluate: Epoch 0055 | NDCG 0.1186 | MSE 0.8985
2020-10-29 18:18:28,989 - root - INFO - Training: Epoch 0056 / 0100 | Iter 0000 / 0003 | Time 0.0s | Iter Loss 1163.0117 | Iter Mean Loss 1163.0117
2020-10-29 18:18:29,000 - root - INFO - Training: Epoch 0056 / 0100 | Iter 0001 / 0003 | Time 0.0s | Iter Loss 772.6048 | Iter Mean Loss 967.8083
2020-10-29 18:18:29,009 - root - INFO - Training: Epoch 0056 / 0100 | Iter 0002 / 0003 | Time 0.0s | Iter Loss 237.5715 | Iter Mean Loss 724.3960
2020-10-29 18:18:29,018 - root - INFO - Training: Epoch 0056 / 0100 | Iter 0003 / 0003 | Time 0.0s | Iter Loss 615.0699 | Iter Mean Loss 697.0645
2020-10-29 18:18:29,022 - root - INFO - Evaluate: Epoch 0056 | NDCG 0.1186 | MSE 0.8920
2020-10-29 18:18:29,033 - root - INFO - Training: Epoch 0057 / 0100 | Iter 0000 / 0003 | Time 0.0s | Iter Loss 1153.3363 | Iter Mean Loss 1153.3363
2020-10-29 18:18:29,043 - root - INFO - Training: Epoch 0057 / 0100 | Iter 0001 / 0003 | Time 0.0s | Iter Loss 764.7837 | Iter Mean Loss 959.0600
2020-10-29 18:18:29,053 - root - INFO - Training: Epoch 0057 / 0100 | Iter 0002 / 0003 | Time 0.0s | Iter Loss 235.0956 | Iter Mean Loss 717.7385
2020-10-29 18:18:29,062 - root - INFO - Training: Epoch 0057 / 0100 | Iter 0003 / 0003 | Time 0.0s | Iter Loss 608.8041 | Iter Mean Loss 690.5049
2020-10-29 18:18:29,066 - root - INFO - Evaluate: Epoch 0057 | NDCG 0.1186 | MSE 0.8859
2020-10-29 18:18:29,076 - root - INFO - Training: Epoch 0058 / 0100 | Iter 0000 / 0003 | Time 0.0s | Iter Loss 1143.4479 | Iter Mean Loss 1143.4479
2020-10-29 18:18:29,085 - root - INFO - Training: Epoch 0058 / 0100 | Iter 0001 / 0003 | Time 0.0s | Iter Loss 756.8494 | Iter Mean Loss 950.1486
2020-10-29 18:18:29,094 - root - INFO - Training: Epoch 0058 / 0100 | Iter 0002 / 0003 | Time 0.0s | Iter Loss 232.5847 | Iter Mean Loss 710.9607
2020-10-29 18:18:29,102 - root - INFO - Training: Epoch 0058 / 0100 | Iter 0003 / 0003 | Time 0.0s | Iter Loss 602.4374 | Iter Mean Loss 683.8299
2020-10-29 18:18:29,105 - root - INFO - Evaluate: Epoch 0058 | NDCG 0.1186 | MSE 0.8801
2020-10-29 18:18:29,115 - root - INFO - Training: Epoch 0059 / 0100 | Iter 0000 / 0003 | Time 0.0s | Iter Loss 1133.3564 | Iter Mean Loss 1133.3564
2020-10-29 18:18:29,124 - root - INFO - Training: Epoch 0059 / 0100 | Iter 0001 / 0003 | Time 0.0s | Iter Loss 748.8141 | Iter Mean Loss 941.0853
2020-10-29 18:18:29,133 - root - INFO - Training: Epoch 0059 / 0100 | Iter 0002 / 0003 | Time 0.0s | Iter Loss 230.0471 | Iter Mean Loss 704.0726
2020-10-29 18:18:29,141 - root - INFO - Training: Epoch 0059 / 0100 | Iter 0003 / 0003 | Time 0.0s | Iter Loss 595.9780 | Iter Mean Loss 677.0489
2020-10-29 18:18:29,145 - root - INFO - Evaluate: Epoch 0059 | NDCG 0.1095 | MSE 0.8746
2020-10-29 18:18:29,155 - root - INFO - Training: Epoch 0060 / 0100 | Iter 0000 / 0003 | Time 0.0s | Iter Loss 1123.0748 | Iter Mean Loss 1123.0748
2020-10-29 18:18:29,164 - root - INFO - Training: Epoch 0060 / 0100 | Iter 0001 / 0003 | Time 0.0s | Iter Loss 740.6922 | Iter Mean Loss 931.8835
2020-10-29 18:18:29,173 - root - INFO - Training: Epoch 0060 / 0100 | Iter 0002 / 0003 | Time 0.0s | Iter Loss 227.4924 | Iter Mean Loss 697.0865
2020-10-29 18:18:29,182 - root - INFO - Training: Epoch 0060 / 0100 | Iter 0003 / 0003 | Time 0.0s | Iter Loss 589.4358 | Iter Mean Loss 670.1738
2020-10-29 18:18:29,186 - root - INFO - Evaluate: Epoch 0060 | NDCG 0.1095 | MSE 0.8694
2020-10-29 18:18:29,196 - root - INFO - Training: Epoch 0061 / 0100 | Iter 0000 / 0003 | Time 0.0s | Iter Loss 1112.6183 | Iter Mean Loss 1112.6183
2020-10-29 18:18:29,207 - root - INFO - Training: Epoch 0061 / 0100 | Iter 0001 / 0003 | Time 0.0s | Iter Loss 732.4998 | Iter Mean Loss 922.5591
2020-10-29 18:18:29,219 - root - INFO - Training: Epoch 0061 / 0100 | Iter 0002 / 0003 | Time 0.0s | Iter Loss 224.9316 | Iter Mean Loss 690.0166
2020-10-29 18:18:29,229 - root - INFO - Training: Epoch 0061 / 0100 | Iter 0003 / 0003 | Time 0.0s | Iter Loss 582.8215 | Iter Mean Loss 663.2178
2020-10-29 18:18:29,234 - root - INFO - Evaluate: Epoch 0061 | NDCG 0.1067 | MSE 0.8645
2020-10-29 18:18:29,246 - root - INFO - Training: Epoch 0062 / 0100 | Iter 0000 / 0003 | Time 0.0s | Iter Loss 1102.0046 | Iter Mean Loss 1102.0046
2020-10-29 18:18:29,257 - root - INFO - Training: Epoch 0062 / 0100 | Iter 0001 / 0003 | Time 0.0s | Iter Loss 724.2545 | Iter Mean Loss 913.1296
2020-10-29 18:18:29,269 - root - INFO - Training: Epoch 0062 / 0100 | Iter 0002 / 0003 | Time 0.0s | Iter Loss 222.3770 | Iter Mean Loss 682.8787
2020-10-29 18:18:29,277 - root - INFO - Training: Epoch 0062 / 0100 | Iter 0003 / 0003 | Time 0.0s | Iter Loss 576.1476 | Iter Mean Loss 656.1959
2020-10-29 18:18:29,280 - root - INFO - Evaluate: Epoch 0062 | NDCG 0.1095 | MSE 0.8598
2020-10-29 18:18:29,290 - root - INFO - Training: Epoch 0063 / 0100 | Iter 0000 / 0003 | Time 0.0s | Iter Loss 1091.2543 | Iter Mean Loss 1091.2543
2020-10-29 18:18:29,299 - root - INFO - Training: Epoch 0063 / 0100 | Iter 0001 / 0003 | Time 0.0s | Iter Loss 715.9760 | Iter Mean Loss 903.6151
2020-10-29 18:18:29,308 - root - INFO - Training: Epoch 0063 / 0100 | Iter 0002 / 0003 | Time 0.0s | Iter Loss 219.8416 | Iter Mean Loss 675.6906
2020-10-29 18:18:29,316 - root - INFO - Training: Epoch 0063 / 0100 | Iter 0003 / 0003 | Time 0.0s | Iter Loss 569.4268 | Iter Mean Loss 649.1247
2020-10-29 18:18:29,320 - root - INFO - Evaluate: Epoch 0063 | NDCG 0.1095 | MSE 0.8554
2020-10-29 18:18:29,329 - root - INFO - Training: Epoch 0064 / 0100 | Iter 0000 / 0003 | Time 0.0s | Iter Loss 1080.3903 | Iter Mean Loss 1080.3903
2020-10-29 18:18:29,338 - root - INFO - Training: Epoch 0064 / 0100 | Iter 0001 / 0003 | Time 0.0s | Iter Loss 707.6852 | Iter Mean Loss 894.0377
2020-10-29 18:18:29,347 - root - INFO - Training: Epoch 0064 / 0100 | Iter 0002 / 0003 | Time 0.0s | Iter Loss 217.3391 | Iter Mean Loss 668.4715
2020-10-29 18:18:29,355 - root - INFO - Training: Epoch 0064 / 0100 | Iter 0003 / 0003 | Time 0.0s | Iter Loss 562.6737 | Iter Mean Loss 642.0221
2020-10-29 18:18:29,359 - root - INFO - Evaluate: Epoch 0064 | NDCG 0.1095 | MSE 0.8511
2020-10-29 18:18:29,368 - root - INFO - Training: Epoch 0065 / 0100 | Iter 0000 / 0003 | Time 0.0s | Iter Loss 1069.4369 | Iter Mean Loss 1069.4369
2020-10-29 18:18:29,379 - root - INFO - Training: Epoch 0065 / 0100 | Iter 0001 / 0003 | Time 0.0s | Iter Loss 699.4033 | Iter Mean Loss 884.4201
2020-10-29 18:18:29,389 - root - INFO - Training: Epoch 0065 / 0100 | Iter 0002 / 0003 | Time 0.0s | Iter Loss 214.8835 | Iter Mean Loss 661.2412
2020-10-29 18:18:29,397 - root - INFO - Training: Epoch 0065 / 0100 | Iter 0003 / 0003 | Time 0.0s | Iter Loss 555.9030 | Iter Mean Loss 634.9067
2020-10-29 18:18:29,402 - root - INFO - Evaluate: Epoch 0065 | NDCG 0.1095 | MSE 0.8469
2020-10-29 18:18:29,414 - root - INFO - Training: Epoch 0066 / 0100 | Iter 0000 / 0003 | Time 0.0s | Iter Loss 1058.4205 | Iter Mean Loss 1058.4205
2020-10-29 18:18:29,426 - root - INFO - Training: Epoch 0066 / 0100 | Iter 0001 / 0003 | Time 0.0s | Iter Loss 691.1531 | Iter Mean Loss 874.7868
2020-10-29 18:18:29,437 - root - INFO - Training: Epoch 0066 / 0100 | Iter 0002 / 0003 | Time 0.0s | Iter Loss 212.4885 | Iter Mean Loss 654.0207
2020-10-29 18:18:29,447 - root - INFO - Training: Epoch 0066 / 0100 | Iter 0003 / 0003 | Time 0.0s | Iter Loss 549.1295 | Iter Mean Loss 627.7979
2020-10-29 18:18:29,451 - root - INFO - Evaluate: Epoch 0066 | NDCG 0.1186 | MSE 0.8429
2020-10-29 18:18:29,462 - root - INFO - Training: Epoch 0067 / 0100 | Iter 0000 / 0003 | Time 0.0s | Iter Loss 1047.3693 | Iter Mean Loss 1047.3693
2020-10-29 18:18:29,473 - root - INFO - Training: Epoch 0067 / 0100 | Iter 0001 / 0003 | Time 0.0s | Iter Loss 682.9565 | Iter Mean Loss 865.1629
2020-10-29 18:18:29,482 - root - INFO - Training: Epoch 0067 / 0100 | Iter 0002 / 0003 | Time 0.0s | Iter Loss 210.1677 | Iter Mean Loss 646.8311
2020-10-29 18:18:29,491 - root - INFO - Training: Epoch 0067 / 0100 | Iter 0003 / 0003 | Time 0.0s | Iter Loss 542.3694 | Iter Mean Loss 620.7157
2020-10-29 18:18:29,494 - root - INFO - Evaluate: Epoch 0067 | NDCG 0.1315 | MSE 0.8389
2020-10-29 18:18:29,504 - root - INFO - Training: Epoch 0068 / 0100 | Iter 0000 / 0003 | Time 0.0s | Iter Loss 1036.3115 | Iter Mean Loss 1036.3115
2020-10-29 18:18:29,513 - root - INFO - Training: Epoch 0068 / 0100 | Iter 0001 / 0003 | Time 0.0s | Iter Loss 674.8362 | Iter Mean Loss 855.5739
2020-10-29 18:18:29,522 - root - INFO - Training: Epoch 0068 / 0100 | Iter 0002 / 0003 | Time 0.0s | Iter Loss 207.9335 | Iter Mean Loss 639.6937
2020-10-29 18:18:29,530 - root - INFO - Training: Epoch 0068 / 0100 | Iter 0003 / 0003 | Time 0.0s | Iter Loss 535.6381 | Iter Mean Loss 613.6798
2020-10-29 18:18:29,533 - root - INFO - Evaluate: Epoch 0068 | NDCG 0.1315 | MSE 0.8350
2020-10-29 18:18:29,543 - root - INFO - Training: Epoch 0069 / 0100 | Iter 0000 / 0003 | Time 0.0s | Iter Loss 1025.2767 | Iter Mean Loss 1025.2767
2020-10-29 18:18:29,552 - root - INFO - Training: Epoch 0069 / 0100 | Iter 0001 / 0003 | Time 0.0s | Iter Loss 666.8140 | Iter Mean Loss 846.0454
2020-10-29 18:18:29,561 - root - INFO - Training: Epoch 0069 / 0100 | Iter 0002 / 0003 | Time 0.0s | Iter Loss 205.7973 | Iter Mean Loss 632.6293
2020-10-29 18:18:29,569 - root - INFO - Training: Epoch 0069 / 0100 | Iter 0003 / 0003 | Time 0.0s | Iter Loss 528.9516 | Iter Mean Loss 606.7099
2020-10-29 18:18:29,572 - root - INFO - Evaluate: Epoch 0069 | NDCG 0.1315 | MSE 0.8311
2020-10-29 18:18:29,583 - root - INFO - Training: Epoch 0070 / 0100 | Iter 0000 / 0003 | Time 0.0s | Iter Loss 1014.2942 | Iter Mean Loss 1014.2942
2020-10-29 18:18:29,593 - root - INFO - Training: Epoch 0070 / 0100 | Iter 0001 / 0003 | Time 0.0s | Iter Loss 658.9115 | Iter Mean Loss 836.6028
2020-10-29 18:18:29,602 - root - INFO - Training: Epoch 0070 / 0100 | Iter 0002 / 0003 | Time 0.0s | Iter Loss 203.7691 | Iter Mean Loss 625.6583
2020-10-29 18:18:29,611 - root - INFO - Training: Epoch 0070 / 0100 | Iter 0003 / 0003 | Time 0.0s | Iter Loss 522.3254 | Iter Mean Loss 599.8251
2020-10-29 18:18:29,615 - root - INFO - Evaluate: Epoch 0070 | NDCG 0.1315 | MSE 0.8272
2020-10-29 18:18:29,626 - root - INFO - Training: Epoch 0071 / 0100 | Iter 0000 / 0003 | Time 0.0s | Iter Loss 1003.3935 | Iter Mean Loss 1003.3935
2020-10-29 18:18:29,637 - root - INFO - Training: Epoch 0071 / 0100 | Iter 0001 / 0003 | Time 0.0s | Iter Loss 651.1487 | Iter Mean Loss 827.2711
2020-10-29 18:18:29,647 - root - INFO - Training: Epoch 0071 / 0100 | Iter 0002 / 0003 | Time 0.0s | Iter Loss 201.8572 | Iter Mean Loss 618.7998
2020-10-29 18:18:29,657 - root - INFO - Training: Epoch 0071 / 0100 | Iter 0003 / 0003 | Time 0.0s | Iter Loss 515.7747 | Iter Mean Loss 593.0435
2020-10-29 18:18:29,661 - root - INFO - Evaluate: Epoch 0071 | NDCG 0.1317 | MSE 0.8231
2020-10-29 18:18:29,672 - root - INFO - Training: Epoch 0072 / 0100 | Iter 0000 / 0003 | Time 0.0s | Iter Loss 992.6030 | Iter Mean Loss 992.6030
2020-10-29 18:18:29,682 - root - INFO - Training: Epoch 0072 / 0100 | Iter 0001 / 0003 | Time 0.0s | Iter Loss 643.5443 | Iter Mean Loss 818.0737
2020-10-29 18:18:29,692 - root - INFO - Training: Epoch 0072 / 0100 | Iter 0002 / 0003 | Time 0.0s | Iter Loss 200.0680 | Iter Mean Loss 612.0718
2020-10-29 18:18:29,700 - root - INFO - Training: Epoch 0072 / 0100 | Iter 0003 / 0003 | Time 0.0s | Iter Loss 509.3140 | Iter Mean Loss 586.3823
2020-10-29 18:18:29,704 - root - INFO - Evaluate: Epoch 0072 | NDCG 0.1319 | MSE 0.8191
2020-10-29 18:18:29,713 - root - INFO - Training: Epoch 0073 / 0100 | Iter 0000 / 0003 | Time 0.0s | Iter Loss 981.9503 | Iter Mean Loss 981.9503
2020-10-29 18:18:29,722 - root - INFO - Training: Epoch 0073 / 0100 | Iter 0001 / 0003 | Time 0.0s | Iter Loss 636.1158 | Iter Mean Loss 809.0331
2020-10-29 18:18:29,731 - root - INFO - Training: Epoch 0073 / 0100 | Iter 0002 / 0003 | Time 0.0s | Iter Loss 198.4056 | Iter Mean Loss 605.4906
2020-10-29 18:18:29,739 - root - INFO - Training: Epoch 0073 / 0100 | Iter 0003 / 0003 | Time 0.0s | Iter Loss 502.9573 | Iter Mean Loss 579.8573
2020-10-29 18:18:29,743 - root - INFO - Evaluate: Epoch 0073 | NDCG 0.1319 | MSE 0.8149
2020-10-29 18:18:29,752 - root - INFO - Training: Epoch 0074 / 0100 | Iter 0000 / 0003 | Time 0.0s | Iter Loss 971.4608 | Iter Mean Loss 971.4608
2020-10-29 18:18:29,761 - root - INFO - Training: Epoch 0074 / 0100 | Iter 0001 / 0003 | Time 0.0s | Iter Loss 628.8782 | Iter Mean Loss 800.1695
2020-10-29 18:18:29,770 - root - INFO - Training: Epoch 0074 / 0100 | Iter 0002 / 0003 | Time 0.0s | Iter Loss 196.8724 | Iter Mean Loss 599.0704
2020-10-29 18:18:29,778 - root - INFO - Training: Epoch 0074 / 0100 | Iter 0003 / 0003 | Time 0.0s | Iter Loss 496.7172 | Iter Mean Loss 573.4821
2020-10-29 18:18:29,782 - root - INFO - Evaluate: Epoch 0074 | NDCG 0.1319 | MSE 0.8105
2020-10-29 18:18:29,793 - root - INFO - Training: Epoch 0075 / 0100 | Iter 0000 / 0003 | Time 0.0s | Iter Loss 961.1574 | Iter Mean Loss 961.1574
2020-10-29 18:18:29,803 - root - INFO - Training: Epoch 0075 / 0100 | Iter 0001 / 0003 | Time 0.0s | Iter Loss 621.8441 | Iter Mean Loss 791.5007
2020-10-29 18:18:29,813 - root - INFO - Training: Epoch 0075 / 0100 | Iter 0002 / 0003 | Time 0.0s | Iter Loss 195.4682 | Iter Mean Loss 592.8232
2020-10-29 18:18:29,823 - root - INFO - Training: Epoch 0075 / 0100 | Iter 0003 / 0003 | Time 0.0s | Iter Loss 490.6050 | Iter Mean Loss 567.2687
2020-10-29 18:18:29,826 - root - INFO - Evaluate: Epoch 0075 | NDCG 0.1319 | MSE 0.8060
2020-10-29 18:18:29,838 - root - INFO - Training: Epoch 0076 / 0100 | Iter 0000 / 0003 | Time 0.0s | Iter Loss 951.0610 | Iter Mean Loss 951.0610
2020-10-29 18:18:29,848 - root - INFO - Training: Epoch 0076 / 0100 | Iter 0001 / 0003 | Time 0.0s | Iter Loss 615.0240 | Iter Mean Loss 783.0425
2020-10-29 18:18:29,858 - root - INFO - Training: Epoch 0076 / 0100 | Iter 0002 / 0003 | Time 0.0s | Iter Loss 194.1910 | Iter Mean Loss 586.7587
2020-10-29 18:18:29,867 - root - INFO - Training: Epoch 0076 / 0100 | Iter 0003 / 0003 | Time 0.0s | Iter Loss 484.6305 | Iter Mean Loss 561.2266
2020-10-29 18:18:29,871 - root - INFO - Evaluate: Epoch 0076 | NDCG 0.1319 | MSE 0.8014
2020-10-29 18:18:29,881 - root - INFO - Training: Epoch 0077 / 0100 | Iter 0000 / 0003 | Time 0.0s | Iter Loss 941.1884 | Iter Mean Loss 941.1884
2020-10-29 18:18:29,891 - root - INFO - Training: Epoch 0077 / 0100 | Iter 0001 / 0003 | Time 0.0s | Iter Loss 608.4252 | Iter Mean Loss 774.8068
2020-10-29 18:18:29,901 - root - INFO - Training: Epoch 0077 / 0100 | Iter 0002 / 0003 | Time 0.0s | Iter Loss 193.0364 | Iter Mean Loss 580.8833
2020-10-29 18:18:29,909 - root - INFO - Training: Epoch 0077 / 0100 | Iter 0003 / 0003 | Time 0.0s | Iter Loss 478.8018 | Iter Mean Loss 555.3629
2020-10-29 18:18:29,912 - root - INFO - Evaluate: Epoch 0077 | NDCG 0.1323 | MSE 0.7965
2020-10-29 18:18:29,922 - root - INFO - Training: Epoch 0078 / 0100 | Iter 0000 / 0003 | Time 0.0s | Iter Loss 931.5530 | Iter Mean Loss 931.5530
2020-10-29 18:18:29,931 - root - INFO - Training: Epoch 0078 / 0100 | Iter 0001 / 0003 | Time 0.0s | Iter Loss 602.0521 | Iter Mean Loss 766.8026
2020-10-29 18:18:29,940 - root - INFO - Training: Epoch 0078 / 0100 | Iter 0002 / 0003 | Time 0.0s | Iter Loss 191.9979 | Iter Mean Loss 575.2010
2020-10-29 18:18:29,948 - root - INFO - Training: Epoch 0078 / 0100 | Iter 0003 / 0003 | Time 0.0s | Iter Loss 473.1249 | Iter Mean Loss 549.6820
2020-10-29 18:18:29,952 - root - INFO - Evaluate: Epoch 0078 | NDCG 0.1723 | MSE 0.7915
2020-10-29 18:18:29,961 - root - INFO - Training: Epoch 0079 / 0100 | Iter 0000 / 0003 | Time 0.0s | Iter Loss 922.1650 | Iter Mean Loss 922.1650
2020-10-29 18:18:29,970 - root - INFO - Training: Epoch 0079 / 0100 | Iter 0001 / 0003 | Time 0.0s | Iter Loss 595.9062 | Iter Mean Loss 759.0356
2020-10-29 18:18:29,979 - root - INFO - Training: Epoch 0079 / 0100 | Iter 0002 / 0003 | Time 0.0s | Iter Loss 191.0676 | Iter Mean Loss 569.7129
2020-10-29 18:18:29,987 - root - INFO - Training: Epoch 0079 / 0100 | Iter 0003 / 0003 | Time 0.0s | Iter Loss 467.6036 | Iter Mean Loss 544.1856
2020-10-29 18:18:29,990 - root - INFO - Evaluate: Epoch 0079 | NDCG 0.1723 | MSE 0.7864
2020-10-29 18:18:30,000 - root - INFO - Training: Epoch 0080 / 0100 | Iter 0000 / 0003 | Time 0.0s | Iter Loss 913.0303 | Iter Mean Loss 913.0303
2020-10-29 18:18:30,010 - root - INFO - Training: Epoch 0080 / 0100 | Iter 0001 / 0003 | Time 0.0s | Iter Loss 589.9860 | Iter Mean Loss 751.5081
2020-10-29 18:18:30,019 - root - INFO - Training: Epoch 0080 / 0100 | Iter 0002 / 0003 | Time 0.0s | Iter Loss 190.2357 | Iter Mean Loss 564.4173
2020-10-29 18:18:30,027 - root - INFO - Training: Epoch 0080 / 0100 | Iter 0003 / 0003 | Time 0.0s | Iter Loss 462.2400 | Iter Mean Loss 538.8730
2020-10-29 18:18:30,032 - root - INFO - Evaluate: Epoch 0080 | NDCG 0.2464 | MSE 0.7810
2020-10-29 18:18:30,042 - root - INFO - Training: Epoch 0081 / 0100 | Iter 0000 / 0003 | Time 0.0s | Iter Loss 904.1517 | Iter Mean Loss 904.1517
2020-10-29 18:18:30,052 - root - INFO - Training: Epoch 0081 / 0100 | Iter 0001 / 0003 | Time 0.0s | Iter Loss 584.2876 | Iter Mean Loss 744.2196
2020-10-29 18:18:30,062 - root - INFO - Training: Epoch 0081 / 0100 | Iter 0002 / 0003 | Time 0.0s | Iter Loss 189.4914 | Iter Mean Loss 559.3102
2020-10-29 18:18:30,071 - root - INFO - Training: Epoch 0081 / 0100 | Iter 0003 / 0003 | Time 0.0s | Iter Loss 457.0338 | Iter Mean Loss 533.7411
2020-10-29 18:18:30,075 - root - INFO - Evaluate: Epoch 0081 | NDCG 0.2466 | MSE 0.7755
2020-10-29 18:18:30,086 - root - INFO - Training: Epoch 0082 / 0100 | Iter 0000 / 0003 | Time 0.0s | Iter Loss 895.5283 | Iter Mean Loss 895.5283
2020-10-29 18:18:30,096 - root - INFO - Training: Epoch 0082 / 0100 | Iter 0001 / 0003 | Time 0.0s | Iter Loss 578.8040 | Iter Mean Loss 737.1661
2020-10-29 18:18:30,106 - root - INFO - Training: Epoch 0082 / 0100 | Iter 0002 / 0003 | Time 0.0s | Iter Loss 188.8229 | Iter Mean Loss 554.3851
2020-10-29 18:18:30,114 - root - INFO - Training: Epoch 0082 / 0100 | Iter 0003 / 0003 | Time 0.0s | Iter Loss 451.9831 | Iter Mean Loss 528.7846
2020-10-29 18:18:30,118 - root - INFO - Evaluate: Epoch 0082 | NDCG 0.2515 | MSE 0.7698
2020-10-29 18:18:30,127 - root - INFO - Training: Epoch 0083 / 0100 | Iter 0000 / 0003 | Time 0.0s | Iter Loss 887.1567 | Iter Mean Loss 887.1567
2020-10-29 18:18:30,136 - root - INFO - Training: Epoch 0083 / 0100 | Iter 0001 / 0003 | Time 0.0s | Iter Loss 573.5261 | Iter Mean Loss 730.3414
2020-10-29 18:18:30,145 - root - INFO - Training: Epoch 0083 / 0100 | Iter 0002 / 0003 | Time 0.0s | Iter Loss 188.2179 | Iter Mean Loss 549.6336
2020-10-29 18:18:30,153 - root - INFO - Training: Epoch 0083 / 0100 | Iter 0003 / 0003 | Time 0.0s | Iter Loss 447.0841 | Iter Mean Loss 523.9962
2020-10-29 18:18:30,157 - root - INFO - Evaluate: Epoch 0083 | NDCG 0.2576 | MSE 0.7640
2020-10-29 18:18:30,166 - root - INFO - Training: Epoch 0084 / 0100 | Iter 0000 / 0003 | Time 0.0s | Iter Loss 879.0310 | Iter Mean Loss 879.0310
2020-10-29 18:18:30,175 - root - INFO - Training: Epoch 0084 / 0100 | Iter 0001 / 0003 | Time 0.0s | Iter Loss 568.4435 | Iter Mean Loss 723.7373
2020-10-29 18:18:30,184 - root - INFO - Training: Epoch 0084 / 0100 | Iter 0002 / 0003 | Time 0.0s | Iter Loss 187.6641 | Iter Mean Loss 545.0462
2020-10-29 18:18:30,192 - root - INFO - Training: Epoch 0084 / 0100 | Iter 0003 / 0003 | Time 0.0s | Iter Loss 442.3317 | Iter Mean Loss 519.3676
2020-10-29 18:18:30,196 - root - INFO - Evaluate: Epoch 0084 | NDCG 0.2589 | MSE 0.7581
2020-10-29 18:18:30,206 - root - INFO - Training: Epoch 0085 / 0100 | Iter 0000 / 0003 | Time 0.0s | Iter Loss 871.1436 | Iter Mean Loss 871.1436
2020-10-29 18:18:30,216 - root - INFO - Training: Epoch 0085 / 0100 | Iter 0001 / 0003 | Time 0.0s | Iter Loss 563.5449 | Iter Mean Loss 717.3442
2020-10-29 18:18:30,225 - root - INFO - Training: Epoch 0085 / 0100 | Iter 0002 / 0003 | Time 0.0s | Iter Loss 187.1494 | Iter Mean Loss 540.6126
2020-10-29 18:18:30,233 - root - INFO - Training: Epoch 0085 / 0100 | Iter 0003 / 0003 | Time 0.0s | Iter Loss 437.7201 | Iter Mean Loss 514.8895
2020-10-29 18:18:30,238 - root - INFO - Evaluate: Epoch 0085 | NDCG 0.2589 | MSE 0.7520
2020-10-29 18:18:30,249 - root - INFO - Training: Epoch 0086 / 0100 | Iter 0000 / 0003 | Time 0.0s | Iter Loss 863.4852 | Iter Mean Loss 863.4852
2020-10-29 18:18:30,259 - root - INFO - Training: Epoch 0086 / 0100 | Iter 0001 / 0003 | Time 0.0s | Iter Loss 558.8168 | Iter Mean Loss 711.1510
2020-10-29 18:18:30,268 - root - INFO - Training: Epoch 0086 / 0100 | Iter 0002 / 0003 | Time 0.0s | Iter Loss 186.6622 | Iter Mean Loss 536.3214
2020-10-29 18:18:30,277 - root - INFO - Training: Epoch 0086 / 0100 | Iter 0003 / 0003 | Time 0.0s | Iter Loss 433.2422 | Iter Mean Loss 510.5516
2020-10-29 18:18:30,281 - root - INFO - Evaluate: Epoch 0086 | NDCG 0.2685 | MSE 0.7459
2020-10-29 18:18:30,292 - root - INFO - Training: Epoch 0087 / 0100 | Iter 0000 / 0003 | Time 0.0s | Iter Loss 856.0464 | Iter Mean Loss 856.0464
2020-10-29 18:18:30,309 - root - INFO - Training: Epoch 0087 / 0100 | Iter 0001 / 0003 | Time 0.0s | Iter Loss 554.2469 | Iter Mean Loss 705.1467
2020-10-29 18:18:30,321 - root - INFO - Training: Epoch 0087 / 0100 | Iter 0002 / 0003 | Time 0.0s | Iter Loss 186.1918 | Iter Mean Loss 532.1617
2020-10-29 18:18:30,331 - root - INFO - Training: Epoch 0087 / 0100 | Iter 0003 / 0003 | Time 0.0s | Iter Loss 428.8907 | Iter Mean Loss 506.3440
2020-10-29 18:18:30,335 - root - INFO - Evaluate: Epoch 0087 | NDCG 0.2730 | MSE 0.7397
2020-10-29 18:18:30,349 - root - INFO - Training: Epoch 0088 / 0100 | Iter 0000 / 0003 | Time 0.0s | Iter Loss 848.8170 | Iter Mean Loss 848.8170
2020-10-29 18:18:30,364 - root - INFO - Training: Epoch 0088 / 0100 | Iter 0001 / 0003 | Time 0.0s | Iter Loss 549.8222 | Iter Mean Loss 699.3196
2020-10-29 18:18:30,377 - root - INFO - Training: Epoch 0088 / 0100 | Iter 0002 / 0003 | Time 0.0s | Iter Loss 185.7285 | Iter Mean Loss 528.1226
2020-10-29 18:18:30,387 - root - INFO - Training: Epoch 0088 / 0100 | Iter 0003 / 0003 | Time 0.0s | Iter Loss 424.6583 | Iter Mean Loss 502.2565
2020-10-29 18:18:30,393 - root - INFO - Evaluate: Epoch 0088 | NDCG 0.2735 | MSE 0.7334
2020-10-29 18:18:30,407 - root - INFO - Training: Epoch 0089 / 0100 | Iter 0000 / 0003 | Time 0.0s | Iter Loss 841.7864 | Iter Mean Loss 841.7864
2020-10-29 18:18:30,419 - root - INFO - Training: Epoch 0089 / 0100 | Iter 0001 / 0003 | Time 0.0s | Iter Loss 545.5301 | Iter Mean Loss 693.6582
2020-10-29 18:18:30,430 - root - INFO - Training: Epoch 0089 / 0100 | Iter 0002 / 0003 | Time 0.0s | Iter Loss 185.2642 | Iter Mean Loss 524.1935
2020-10-29 18:18:30,441 - root - INFO - Training: Epoch 0089 / 0100 | Iter 0003 / 0003 | Time 0.0s | Iter Loss 420.5377 | Iter Mean Loss 498.2796
2020-10-29 18:18:30,446 - root - INFO - Evaluate: Epoch 0089 | NDCG 0.2817 | MSE 0.7271
2020-10-29 18:18:30,459 - root - INFO - Training: Epoch 0090 / 0100 | Iter 0000 / 0003 | Time 0.0s | Iter Loss 834.9446 | Iter Mean Loss 834.9446
2020-10-29 18:18:30,473 - root - INFO - Training: Epoch 0090 / 0100 | Iter 0001 / 0003 | Time 0.0s | Iter Loss 541.3586 | Iter Mean Loss 688.1516
2020-10-29 18:18:30,486 - root - INFO - Training: Epoch 0090 / 0100 | Iter 0002 / 0003 | Time 0.0s | Iter Loss 184.7914 | Iter Mean Loss 520.3648
2020-10-29 18:18:30,498 - root - INFO - Training: Epoch 0090 / 0100 | Iter 0003 / 0003 | Time 0.0s | Iter Loss 416.5213 | Iter Mean Loss 494.4040
2020-10-29 18:18:30,503 - root - INFO - Evaluate: Epoch 0090 | NDCG 0.2817 | MSE 0.7208
2020-10-29 18:18:30,517 - root - INFO - Training: Epoch 0091 / 0100 | Iter 0000 / 0003 | Time 0.0s | Iter Loss 828.2816 | Iter Mean Loss 828.2816
2020-10-29 18:18:30,530 - root - INFO - Training: Epoch 0091 / 0100 | Iter 0001 / 0003 | Time 0.0s | Iter Loss 537.2968 | Iter Mean Loss 682.7892
2020-10-29 18:18:30,540 - root - INFO - Training: Epoch 0091 / 0100 | Iter 0002 / 0003 | Time 0.0s | Iter Loss 184.3044 | Iter Mean Loss 516.6276
2020-10-29 18:18:30,549 - root - INFO - Training: Epoch 0091 / 0100 | Iter 0003 / 0003 | Time 0.0s | Iter Loss 412.6026 | Iter Mean Loss 490.6213
2020-10-29 18:18:30,552 - root - INFO - Evaluate: Epoch 0091 | NDCG 0.2817 | MSE 0.7145
2020-10-29 18:18:30,562 - root - INFO - Training: Epoch 0092 / 0100 | Iter 0000 / 0003 | Time 0.0s | Iter Loss 821.7881 | Iter Mean Loss 821.7881
2020-10-29 18:18:30,571 - root - INFO - Training: Epoch 0092 / 0100 | Iter 0001 / 0003 | Time 0.0s | Iter Loss 533.3346 | Iter Mean Loss 677.5613
2020-10-29 18:18:30,580 - root - INFO - Training: Epoch 0092 / 0100 | Iter 0002 / 0003 | Time 0.0s | Iter Loss 183.7987 | Iter Mean Loss 512.9738
2020-10-29 18:18:30,588 - root - INFO - Training: Epoch 0092 / 0100 | Iter 0003 / 0003 | Time 0.0s | Iter Loss 408.7749 | Iter Mean Loss 486.9241
2020-10-29 18:18:30,591 - root - INFO - Evaluate: Epoch 0092 | NDCG 0.2817 | MSE 0.7082
2020-10-29 18:18:30,601 - root - INFO - Training: Epoch 0093 / 0100 | Iter 0000 / 0003 | Time 0.0s | Iter Loss 815.4551 | Iter Mean Loss 815.4551
2020-10-29 18:18:30,610 - root - INFO - Training: Epoch 0093 / 0100 | Iter 0001 / 0003 | Time 0.0s | Iter Loss 529.4626 | Iter Mean Loss 672.4589
2020-10-29 18:18:30,619 - root - INFO - Training: Epoch 0093 / 0100 | Iter 0002 / 0003 | Time 0.0s | Iter Loss 183.2708 | Iter Mean Loss 509.3962
2020-10-29 18:18:30,628 - root - INFO - Training: Epoch 0093 / 0100 | Iter 0003 / 0003 | Time 0.0s | Iter Loss 405.0322 | Iter Mean Loss 483.3052
2020-10-29 18:18:30,632 - root - INFO - Evaluate: Epoch 0093 | NDCG 0.2823 | MSE 0.7020
2020-10-29 18:18:30,643 - root - INFO - Training: Epoch 0094 / 0100 | Iter 0000 / 0003 | Time 0.0s | Iter Loss 809.2740 | Iter Mean Loss 809.2740
2020-10-29 18:18:30,653 - root - INFO - Training: Epoch 0094 / 0100 | Iter 0001 / 0003 | Time 0.0s | Iter Loss 525.6732 | Iter Mean Loss 667.4736
2020-10-29 18:18:30,664 - root - INFO - Training: Epoch 0094 / 0100 | Iter 0002 / 0003 | Time 0.0s | Iter Loss 182.7184 | Iter Mean Loss 505.8885
2020-10-29 18:18:30,673 - root - INFO - Training: Epoch 0094 / 0100 | Iter 0003 / 0003 | Time 0.0s | Iter Loss 401.3691 | Iter Mean Loss 479.7587
2020-10-29 18:18:30,677 - root - INFO - Evaluate: Epoch 0094 | NDCG 0.3495 | MSE 0.6957
2020-10-29 18:18:30,688 - root - INFO - Training: Epoch 0095 / 0100 | Iter 0000 / 0003 | Time 0.0s | Iter Loss 803.2371 | Iter Mean Loss 803.2371
2020-10-29 18:18:30,699 - root - INFO - Training: Epoch 0095 / 0100 | Iter 0001 / 0003 | Time 0.0s | Iter Loss 521.9586 | Iter Mean Loss 662.5978
2020-10-29 18:18:30,710 - root - INFO - Training: Epoch 0095 / 0100 | Iter 0002 / 0003 | Time 0.0s | Iter Loss 182.1402 | Iter Mean Loss 502.4453
2020-10-29 18:18:30,718 - root - INFO - Training: Epoch 0095 / 0100 | Iter 0003 / 0003 | Time 0.0s | Iter Loss 397.7805 | Iter Mean Loss 476.2791
2020-10-29 18:18:30,722 - root - INFO - Evaluate: Epoch 0095 | NDCG 0.3535 | MSE 0.6895
2020-10-29 18:18:30,731 - root - INFO - Training: Epoch 0096 / 0100 | Iter 0000 / 0003 | Time 0.0s | Iter Loss 797.3367 | Iter Mean Loss 797.3367
2020-10-29 18:18:30,741 - root - INFO - Training: Epoch 0096 / 0100 | Iter 0001 / 0003 | Time 0.0s | Iter Loss 518.3132 | Iter Mean Loss 657.8250
2020-10-29 18:18:30,750 - root - INFO - Training: Epoch 0096 / 0100 | Iter 0002 / 0003 | Time 0.0s | Iter Loss 181.5356 | Iter Mean Loss 499.0618
2020-10-29 18:18:30,757 - root - INFO - Training: Epoch 0096 / 0100 | Iter 0003 / 0003 | Time 0.0s | Iter Loss 394.2618 | Iter Mean Loss 472.8618
2020-10-29 18:18:30,761 - root - INFO - Evaluate: Epoch 0096 | NDCG 0.3016 | MSE 0.6834
2020-10-29 18:18:30,770 - root - INFO - Training: Epoch 0097 / 0100 | Iter 0000 / 0003 | Time 0.0s | Iter Loss 791.5661 | Iter Mean Loss 791.5661
2020-10-29 18:18:30,779 - root - INFO - Training: Epoch 0097 / 0100 | Iter 0001 / 0003 | Time 0.0s | Iter Loss 514.7316 | Iter Mean Loss 653.1488
2020-10-29 18:18:30,788 - root - INFO - Training: Epoch 0097 / 0100 | Iter 0002 / 0003 | Time 0.0s | Iter Loss 180.9048 | Iter Mean Loss 495.7342
2020-10-29 18:18:30,796 - root - INFO - Training: Epoch 0097 / 0100 | Iter 0003 / 0003 | Time 0.0s | Iter Loss 390.8089 | Iter Mean Loss 469.5029
2020-10-29 18:18:30,800 - root - INFO - Evaluate: Epoch 0097 | NDCG 0.3030 | MSE 0.6773
2020-10-29 18:18:30,809 - root - INFO - Training: Epoch 0098 / 0100 | Iter 0000 / 0003 | Time 0.0s | Iter Loss 785.9189 | Iter Mean Loss 785.9189
2020-10-29 18:18:30,820 - root - INFO - Training: Epoch 0098 / 0100 | Iter 0001 / 0003 | Time 0.0s | Iter Loss 511.2090 | Iter Mean Loss 648.5640
2020-10-29 18:18:30,831 - root - INFO - Training: Epoch 0098 / 0100 | Iter 0002 / 0003 | Time 0.0s | Iter Loss 180.2487 | Iter Mean Loss 492.4589
2020-10-29 18:18:30,840 - root - INFO - Training: Epoch 0098 / 0100 | Iter 0003 / 0003 | Time 0.0s | Iter Loss 387.4181 | Iter Mean Loss 466.1987
2020-10-29 18:18:30,844 - root - INFO - Evaluate: Epoch 0098 | NDCG 0.3030 | MSE 0.6713
2020-10-29 18:18:30,855 - root - INFO - Training: Epoch 0099 / 0100 | Iter 0000 / 0003 | Time 0.0s | Iter Loss 780.3891 | Iter Mean Loss 780.3891
2020-10-29 18:18:30,866 - root - INFO - Training: Epoch 0099 / 0100 | Iter 0001 / 0003 | Time 0.0s | Iter Loss 507.7421 | Iter Mean Loss 644.0656
2020-10-29 18:18:30,877 - root - INFO - Training: Epoch 0099 / 0100 | Iter 0002 / 0003 | Time 0.0s | Iter Loss 179.5685 | Iter Mean Loss 489.2332
2020-10-29 18:18:30,886 - root - INFO - Training: Epoch 0099 / 0100 | Iter 0003 / 0003 | Time 0.0s | Iter Loss 384.0862 | Iter Mean Loss 462.9465
2020-10-29 18:18:30,890 - root - INFO - Evaluate: Epoch 0099 | NDCG 0.3167 | MSE 0.6654
2020-10-29 18:18:30,890 - root - INFO - [!]-----------training done.
